<?xml version="1.0" encoding="UTF-8"?>
<testsuites>
  <testsuite name="CDISCFilteredData" timestamp="2023-02-03T15:15:17Z" hostname="b7f3c0161b11" tests="15" skipped="0" failures="1" errors="5" time="0.75">
    <testcase time="0.265" classname="CDISCFilteredData" name="load_and_set_datasets"/>
    <testcase time="0.022" classname="CDISCFilteredData" name="load_and_set_datasets"/>
    <testcase time="0.01" classname="CDISCFilteredData" name="load_and_set_datasets"/>
    <testcase time="0.002" classname="CDISCFilteredData" name="load_and_set_datasets"/>
    <testcase time="0.0470000000000002" classname="CDISCFilteredData" name="set_filter_state">
      <error type="error" message="Error in `super$initialize(x, x_reactive, varname, varlabel, input_dataname,  ('test-CDISCFilteredData.R:30')">Error in `super$initialize(x, x_reactive, varname, varlabel, input_dataname, 
    extract_type)`: argument "x_reactive" is missing, with no default
Backtrace:
 1. ChoicesFilterState$new(adsl$sex, varname = "sex")
      at test-CDISCFilteredData.R:30:2
 2. teal.slice (local) initialize(...)
 3. super$initialize(...)</error>
    </testcase>
    <testcase time="0.093" classname="CDISCFilteredData" name="get_call_for_child_dataset_includes_filter_call_for_parent_dataset"/>
    <testcase time="0.0310000000000001" classname="CDISCFilteredData" name="get_parentname_returns_the_parent_name_of_the_datasets"/>
    <testcase time="0.002" classname="CDISCFilteredData" name="get_parentname_returns_the_parent_name_of_the_datasets"/>
    <testcase time="0.0389999999999999" classname="CDISCFilteredData" name="get_varlabels_returns_the_column_labels_of_the_passed_dataset"/>
    <testcase time="0.00100000000000011" classname="CDISCFilteredData" name="get_varlabels_returns_the_column_labels_of_the_passed_dataset"/>
    <testcase time="0.0299999999999998" classname="CDISCFilteredData" name="get_filterable_varnames_does_not_return_child_duplicates">
      <error type="error" message="Error in `eval_bare(expr, quo_get_env(quo))`: attempt to apply non-function ('test-CDISCFilteredData.R:108')">Error in `eval_bare(expr, quo_get_env(quo))`: attempt to apply non-function
Backtrace:
 1. testthat::expect_identical(...)
      at test-CDISCFilteredData.R:108:2
 2. testthat::quasi_label(enquo(object), label, arg = "object")
 3. rlang::eval_bare(expr, quo_get_env(quo))</error>
    </testcase>
    <testcase time="0.0630000000000002" classname="CDISCFilteredData" name="get_filterable_varnames_does_not_return_child_non_filterable_variables">
      <error type="error" message="Error in `eval_bare(expr, quo_get_env(quo))`: attempt to apply non-function ('test-CDISCFilteredData.R:130')">Error in `eval_bare(expr, quo_get_env(quo))`: attempt to apply non-function
Backtrace:
 1. testthat::expect_identical(...)
      at test-CDISCFilteredData.R:130:2
 2. testthat::quasi_label(enquo(object), label, arg = "object")
 3. rlang::eval_bare(expr, quo_get_env(quo))</error>
    </testcase>
    <testcase time="0.0449999999999999" classname="CDISCFilteredData" name="get_filterable_varnames_return_all_filterable_variables_from_parent_dataset">
      <error type="error" message="Error in `eval_bare(expr, quo_get_env(quo))`: attempt to apply non-function ('test-CDISCFilteredData.R:149')">Error in `eval_bare(expr, quo_get_env(quo))`: attempt to apply non-function
Backtrace:
 1. testthat::expect_identical(...)
      at test-CDISCFilteredData.R:149:2
 2. testthat::quasi_label(enquo(object), label, arg = "object")
 3. rlang::eval_bare(expr, quo_get_env(quo))</error>
    </testcase>
    <testcase time="0.0489999999999999" classname="CDISCFilteredData" name="get_filterable_varnames_does_not_return_duplicates_from_parent_even_if_they_are_not_filterable">
      <error type="error" message="Error in `eval_bare(expr, quo_get_env(quo))`: attempt to apply non-function ('test-CDISCFilteredData.R:177')">Error in `eval_bare(expr, quo_get_env(quo))`: attempt to apply non-function
Backtrace:
 1. testthat::expect_identical(...)
      at test-CDISCFilteredData.R:177:2
 2. testthat::quasi_label(enquo(object), label, arg = "object")
 3. rlang::eval_bare(expr, quo_get_env(quo))</error>
    </testcase>
    <testcase time="0.0509999999999999" classname="CDISCFilteredData" name="set_filter_state_returns_warning_when_setting_a_filter_on_a_column_which_belongs_to_parent_dataset">
      <failure type="failure" message="`shiny::isolate(fd$set_filter_state(list(ADTTE = list(USUBJID = &quot;1&quot;))))` did not produce any warnings. ('test-CDISCFilteredData.R:200')">`shiny::isolate(fd$set_filter_state(list(ADTTE = list(USUBJID = "1"))))` did not produce any warnings.</failure>
    </testcase>
  </testsuite>
  <testsuite name="ChoicesFilterState" timestamp="2023-02-03T15:15:18Z" hostname="b7f3c0161b11" tests="14" skipped="0" failures="2" errors="10" time="0.283">
    <testcase time="0.0380000000000003" classname="ChoicesFilterState" name="The_constructor_accepts_character_or_factor">
      <failure type="failure" message="Expected `ChoicesFilterState$new(&quot;test&quot;, varname = &quot;test&quot;)` to run without any errors. ('test-ChoicesFilterState.R:2')">Expected `ChoicesFilterState$new("test", varname = "test")` to run without any errors.
ℹ Actually got a &lt;simpleError&gt;:
  Error in `super$initialize()`:
  ! argument "x_reactive" is missing, with no default</failure>
    </testcase>
    <testcase time="0.0089999999999999" classname="ChoicesFilterState" name="The_constructor_accepts_character_or_factor"/>
    <testcase time="0.0139999999999998" classname="ChoicesFilterState" name="The_constructor_accepts_character_or_factor">
      <failure type="failure" message="Expected `ChoicesFilterState$new(as.factor(&quot;test&quot;), varname = &quot;test&quot;)` to run without any errors. ('test-ChoicesFilterState.R:3')">Expected `ChoicesFilterState$new(as.factor("test"), varname = "test")` to run without any errors.
ℹ Actually got a &lt;simpleError&gt;:
  Error in `super$initialize()`:
  ! argument "x_reactive" is missing, with no default</failure>
    </testcase>
    <testcase time="0.00900000000000034" classname="ChoicesFilterState" name="The_constructor_accepts_character_or_factor"/>
    <testcase time="0.00699999999999967" classname="ChoicesFilterState" name="get_call_returns_a_condition_true_for_values_passed_in_constructor">
      <error type="error" message="Error in `super$initialize(x, x_reactive, varname, varlabel, input_dataname,  ('test-ChoicesFilterState.R:7')">Error in `super$initialize(x, x_reactive, varname, varlabel, input_dataname, 
    extract_type)`: argument "x_reactive" is missing, with no default
Backtrace:
 1. ChoicesFilterState$new("test", varname = "test")
      at test-ChoicesFilterState.R:7:2
 2. teal.slice (local) initialize(...)
 3. super$initialize(...)</error>
    </testcase>
    <testcase time="0.0230000000000001" classname="ChoicesFilterState" name="get_call_returns_a_condition_true_for_the_values_passed_to_set_selected">
      <error type="error" message="Error in `super$initialize(x, x_reactive, varname, varlabel, input_dataname,  ('test-ChoicesFilterState.R:17')">Error in `super$initialize(x, x_reactive, varname, varlabel, input_dataname, 
    extract_type)`: argument "x_reactive" is missing, with no default
Backtrace:
 1. ChoicesFilterState$new(c(letters[1:7]), varname = "test")
      at test-ChoicesFilterState.R:17:2
 2. teal.slice (local) initialize(...)
 3. super$initialize(...)</error>
    </testcase>
    <testcase time="0.0270000000000001" classname="ChoicesFilterState" name="get_call_returns_a_condition_returning_NA_for_NA_values">
      <error type="error" message="Error in `super$initialize(x, x_reactive, varname, varlabel, input_dataname,  ('test-ChoicesFilterState.R:24')">Error in `super$initialize(x, x_reactive, varname, varlabel, input_dataname, 
    extract_type)`: argument "x_reactive" is missing, with no default
Backtrace:
 1. ChoicesFilterState$new("test", varname = "test")
      at test-ChoicesFilterState.R:24:2
 2. teal.slice (local) initialize(...)
 3. super$initialize(...)</error>
    </testcase>
    <testcase time="0.0219999999999998" classname="ChoicesFilterState" name="get_call_returns_a_condition_true_for_NA_values">
      <error type="error" message="Error in `super$initialize(x, x_reactive, varname, varlabel, input_dataname,  ('test-ChoicesFilterState.R:30')">Error in `super$initialize(x, x_reactive, varname, varlabel, input_dataname, 
    extract_type)`: argument "x_reactive" is missing, with no default
Backtrace:
 1. ChoicesFilterState$new("test", varname = "test")
      at test-ChoicesFilterState.R:30:2
 2. teal.slice (local) initialize(...)
 3. super$initialize(...)</error>
    </testcase>
    <testcase time="0.0220000000000002" classname="ChoicesFilterState" name="set_selected_warns_when_selection_not_within_allowed_choices">
      <error type="error" message="Error in `super$initialize(x, x_reactive, varname, varlabel, input_dataname,  ('test-ChoicesFilterState.R:37')">Error in `super$initialize(x, x_reactive, varname, varlabel, input_dataname, 
    extract_type)`: argument "x_reactive" is missing, with no default
Backtrace:
 1. ChoicesFilterState$new("test", varname = "test")
      at test-ChoicesFilterState.R:37:2
 2. teal.slice (local) initialize(...)
 3. super$initialize(...)</error>
    </testcase>
    <testcase time="0.0219999999999998" classname="ChoicesFilterState" name="set_selected_sets_the_intersection_of_choices_and_the_passed_values">
      <error type="error" message="Error in `super$initialize(x, x_reactive, varname, varlabel, input_dataname,  ('test-ChoicesFilterState.R:42')">Error in `super$initialize(x, x_reactive, varname, varlabel, input_dataname, 
    extract_type)`: argument "x_reactive" is missing, with no default
Backtrace:
 1. ChoicesFilterState$new(c("test1", "test2"), varname = "test")
      at test-ChoicesFilterState.R:42:2
 2. teal.slice (local) initialize(...)
 3. super$initialize(...)</error>
    </testcase>
    <testcase time="0.0220000000000002" classname="ChoicesFilterState" name="set_state_needs_a_named_list_with_selected_and_keep_na_elements">
      <error type="error" message="Error in `super$initialize(x, x_reactive, varname, varlabel, input_dataname,  ('test-ChoicesFilterState.R:48')">Error in `super$initialize(x, x_reactive, varname, varlabel, input_dataname, 
    extract_type)`: argument "x_reactive" is missing, with no default
Backtrace:
 1. ChoicesFilterState$new(x = c("a", "b", NA_character_), varname = "test")
      at test-ChoicesFilterState.R:48:2
 2. teal.slice (local) initialize(...)
 3. super$initialize(...)</error>
    </testcase>
    <testcase time="0.0230000000000001" classname="ChoicesFilterState" name="set_state_sets_values_of_selected_and_keep_na_as_provided_in_the_list">
      <error type="error" message="Error in `super$initialize(x, x_reactive, varname, varlabel, input_dataname,  ('test-ChoicesFilterState.R:54')">Error in `super$initialize(x, x_reactive, varname, varlabel, input_dataname, 
    extract_type)`: argument "x_reactive" is missing, with no default
Backtrace:
 1. ChoicesFilterState$new(x = c("a", "b", NA_character_), varname = "test")
      at test-ChoicesFilterState.R:54:2
 2. teal.slice (local) initialize(...)
 3. super$initialize(...)</error>
    </testcase>
    <testcase time="0.0229999999999997" classname="ChoicesFilterState" name="set_state_overwrites_fields_included_in_the_input_only">
      <error type="error" message="Error in `super$initialize(x, x_reactive, varname, varlabel, input_dataname,  ('test-ChoicesFilterState.R:61')">Error in `super$initialize(x, x_reactive, varname, varlabel, input_dataname, 
    extract_type)`: argument "x_reactive" is missing, with no default
Backtrace:
 1. ChoicesFilterState$new(x = c("a", "b", NA_character_), varname = "test")
      at test-ChoicesFilterState.R:61:2
 2. teal.slice (local) initialize(...)
 3. super$initialize(...)</error>
    </testcase>
    <testcase time="0.0220000000000002" classname="ChoicesFilterState" name="ChoicesFilterState_is_any_filtered_works_properly_when_NA_is_present_in_data">
      <error type="error" message="Error in `super$initialize(x, x_reactive, varname, varlabel, input_dataname,  ('test-ChoicesFilterState.R:71')">Error in `super$initialize(x, x_reactive, varname, varlabel, input_dataname, 
    extract_type)`: argument "x_reactive" is missing, with no default
Backtrace:
 1. teal.slice:::ChoicesFilterState$new(...)
      at test-ChoicesFilterState.R:71:4
 2. teal.slice (local) initialize(...)
 3. super$initialize(...)</error>
    </testcase>
  </testsuite>
  <testsuite name="DFFilterStates" timestamp="2023-02-03T15:15:18Z" hostname="b7f3c0161b11" tests="16" skipped="0" failures="1" errors="14" time="0.362">
    <testcase time="0.0499999999999998" classname="DFFilterStates" name="The_contructor_accepts_a_string_as_varlabels_and_keys">
      <failure type="failure" message="Expected `DFFilterStates$new(...)` to run without any errors. ('test-DFFilterStates.R:2')">Expected `DFFilterStates$new(...)` to run without any errors.
ℹ Actually got a &lt;simpleError&gt;:
  Error in `super$initialize()`:
  ! argument "data" is missing, with no default</failure>
    </testcase>
    <testcase time="0.0089999999999999" classname="DFFilterStates" name="The_contructor_accepts_a_string_as_varlabels_and_keys"/>
    <testcase time="0.00600000000000023" classname="DFFilterStates" name="get_fun_returns_dplyr_filter">
      <error type="error" message="Error in `super$initialize(data, data_reactive, input_dataname, output_dataname,  ('test-DFFilterStates.R:12')">Error in `super$initialize(data, data_reactive, input_dataname, output_dataname, 
    datalabel)`: argument "data" is missing, with no default
Backtrace:
 1. DFFilterStates$new(...)
      at test-DFFilterStates.R:12:2
 2. teal.slice (local) initialize(...)
 3. super$initialize(...)</error>
    </testcase>
    <testcase time="0.0209999999999999" classname="DFFilterStates" name="DFFilterStates_set_filter_state_sets_filters_in_FilterState_s_specified_by_the_named_list">
      <error type="error" message="Error in `super$initialize(data, data_reactive, input_dataname, output_dataname,  ('test-DFFilterStates.R:25')">Error in `super$initialize(data, data_reactive, input_dataname, output_dataname, 
    datalabel)`: argument "data" is missing, with no default
Backtrace:
 1. DFFilterStates$new(...)
      at test-DFFilterStates.R:25:4
 2. teal.slice (local) initialize(...)
 3. super$initialize(...)</error>
    </testcase>
    <testcase time="0.0220000000000002" classname="DFFilterStates" name="DFFilterStates_set_filter_state_sets_filters_as_a_named_unnamed_selected_list">
      <error type="error" message="Error in `super$initialize(data, data_reactive, input_dataname, output_dataname,  ('test-DFFilterStates.R:51')">Error in `super$initialize(data, data_reactive, input_dataname, output_dataname, 
    datalabel)`: argument "data" is missing, with no default
Backtrace:
 1. DFFilterStates$new(...)
      at test-DFFilterStates.R:51:2
 2. teal.slice (local) initialize(...)
 3. super$initialize(...)</error>
    </testcase>
    <testcase time="0.0209999999999999" classname="DFFilterStates" name="DFFilterStates_set_filter_state_updates_filter_state_which_was_set_already">
      <error type="error" message="Error in `super$initialize(data, data_reactive, input_dataname, output_dataname,  ('test-DFFilterStates.R:76')">Error in `super$initialize(data, data_reactive, input_dataname, output_dataname, 
    datalabel)`: argument "data" is missing, with no default
Backtrace:
 1. DFFilterStates$new(...)
      at test-DFFilterStates.R:76:2
 2. teal.slice (local) initialize(...)
 3. super$initialize(...)</error>
    </testcase>
    <testcase time="0.0209999999999999" classname="DFFilterStates" name="DFFilterStates_set_filter_state_throws_error_when_using_an_unnamed_list">
      <error type="error" message="Error in `super$initialize(data, data_reactive, input_dataname, output_dataname,  ('test-DFFilterStates.R:104')">Error in `super$initialize(data, data_reactive, input_dataname, output_dataname, 
    datalabel)`: argument "data" is missing, with no default
Backtrace:
 1. DFFilterStates$new(...)
      at test-DFFilterStates.R:104:4
 2. teal.slice (local) initialize(...)
 3. super$initialize(...)</error>
    </testcase>
    <testcase time="0.0209999999999999" classname="DFFilterStates" name="DFFilterStates_get_filter_state_returns_list_identical_to_input">
      <error type="error" message="Error in `super$initialize(data, data_reactive, input_dataname, output_dataname,  ('test-DFFilterStates.R:122')">Error in `super$initialize(data, data_reactive, input_dataname, output_dataname, 
    datalabel)`: argument "data" is missing, with no default
Backtrace:
 1. DFFilterStates$new(...)
      at test-DFFilterStates.R:122:4
 2. teal.slice (local) initialize(...)
 3. super$initialize(...)</error>
    </testcase>
    <testcase time="0.0409999999999999" classname="DFFilterStates" name="Selecting_a_new_variable_initializes_a_new_filter_state">
      <error type="error" message="Error in `super$initialize(data, data_reactive, input_dataname, output_dataname,  ('test-DFFilterStates.R:139')">Error in `super$initialize(data, data_reactive, input_dataname, output_dataname, 
    datalabel)`: argument "data" is missing, with no default
Backtrace:
 1. DFFilterStates$new(...)
      at test-DFFilterStates.R:139:2
 2. teal.slice (local) initialize(...)
 3. super$initialize(...)</error>
    </testcase>
    <testcase time="0.0220000000000002" classname="DFFilterStates" name="Adding_var_to_add_adds_another_filter_state">
      <error type="error" message="Error in `super$initialize(data, data_reactive, input_dataname, output_dataname,  ('test-DFFilterStates.R:172')">Error in `super$initialize(data, data_reactive, input_dataname, output_dataname, 
    datalabel)`: argument "data" is missing, with no default
Backtrace:
 1. DFFilterStates$new(...)
      at test-DFFilterStates.R:172:2
 2. teal.slice (local) initialize(...)
 3. super$initialize(...)</error>
    </testcase>
    <testcase time="0.0209999999999999" classname="DFFilterStates" name="DFFilterStates_remove_filter_state_removes_specified_filter_in_FilterState_s_">
      <error type="error" message="Error in `super$initialize(data, data_reactive, input_dataname, output_dataname,  ('test-DFFilterStates.R:203')">Error in `super$initialize(data, data_reactive, input_dataname, output_dataname, 
    datalabel)`: argument "data" is missing, with no default
Backtrace:
 1. DFFilterStates$new(...)
      at test-DFFilterStates.R:203:4
 2. teal.slice (local) initialize(...)
 3. super$initialize(...)</error>
    </testcase>
    <testcase time="0.0209999999999999" classname="DFFilterStates" name="DFFilterStates_remove_filter_state_throws_warning_when_name_is_not_in_FilterStates">
      <error type="error" message="Error in `super$initialize(data, data_reactive, input_dataname, output_dataname,  ('test-DFFilterStates.R:229')">Error in `super$initialize(data, data_reactive, input_dataname, output_dataname, 
    datalabel)`: argument "data" is missing, with no default
Backtrace:
 1. DFFilterStates$new(...)
      at test-DFFilterStates.R:229:4
 2. teal.slice (local) initialize(...)
 3. super$initialize(...)</error>
    </testcase>
    <testcase time="0.0220000000000002" classname="DFFilterStates" name="DFFilterStates_ui_add_filter_state_returns_a_message_inside_a_div_when_data_has_no_rows_or_no_columns">
      <error type="error" message="Error in `super$initialize(data, data_reactive, input_dataname, output_dataname,  ('test-DFFilterStates.R:249')">Error in `super$initialize(data, data_reactive, input_dataname, output_dataname, 
    datalabel)`: argument "data" is missing, with no default
Backtrace:
 1. DFFilterStates$new(...)
      at test-DFFilterStates.R:249:4
 2. teal.slice (local) initialize(...)
 3. super$initialize(...)</error>
    </testcase>
    <testcase time="0.0209999999999999" classname="DFFilterStates" name="_format_is_a_method_of_DFFilterStates">
      <error type="error" message="Error in `super$initialize(data, data_reactive, input_dataname, output_dataname,  ('test-DFFilterStates.R:269')">Error in `super$initialize(data, data_reactive, input_dataname, output_dataname, 
    datalabel)`: argument "data" is missing, with no default
Backtrace:
 1. DFFilterStates$new(...)
      at test-DFFilterStates.R:269:2
 2. teal.slice (local) initialize(...)
 3. super$initialize(...)</error>
    </testcase>
    <testcase time="0.0209999999999999" classname="DFFilterStates" name="_format_asserts_the_indent_argument_is_a_number">
      <error type="error" message="Error in `super$initialize(data, data_reactive, input_dataname, output_dataname,  ('test-DFFilterStates.R:281')">Error in `super$initialize(data, data_reactive, input_dataname, output_dataname, 
    datalabel)`: argument "data" is missing, with no default
Backtrace:
 1. DFFilterStates$new(...)
      at test-DFFilterStates.R:281:2
 2. teal.slice (local) initialize(...)
 3. super$initialize(...)</error>
    </testcase>
    <testcase time="0.0220000000000002" classname="DFFilterStates" name="_format_concatenates_its_FilterState_elements_using_n_without_additional_indent">
      <error type="error" message="Error in `super$initialize(data, data_reactive, input_dataname, output_dataname,  ('test-DFFilterStates.R:295')">Error in `super$initialize(data, data_reactive, input_dataname, output_dataname, 
    datalabel)`: argument "data" is missing, with no default
Backtrace:
 1. DFFilterStates$new(...)
      at test-DFFilterStates.R:295:2
 2. teal.slice (local) initialize(...)
 3. super$initialize(...)</error>
    </testcase>
  </testsuite>
  <testsuite name="DateFilterState" timestamp="2023-02-03T15:15:18Z" hostname="b7f3c0161b11" tests="19" skipped="0" failures="1" errors="17" time="0.42">
    <testcase time="0.0409999999999999" classname="DateFilterState" name="The_constructor_accepts_a_Date_object">
      <failure type="failure" message="Expected `DateFilterState$new(as.Date(&quot;2013-07-13&quot;), varname = &quot;test&quot;)` to run without any errors. ('test-DateFilterState.R:2')">Expected `DateFilterState$new(as.Date("2013-07-13"), varname = "test")` to run without any errors.
ℹ Actually got a &lt;simpleError&gt;:
  Error in `super$initialize()`:
  ! argument "x_reactive" is missing, with no default</failure>
    </testcase>
    <testcase time="0.0089999999999999" classname="DateFilterState" name="The_constructor_accepts_a_Date_object"/>
    <testcase time="0.00800000000000001" classname="DateFilterState" name="get_call_returns_a_condition_true_for_the_object_passed_in_the_constructor">
      <error type="error" message="Error in `super$initialize(x, x_reactive, varname, varlabel, input_dataname,  ('test-DateFilterState.R:7')">Error in `super$initialize(x, x_reactive, varname, varlabel, input_dataname, 
    extract_type)`: argument "x_reactive" is missing, with no default
Backtrace:
 1. DateFilterState$new(test_date, varname = "test_date")
      at test-DateFilterState.R:7:2
 2. teal.slice (local) initialize(...)
 3. super$initialize(...)</error>
    </testcase>
    <testcase time="0.0219999999999998" classname="DateFilterState" name="set_selected_accepts_an_array_of_two_Date_objects">
      <error type="error" message="Error in `super$initialize(x, x_reactive, varname, varlabel, input_dataname,  ('test-DateFilterState.R:13')">Error in `super$initialize(x, x_reactive, varname, varlabel, input_dataname, 
    extract_type)`: argument "x_reactive" is missing, with no default
Backtrace:
 1. DateFilterState$new(test_date, varname = "test_date")
      at test-DateFilterState.R:13:2
 2. teal.slice (local) initialize(...)
 3. super$initialize(...)</error>
    </testcase>
    <testcase time="0.0220000000000002" classname="DateFilterState" name="set_selected_warns_when_selection_is_not_within_the_possible_range">
      <error type="error" message="Error in `super$initialize(x, x_reactive, varname, varlabel, input_dataname,  ('test-DateFilterState.R:19')">Error in `super$initialize(x, x_reactive, varname, varlabel, input_dataname, 
    extract_type)`: argument "x_reactive" is missing, with no default
Backtrace:
 1. DateFilterState$new(test_date, varname = "test_date")
      at test-DateFilterState.R:19:2
 2. teal.slice (local) initialize(...)
 3. super$initialize(...)</error>
    </testcase>
    <testcase time="0.0230000000000001" classname="DateFilterState" name="set_selected_limits_the_selected_range_to_the_lower_and_the_upper_bound_of_the_possible_range">
      <error type="error" message="Error in `super$initialize(x, x_reactive, varname, varlabel, input_dataname,  ('test-DateFilterState.R:36')">Error in `super$initialize(x, x_reactive, varname, varlabel, input_dataname, 
    extract_type)`: argument "x_reactive" is missing, with no default
Backtrace:
 1. DateFilterState$new(test_date, varname = "test_date")
      at test-DateFilterState.R:36:2
 2. teal.slice (local) initialize(...)
 3. super$initialize(...)</error>
    </testcase>
    <testcase time="0.0219999999999998" classname="DateFilterState" name="set_selected_throws_when_selection_is_completely_outside_of_the_possible_range">
      <error type="error" message="Error in `super$initialize(x, x_reactive, varname, varlabel, input_dataname,  ('test-DateFilterState.R:49')">Error in `super$initialize(x, x_reactive, varname, varlabel, input_dataname, 
    extract_type)`: argument "x_reactive" is missing, with no default
Backtrace:
 1. DateFilterState$new(test_date, varname = "test_date")
      at test-DateFilterState.R:49:2
 2. teal.slice (local) initialize(...)
 3. super$initialize(...)</error>
    </testcase>
    <testcase time="0.0219999999999998" classname="DateFilterState" name="set_selected_throws_when_selection_is_not_Date">
      <error type="error" message="Error in `super$initialize(x, x_reactive, varname, varlabel, input_dataname,  ('test-DateFilterState.R:58')">Error in `super$initialize(x, x_reactive, varname, varlabel, input_dataname, 
    extract_type)`: argument "x_reactive" is missing, with no default
Backtrace:
 1. DateFilterState$new(test_date, varname = "test_date")
      at test-DateFilterState.R:58:2
 2. teal.slice (local) initialize(...)
 3. super$initialize(...)</error>
    </testcase>
    <testcase time="0.0210000000000004" classname="DateFilterState" name="get_call_returns_a_condition_true_for_the_objects_in_the_selected_range">
      <error type="error" message="Error in `super$initialize(x, x_reactive, varname, varlabel, input_dataname,  ('test-DateFilterState.R:67')">Error in `super$initialize(x, x_reactive, varname, varlabel, input_dataname, 
    extract_type)`: argument "x_reactive" is missing, with no default
Backtrace:
 1. DateFilterState$new(test_date, varname = "test_date")
      at test-DateFilterState.R:67:2
 2. teal.slice (local) initialize(...)
 3. super$initialize(...)</error>
    </testcase>
    <testcase time="0.0269999999999997" classname="DateFilterState" name="get_call_returns_a_condition_evaluating_to_NA_for_NA_values">
      <error type="error" message="Error in `super$initialize(x, x_reactive, varname, varlabel, input_dataname,  ('test-DateFilterState.R:78')">Error in `super$initialize(x, x_reactive, varname, varlabel, input_dataname, 
    extract_type)`: argument "x_reactive" is missing, with no default
Backtrace:
 1. DateFilterState$new(test_date, varname = "test_date")
      at test-DateFilterState.R:78:2
 2. teal.slice (local) initialize(...)
 3. super$initialize(...)</error>
    </testcase>
    <testcase time="0.0230000000000001" classname="DateFilterState" name="get_call_reutrns_a_condition_evaluating_to_TRUE_for_NA_values_after_set_keep_na_TRUE_">
      <error type="error" message="Error in `super$initialize(x, x_reactive, varname, varlabel, input_dataname,  ('test-DateFilterState.R:84')">Error in `super$initialize(x, x_reactive, varname, varlabel, input_dataname, 
    extract_type)`: argument "x_reactive" is missing, with no default
Backtrace:
 1. DateFilterState$new(test_date, varname = "test_date")
      at test-DateFilterState.R:84:2
 2. teal.slice (local) initialize(...)
 3. super$initialize(...)</error>
    </testcase>
    <testcase time="0.0220000000000002" classname="DateFilterState" name="set_state_accepts_a_named_list_with_selected_and_keep_na_elements">
      <error type="error" message="Error in `super$initialize(x, x_reactive, varname, varlabel, input_dataname,  ('test-DateFilterState.R:91')">Error in `super$initialize(x, x_reactive, varname, varlabel, input_dataname, 
    extract_type)`: argument "x_reactive" is missing, with no default
Backtrace:
 1. DateFilterState$new(test_date, varname = "test")
      at test-DateFilterState.R:91:2
 2. teal.slice (local) initialize(...)
 3. super$initialize(...)</error>
    </testcase>
    <testcase time="0.0219999999999998" classname="DateFilterState" name="set_state_sets_values_of_selected_and_keep_na_as_provided_in_the_list">
      <error type="error" message="Error in `super$initialize(x, x_reactive, varname, varlabel, input_dataname,  ('test-DateFilterState.R:101')">Error in `super$initialize(x, x_reactive, varname, varlabel, input_dataname, 
    extract_type)`: argument "x_reactive" is missing, with no default
Backtrace:
 1. DateFilterState$new(test_date, varname = "test")
      at test-DateFilterState.R:101:2
 2. teal.slice (local) initialize(...)
 3. super$initialize(...)</error>
    </testcase>
    <testcase time="0.0219999999999998" classname="DateFilterState" name="set_state_overwrites_fields_included_in_the_input_only">
      <error type="error" message="Error in `super$initialize(x, x_reactive, varname, varlabel, input_dataname,  ('test-DateFilterState.R:110')">Error in `super$initialize(x, x_reactive, varname, varlabel, input_dataname, 
    extract_type)`: argument "x_reactive" is missing, with no default
Backtrace:
 1. DateFilterState$new(test_date, varname = "test")
      at test-DateFilterState.R:110:2
 2. teal.slice (local) initialize(...)
 3. super$initialize(...)</error>
    </testcase>
    <testcase time="0.0220000000000002" classname="DateFilterState" name="DateFilterState_is_any_filtered_works_properly_when_NA_is_present_in_data">
      <error type="error" message="Error in `super$initialize(x, x_reactive, varname, varlabel, input_dataname,  ('test-DateFilterState.R:121')">Error in `super$initialize(x, x_reactive, varname, varlabel, input_dataname, 
    extract_type)`: argument "x_reactive" is missing, with no default
Backtrace:
 1. teal.slice:::DateFilterState$new(...)
      at test-DateFilterState.R:121:4
 2. teal.slice (local) initialize(...)
 3. super$initialize(...)</error>
    </testcase>
    <testcase time="0.0219999999999998" classname="DateFilterState" name="_format_is_a_FilterStates_s_method_that_accepts_indent">
      <error type="error" message="Error in `super$initialize(x, x_reactive, varname, varlabel, input_dataname,  ('test-DateFilterState.R:157')">Error in `super$initialize(x, x_reactive, varname, varlabel, input_dataname, 
    extract_type)`: argument "x_reactive" is missing, with no default
Backtrace:
 1. DateFilterState$new(test_date, varname = "test_date")
      at test-DateFilterState.R:157:2
 2. teal.slice (local) initialize(...)
 3. super$initialize(...)</error>
    </testcase>
    <testcase time="0.0270000000000001" classname="DateFilterState" name="_format_asserts_that_indent_is_numeric">
      <error type="error" message="Error in `super$initialize(x, x_reactive, varname, varlabel, input_dataname,  ('test-DateFilterState.R:163')">Error in `super$initialize(x, x_reactive, varname, varlabel, input_dataname, 
    extract_type)`: argument "x_reactive" is missing, with no default
Backtrace:
 1. DateFilterState$new(test_date, varname = "test_date")
      at test-DateFilterState.R:163:2
 2. teal.slice (local) initialize(...)
 3. super$initialize(...)</error>
    </testcase>
    <testcase time="0.0220000000000002" classname="DateFilterState" name="_format_returns_a_string_representation_the_FilterState_object">
      <error type="error" message="Error in `super$initialize(x, x_reactive, varname, varlabel, input_dataname,  ('test-DateFilterState.R:172')">Error in `super$initialize(x, x_reactive, varname, varlabel, input_dataname, 
    extract_type)`: argument "x_reactive" is missing, with no default
Backtrace:
 1. DateFilterState$new(test_date, varname = "test")
      at test-DateFilterState.R:172:2
 2. teal.slice (local) initialize(...)
 3. super$initialize(...)</error>
    </testcase>
    <testcase time="0.0209999999999999" classname="DateFilterState" name="_format_prepends_spaces_to_every_line_of_the_returned_string">
      <error type="error" message="Error in `super$initialize(x, x_reactive, varname, varlabel, input_dataname,  ('test-DateFilterState.R:187')">Error in `super$initialize(x, x_reactive, varname, varlabel, input_dataname, 
    extract_type)`: argument "x_reactive" is missing, with no default
Backtrace:
 1. DateFilterState$new(test_date, varname = "test")
      at test-DateFilterState.R:187:2
 2. teal.slice (local) initialize(...)
 3. super$initialize(...)</error>
    </testcase>
  </testsuite>
  <testsuite name="DatetimeFilterState" timestamp="2023-02-03T15:15:19Z" hostname="b7f3c0161b11" tests="22" skipped="0" failures="2" errors="18" time="0.469">
    <testcase time="0.0369999999999999" classname="DatetimeFilterState" name="The_constructor_accepts_a_POSIXct_or_POSIXlt_object">
      <failure type="failure" message="Expected `DatetimeFilterState$new(...)` to run without any errors. ('test-DatetimeFilterState.R:2')">Expected `DatetimeFilterState$new(...)` to run without any errors.
ℹ Actually got a &lt;simpleError&gt;:
  Error in `super$initialize()`:
  ! argument "x_reactive" is missing, with no default</failure>
    </testcase>
    <testcase time="0.00800000000000001" classname="DatetimeFilterState" name="The_constructor_accepts_a_POSIXct_or_POSIXlt_object"/>
    <testcase time="0.0139999999999998" classname="DatetimeFilterState" name="The_constructor_accepts_a_POSIXct_or_POSIXlt_object">
      <failure type="failure" message="Expected `DatetimeFilterState$new(...)` to run without any errors. ('test-DatetimeFilterState.R:3')">Expected `DatetimeFilterState$new(...)` to run without any errors.
ℹ Actually got a &lt;simpleError&gt;:
  Error in `super$initialize()`:
  ! argument "x_reactive" is missing, with no default</failure>
    </testcase>
    <testcase time="0.00800000000000001" classname="DatetimeFilterState" name="The_constructor_accepts_a_POSIXct_or_POSIXlt_object"/>
    <testcase time="0.00800000000000001" classname="DatetimeFilterState" name="get_call_returns_a_condition_true_for_the_object_supplied_in_the_constructor">
      <error type="error" message="Error in `super$initialize(x, x_reactive, varname, varlabel, input_dataname,  ('test-DatetimeFilterState.R:8')">Error in `super$initialize(x, x_reactive, varname, varlabel, input_dataname, 
    extract_type)`: argument "x_reactive" is missing, with no default
Backtrace:
 1. DatetimeFilterState$new(object, varname = "object")
      at test-DatetimeFilterState.R:8:2
 2. teal.slice (local) initialize(...)
 3. super$initialize(...)</error>
    </testcase>
    <testcase time="0.0220000000000002" classname="DatetimeFilterState" name="get_call_set_selected_accepts_an_array_of_two_POSIXct_objects">
      <error type="error" message="Error in `super$initialize(x, x_reactive, varname, varlabel, input_dataname,  ('test-DatetimeFilterState.R:14')">Error in `super$initialize(x, x_reactive, varname, varlabel, input_dataname, 
    extract_type)`: argument "x_reactive" is missing, with no default
Backtrace:
 1. DatetimeFilterState$new(object, varname = "object")
      at test-DatetimeFilterState.R:14:2
 2. teal.slice (local) initialize(...)
 3. super$initialize(...)</error>
    </testcase>
    <testcase time="0.0219999999999998" classname="DatetimeFilterState" name="get_call_returns_a_condition_true_for_the_object_in_the_selected_range">
      <error type="error" message="Error in `super$initialize(x, x_reactive, varname, varlabel, input_dataname,  ('test-DatetimeFilterState.R:20')">Error in `super$initialize(x, x_reactive, varname, varlabel, input_dataname, 
    extract_type)`: argument "x_reactive" is missing, with no default
Backtrace:
 1. DatetimeFilterState$new(objects, varname = "test")
      at test-DatetimeFilterState.R:20:2
 2. teal.slice (local) initialize(...)
 3. super$initialize(...)</error>
    </testcase>
    <testcase time="0.0270000000000001" classname="DatetimeFilterState" name="get_call_returns_a_condition_evaluating_to_TRUE_for_NA_values_after_set_keep_na_TRUE_">
      <error type="error" message="Error in `super$initialize(x, x_reactive, varname, varlabel, input_dataname,  ('test-DatetimeFilterState.R:35')">Error in `super$initialize(x, x_reactive, varname, varlabel, input_dataname, 
    extract_type)`: argument "x_reactive" is missing, with no default
Backtrace:
 1. DatetimeFilterState$new(objects, varname = "objects")
      at test-DatetimeFilterState.R:35:2
 2. teal.slice (local) initialize(...)
 3. super$initialize(...)</error>
    </testcase>
    <testcase time="0.0219999999999998" classname="DatetimeFilterState" name="get_call_returns_a_condition_evaluating_to_NA_for_NA_values">
      <error type="error" message="Error in `super$initialize(x, x_reactive, varname, varlabel, input_dataname,  ('test-DatetimeFilterState.R:42')">Error in `super$initialize(x, x_reactive, varname, varlabel, input_dataname, 
    extract_type)`: argument "x_reactive" is missing, with no default
Backtrace:
 1. DatetimeFilterState$new(objects, varname = "objects")
      at test-DatetimeFilterState.R:42:2
 2. teal.slice (local) initialize(...)
 3. super$initialize(...)</error>
    </testcase>
    <testcase time="0.0230000000000001" classname="DatetimeFilterState" name="DatetimeFilterState_echoes_the_timezone_of_the_ISO_object_passed_to_the_constructor">
      <error type="error" message="Error in `super$initialize(x, x_reactive, varname, varlabel, input_dataname,  ('test-DatetimeFilterState.R:48')">Error in `super$initialize(x, x_reactive, varname, varlabel, input_dataname, 
    extract_type)`: argument "x_reactive" is missing, with no default
Backtrace:
 1. DatetimeFilterState$new(objects, varname = "objects")
      at test-DatetimeFilterState.R:48:2
 2. teal.slice (local) initialize(...)
 3. super$initialize(...)</error>
    </testcase>
    <testcase time="0.0220000000000002" classname="DatetimeFilterState" name="set_selected_warns_when_the_selected_range_intersects_the_possible_range_but_is_not_fully_included_in_it">
      <error type="error" message="Error in `super$initialize(x, x_reactive, varname, varlabel, input_dataname,  ('test-DatetimeFilterState.R:61')">Error in `super$initialize(x, x_reactive, varname, varlabel, input_dataname, 
    extract_type)`: argument "x_reactive" is missing, with no default
Backtrace:
 1. DatetimeFilterState$new(objects, varname = "objects")
      at test-DatetimeFilterState.R:61:2
 2. teal.slice (local) initialize(...)
 3. super$initialize(...)</error>
    </testcase>
    <testcase time="0.0229999999999997" classname="DatetimeFilterState" name="set_selected_throws_when_the_selected_range_is_completely_outside_of_the_possible_range">
      <error type="error" message="Error in `super$initialize(x, x_reactive, varname, varlabel, input_dataname,  ('test-DatetimeFilterState.R:72')">Error in `super$initialize(x, x_reactive, varname, varlabel, input_dataname, 
    extract_type)`: argument "x_reactive" is missing, with no default
Backtrace:
 1. DatetimeFilterState$new(objects, varname = "objects")
      at test-DatetimeFilterState.R:72:2
 2. teal.slice (local) initialize(...)
 3. super$initialize(...)</error>
    </testcase>
    <testcase time="0.0220000000000002" classname="DatetimeFilterState" name="set_selected_limits_the_selected_range_to_the_lower_and_the_upper_bound_of_the_possible_range">
      <error type="error" message="Error in `super$initialize(x, x_reactive, varname, varlabel, input_dataname,  ('test-DatetimeFilterState.R:81')">Error in `super$initialize(x, x_reactive, varname, varlabel, input_dataname, 
    extract_type)`: argument "x_reactive" is missing, with no default
Backtrace:
 1. DatetimeFilterState$new(objects, varname = "objects")
      at test-DatetimeFilterState.R:81:2
 2. teal.slice (local) initialize(...)
 3. super$initialize(...)</error>
    </testcase>
    <testcase time="0.0219999999999998" classname="DatetimeFilterState" name="set_selected_throws_when_the_value_type_cannot_be_interpreted_as_POSIX">
      <error type="error" message="Error in `super$initialize(x, x_reactive, varname, varlabel, input_dataname,  ('test-DatetimeFilterState.R:94')">Error in `super$initialize(x, x_reactive, varname, varlabel, input_dataname, 
    extract_type)`: argument "x_reactive" is missing, with no default
Backtrace:
 1. DatetimeFilterState$new(objects, varname = "objects")
      at test-DatetimeFilterState.R:94:2
 2. teal.slice (local) initialize(...)
 3. super$initialize(...)</error>
    </testcase>
    <testcase time="0.0270000000000001" classname="DatetimeFilterState" name="set_state_needs_a_named_list_with_selected_and_keep_na_elements">
      <error type="error" message="Error in `super$initialize(x, x_reactive, varname, varlabel, input_dataname,  ('test-DatetimeFilterState.R:103')">Error in `super$initialize(x, x_reactive, varname, varlabel, input_dataname, 
    extract_type)`: argument "x_reactive" is missing, with no default
Backtrace:
 1. DatetimeFilterState$new(objects, varname = "test")
      at test-DatetimeFilterState.R:103:2
 2. teal.slice (local) initialize(...)
 3. super$initialize(...)</error>
    </testcase>
    <testcase time="0.0230000000000001" classname="DatetimeFilterState" name="set_state_sets_values_of_selected_and_keep_na_as_provided_in_the_list">
      <error type="error" message="Error in `super$initialize(x, x_reactive, varname, varlabel, input_dataname,  ('test-DatetimeFilterState.R:113')">Error in `super$initialize(x, x_reactive, varname, varlabel, input_dataname, 
    extract_type)`: argument "x_reactive" is missing, with no default
Backtrace:
 1. DatetimeFilterState$new(objects, varname = "test")
      at test-DatetimeFilterState.R:113:2
 2. teal.slice (local) initialize(...)
 3. super$initialize(...)</error>
    </testcase>
    <testcase time="0.0219999999999998" classname="DatetimeFilterState" name="set_state_overwrites_fields_included_in_the_input_only">
      <error type="error" message="Error in `super$initialize(x, x_reactive, varname, varlabel, input_dataname,  ('test-DatetimeFilterState.R:121')">Error in `super$initialize(x, x_reactive, varname, varlabel, input_dataname, 
    extract_type)`: argument "x_reactive" is missing, with no default
Backtrace:
 1. DatetimeFilterState$new(objects, varname = "test")
      at test-DatetimeFilterState.R:121:2
 2. teal.slice (local) initialize(...)
 3. super$initialize(...)</error>
    </testcase>
    <testcase time="0.0219999999999998" classname="DatetimeFilterState" name="DatetimeFilterState_is_any_filtered_works_properly_when_NA_is_present_in_data">
      <error type="error" message="Error in `super$initialize(x, x_reactive, varname, varlabel, input_dataname,  ('test-DatetimeFilterState.R:132')">Error in `super$initialize(x, x_reactive, varname, varlabel, input_dataname, 
    extract_type)`: argument "x_reactive" is missing, with no default
Backtrace:
 1. teal.slice:::DatetimeFilterState$new(...)
      at test-DatetimeFilterState.R:132:4
 2. teal.slice (local) initialize(...)
 3. super$initialize(...)</error>
    </testcase>
    <testcase time="0.0220000000000002" classname="DatetimeFilterState" name="_format_is_a_FilterStates_s_method_that_accepts_indent">
      <error type="error" message="Error in `super$initialize(x, x_reactive, varname, varlabel, input_dataname,  ('test-DatetimeFilterState.R:168')">Error in `super$initialize(x, x_reactive, varname, varlabel, input_dataname, 
    extract_type)`: argument "x_reactive" is missing, with no default
Backtrace:
 1. DatetimeFilterState$new(object, varname = "test")
      at test-DatetimeFilterState.R:168:2
 2. teal.slice (local) initialize(...)
 3. super$initialize(...)</error>
    </testcase>
    <testcase time="0.0230000000000001" classname="DatetimeFilterState" name="_format_asserts_that_indent_is_numeric">
      <error type="error" message="Error in `super$initialize(x, x_reactive, varname, varlabel, input_dataname,  ('test-DatetimeFilterState.R:174')">Error in `super$initialize(x, x_reactive, varname, varlabel, input_dataname, 
    extract_type)`: argument "x_reactive" is missing, with no default
Backtrace:
 1. DatetimeFilterState$new(object, varname = "test")
      at test-DatetimeFilterState.R:174:2
 2. teal.slice (local) initialize(...)
 3. super$initialize(...)</error>
    </testcase>
    <testcase time="0.0229999999999997" classname="DatetimeFilterState" name="_format_returns_a_string_representation_the_FilterState_object">
      <error type="error" message="Error in `super$initialize(x, x_reactive, varname, varlabel, input_dataname,  ('test-DatetimeFilterState.R:190')">Error in `super$initialize(x, x_reactive, varname, varlabel, input_dataname, 
    extract_type)`: argument "x_reactive" is missing, with no default
Backtrace:
 1. DatetimeFilterState$new(object, varname = "test")
      at test-DatetimeFilterState.R:190:2
 2. teal.slice (local) initialize(...)
 3. super$initialize(...)</error>
    </testcase>
    <testcase time="0.0270000000000001" classname="DatetimeFilterState" name="_format_prepends_spaces_to_every_line_of_the_returned_string">
      <error type="error" message="Error in `super$initialize(x, x_reactive, varname, varlabel, input_dataname,  ('test-DatetimeFilterState.R:212')">Error in `super$initialize(x, x_reactive, varname, varlabel, input_dataname, 
    extract_type)`: argument "x_reactive" is missing, with no default
Backtrace:
 1. DatetimeFilterState$new(object, varname = "test")
      at test-DatetimeFilterState.R:212:2
 2. teal.slice (local) initialize(...)
 3. super$initialize(...)</error>
    </testcase>
  </testsuite>
  <testsuite name="DefaultFilteredDataset" timestamp="2023-02-03T15:15:19Z" hostname="b7f3c0161b11" tests="10" skipped="0" failures="0" errors="1" time="0.235">
    <testcase time="0.0249999999999999" classname="DefaultFilteredDataset" name="The_constructor_accepts_a_data.frame_object_with_a_dataname"/>
    <testcase time="0.016" classname="DefaultFilteredDataset" name="get_call_returns_a_list_of_calls_or_NULL"/>
    <testcase time="0.0640000000000001" classname="DefaultFilteredDataset" name="get_call_returns_a_list_of_calls_or_NULL"/>
    <testcase time="0.0230000000000001" classname="DefaultFilteredDataset" name="DefaultFilteredDataset_set_filter_state_sets_filters_specified_by_list_names"/>
    <testcase time="0.0110000000000001" classname="DefaultFilteredDataset" name="DefaultFilteredDataset_set_filter_state_throws_error_when_list_is_not_named"/>
    <testcase time="0.0229999999999997" classname="DefaultFilteredDataset" name="DefaultFilteredDataset_remove_filter_state_removes_desired_filter"/>
    <testcase time="0.0220000000000002" classname="DefaultFilteredDataset" name="DefaultFilteredDataset_get_filter_state_returns_list_identical_to_input"/>
    <testcase time="0.0329999999999999" classname="DefaultFilteredDataset" name="DefaultFilteredDataset_remove_filter_state_removes_more_than_one_filter"/>
    <testcase time="0.00800000000000001" classname="DefaultFilteredDataset" name="get_filter_overview_info_returns_overview_matrix_for_DefaultFilteredDataset_without_filtering"/>
    <testcase time="0.00999999999999979" classname="DefaultFilteredDataset" name="get_filter_overview_info_returns_overview_matrix_for_DefaultFilteredDataset_if_a_filtered_dataset_is_passed_in">
      <error type="error" message="Error in `dataset_iris$get_filter_overview_info(dplyr::filter(utils::head(iris),  ('test-DefaultFilteredDataset.R:124')">Error in `dataset_iris$get_filter_overview_info(dplyr::filter(utils::head(iris), 
    Species == "virginica"))`: unused argument (dplyr::filter(utils::head(iris), Species == "virginica"))
Backtrace:
  1. testthat::expect_equal(...)
       at test-DefaultFilteredDataset.R:124:4
  4. shiny::isolate(...)
  6. ctx$run(...)
 13. env$runWith(self, func)
 14. shiny (local) contextFunc()
 15. shiny::..stacktraceon..(expr)</error>
    </testcase>
  </testsuite>
  <testsuite name="EmptyFilterState" timestamp="2023-02-03T15:15:20Z" hostname="b7f3c0161b11" tests="5" skipped="0" failures="0" errors="5" time="0.117">
    <testcase time="0.0290000000000004" classname="EmptyFilterState" name="get_call_returns_NULL_after_set_keep_na_FALSE_">
      <error type="error" message="Error in `super$initialize(x, x_reactive, varname, varlabel, input_dataname,  ('test-EmptyFilterState.R:2')">Error in `super$initialize(x, x_reactive, varname, varlabel, input_dataname, 
    extract_type)`: argument "x_reactive" is missing, with no default
Backtrace:
 1. EmptyFilterState$new(7, varname = "7")
      at test-EmptyFilterState.R:2:2
 2. teal.slice (local) initialize(...)
 3. super$initialize(...)</error>
    </testcase>
    <testcase time="0.0229999999999997" classname="EmptyFilterState" name="get_call_returns_a_call_after_set_keep_na_TRUE_">
      <error type="error" message="Error in `super$initialize(x, x_reactive, varname, varlabel, input_dataname,  ('test-EmptyFilterState.R:8')">Error in `super$initialize(x, x_reactive, varname, varlabel, input_dataname, 
    extract_type)`: argument "x_reactive" is missing, with no default
Backtrace:
 1. EmptyFilterState$new(7, varname = "test")
      at test-EmptyFilterState.R:8:2
 2. teal.slice (local) initialize(...)
 3. super$initialize(...)</error>
    </testcase>
    <testcase time="0.0209999999999999" classname="EmptyFilterState" name="set_state_needs_a_named_list_with_selected_and_keep_na_elements">
      <error type="error" message="Error in `super$initialize(x, x_reactive, varname, varlabel, input_dataname,  ('test-EmptyFilterState.R:14')">Error in `super$initialize(x, x_reactive, varname, varlabel, input_dataname, 
    extract_type)`: argument "x_reactive" is missing, with no default
Backtrace:
 1. EmptyFilterState$new(7, varname = "test")
      at test-EmptyFilterState.R:14:2
 2. teal.slice (local) initialize(...)
 3. super$initialize(...)</error>
    </testcase>
    <testcase time="0.0220000000000002" classname="EmptyFilterState" name="get_state_returns_a_list_identical_to_set_state_input">
      <error type="error" message="Error in `super$initialize(x, x_reactive, varname, varlabel, input_dataname,  ('test-EmptyFilterState.R:28')">Error in `super$initialize(x, x_reactive, varname, varlabel, input_dataname, 
    extract_type)`: argument "x_reactive" is missing, with no default
Backtrace:
 1. EmptyFilterState$new(NA_character_, varname = "test")
      at test-EmptyFilterState.R:28:2
 2. teal.slice (local) initialize(...)
 3. super$initialize(...)</error>
    </testcase>
    <testcase time="0.0219999999999998" classname="EmptyFilterState" name="EmptyFilterState_is_any_filtered_returns_FALSE_when_keep_na_is_TRUE_and_returns_TRUE_when_keep_na_is_FALSE">
      <error type="error" message="Error in `super$initialize(x, x_reactive, varname, varlabel, input_dataname,  ('test-EmptyFilterState.R:37')">Error in `super$initialize(x, x_reactive, varname, varlabel, input_dataname, 
    extract_type)`: argument "x_reactive" is missing, with no default
Backtrace:
 1. teal.slice:::EmptyFilterState$new(...)
      at test-EmptyFilterState.R:37:4
 2. teal.slice (local) initialize(...)
 3. super$initialize(...)</error>
    </testcase>
  </testsuite>
  <testsuite name="FilterState" timestamp="2023-02-03T15:15:20Z" hostname="b7f3c0161b11" tests="37" skipped="0" failures="6" errors="24" time="0.719">
    <testcase time="0.0370000000000004" classname="FilterState" name="The_constructor_accepts_character_name_or_call_as_varname">
      <failure type="failure" message="Expected `FilterState$new(c(7), varname = &quot;test&quot;)` to run without any errors. ('test-FilterState.R:2')">Expected `FilterState$new(c(7), varname = "test")` to run without any errors.
ℹ Actually got a &lt;simpleError&gt;:
  Error in `initialize()`:
  ! argument "x_reactive" is missing, with no default</failure>
    </testcase>
    <testcase time="0.0089999999999999" classname="FilterState" name="The_constructor_accepts_character_name_or_call_as_varname"/>
    <testcase time="0.012" classname="FilterState" name="The_constructor_accepts_character_name_or_call_as_varname">
      <failure type="failure" message="Expected `FilterState$new(c(7), varname = quote(pi))` to run without any errors. ('test-FilterState.R:3')">Expected `FilterState$new(c(7), varname = quote(pi))` to run without any errors.
ℹ Actually got a &lt;simpleError&gt;:
  Error in `initialize()`:
  ! argument "x_reactive" is missing, with no default</failure>
    </testcase>
    <testcase time="0.0089999999999999" classname="FilterState" name="The_constructor_accepts_character_name_or_call_as_varname"/>
    <testcase time="0.012" classname="FilterState" name="The_constructor_accepts_character_name_or_call_as_varname">
      <failure type="failure" message="Expected `FilterState$new(c(7), varname = call(&quot;test&quot;))` to run without any errors. ('test-FilterState.R:4')">Expected `FilterState$new(c(7), varname = call("test"))` to run without any errors.
ℹ Actually got a &lt;simpleError&gt;:
  Error in `initialize()`:
  ! argument "x_reactive" is missing, with no default</failure>
    </testcase>
    <testcase time="0.0089999999999999" classname="FilterState" name="The_constructor_accepts_character_name_or_call_as_varname"/>
    <testcase time="0.00699999999999967" classname="FilterState" name="The_constructor_requires_a_varname"/>
    <testcase time="0.0130000000000008" classname="FilterState" name="The_constructor_accepts_a_string_as_varlabel">
      <failure type="failure" message="Expected `FilterState$new(c(7), varname = &quot;test&quot;, varlabel = &quot;test&quot;)` to run without any errors. ('test-FilterState.R:12')">Expected `FilterState$new(c(7), varname = "test", varlabel = "test")` to run without any errors.
ℹ Actually got a &lt;simpleError&gt;:
  Error in `initialize()`:
  ! argument "x_reactive" is missing, with no default</failure>
    </testcase>
    <testcase time="0.00800000000000001" classname="FilterState" name="The_constructor_accepts_a_string_as_varlabel"/>
    <testcase time="0.00700000000000056" classname="FilterState" name="get_call_returns_NULL">
      <error type="error" message="Error in `initialize(...)`: argument &quot;x_reactive&quot; is missing, with no default ('test-FilterState.R:16')">Error in `initialize(...)`: argument "x_reactive" is missing, with no default
Backtrace:
 1. FilterState$new(7, varname = "7")
      at test-FilterState.R:16:2
 2. teal.slice (local) initialize(...)</error>
    </testcase>
    <testcase time="0.0219999999999994" classname="FilterState" name="input_dataname_must_be_specified_if_extract_type_is_specified"/>
    <testcase time="0.00700000000000056" classname="FilterState" name="get_dataname_returns_a_string_when_input_dataname_is_NULL">
      <error type="error" message="Error in `initialize(...)`: argument &quot;x_reactive&quot; is missing, with no default ('test-FilterState.R:33')">Error in `initialize(...)`: argument "x_reactive" is missing, with no default
Backtrace:
 1. FilterState$new(7, varname = "7", input_dataname = NULL)
      at test-FilterState.R:33:2
 2. teal.slice (local) initialize(...)</error>
    </testcase>
    <testcase time="0.0209999999999999" classname="FilterState" name="get_dataname_returns_a_string_when_input_dataname_is_name">
      <error type="error" message="Error in `initialize(...)`: argument &quot;x_reactive&quot; is missing, with no default ('test-FilterState.R:39')">Error in `initialize(...)`: argument "x_reactive" is missing, with no default
Backtrace:
 1. FilterState$new(7, varname = "7", input_dataname = quote(test))
      at test-FilterState.R:39:2
 2. teal.slice (local) initialize(...)</error>
    </testcase>
    <testcase time="0.0259999999999998" classname="FilterState" name="get_dataname_deparse_TRUE_returns_a_string_when_input_dataname_is_call">
      <error type="error" message="Error in `initialize(...)`: argument &quot;x_reactive&quot; is missing, with no default ('test-FilterState.R:45')">Error in `initialize(...)`: argument "x_reactive" is missing, with no default
Backtrace:
 1. FilterState$new(7, varname = "7", input_dataname = call("test_function"))
      at test-FilterState.R:45:2
 2. teal.slice (local) initialize(...)</error>
    </testcase>
    <testcase time="0.0220000000000002" classname="FilterState" name="get_dataname_deparse_FALSE_returns_a_call_when_input_dataname_is_call">
      <error type="error" message="Error in `initialize(...)`: argument &quot;x_reactive&quot; is missing, with no default ('test-FilterState.R:50')">Error in `initialize(...)`: argument "x_reactive" is missing, with no default
Backtrace:
 1. FilterState$new(7, varname = "7", input_dataname = call("test_function"))
      at test-FilterState.R:50:2
 2. teal.slice (local) initialize(...)</error>
    </testcase>
    <testcase time="0.0219999999999994" classname="FilterState" name="get_varlabel_returns_a_string_passed_to_the_constructor">
      <error type="error" message="Error in `initialize(...)`: argument &quot;x_reactive&quot; is missing, with no default ('test-FilterState.R:55')">Error in `initialize(...)`: argument "x_reactive" is missing, with no default
Backtrace:
 1. FilterState$new(7, varname = "7", varlabel = "test")
      at test-FilterState.R:55:2
 2. teal.slice (local) initialize(...)</error>
    </testcase>
    <testcase time="0.0210000000000008" classname="FilterState" name="get_varname_deparse_FALSE_returns_a_name_if_varname_passed_to_the_constructor_is_a_string">
      <error type="error" message="Error in `initialize(...)`: argument &quot;x_reactive&quot; is missing, with no default ('test-FilterState.R:60')">Error in `initialize(...)`: argument "x_reactive" is missing, with no default
Backtrace:
 1. FilterState$new(7, varname = "7")
      at test-FilterState.R:60:2
 2. teal.slice (local) initialize(...)</error>
    </testcase>
    <testcase time="0.0209999999999999" classname="FilterState" name="get_varname_deparse_TRUE_returns_a_string_if_varname_passed_to_the_constructor_is_a_string">
      <error type="error" message="Error in `initialize(...)`: argument &quot;x_reactive&quot; is missing, with no default ('test-FilterState.R:65')">Error in `initialize(...)`: argument "x_reactive" is missing, with no default
Backtrace:
 1. FilterState$new(7, varname = "7")
      at test-FilterState.R:65:2
 2. teal.slice (local) initialize(...)</error>
    </testcase>
    <testcase time="0.0219999999999994" classname="FilterState" name="get_varname_returns_a_call_if_call_is_passed_to_the_constructor">
      <error type="error" message="Error in `initialize(...)`: argument &quot;x_reactive&quot; is missing, with no default ('test-FilterState.R:70')">Error in `initialize(...)`: argument "x_reactive" is missing, with no default
Backtrace:
 1. FilterState$new(7, varname = call("test"))
      at test-FilterState.R:70:2
 2. teal.slice (local) initialize(...)</error>
    </testcase>
    <testcase time="0.0209999999999999" classname="FilterState" name="get_selected_returns_NULL_after_initialization">
      <error type="error" message="Error in `initialize(...)`: argument &quot;x_reactive&quot; is missing, with no default ('test-FilterState.R:76')">Error in `initialize(...)`: argument "x_reactive" is missing, with no default
Backtrace:
 1. FilterState$new(7, varname = "7")
      at test-FilterState.R:76:2
 2. teal.slice (local) initialize(...)</error>
    </testcase>
    <testcase time="0.0260000000000007" classname="FilterState" name="set_selected_sets_value_get_selected_returns_the_same">
      <error type="error" message="Error in `initialize(...)`: argument &quot;x_reactive&quot; is missing, with no default ('test-FilterState.R:81')">Error in `initialize(...)`: argument "x_reactive" is missing, with no default
Backtrace:
 1. FilterState$new(7L, varname = "7")
      at test-FilterState.R:81:2
 2. teal.slice (local) initialize(...)</error>
    </testcase>
    <testcase time="0.0219999999999994" classname="FilterState" name="get_keep_na_returns_FALSE_after_initialization">
      <error type="error" message="Error in `initialize(...)`: argument &quot;x_reactive&quot; is missing, with no default ('test-FilterState.R:87')">Error in `initialize(...)`: argument "x_reactive" is missing, with no default
Backtrace:
 1. FilterState$new(7, varname = "7")
      at test-FilterState.R:87:2
 2. teal.slice (local) initialize(...)</error>
    </testcase>
    <testcase time="0.0220000000000002" classname="FilterState" name="set_state_sets_selected_and_keep_na">
      <error type="error" message="Error in `initialize(...)`: argument &quot;x_reactive&quot; is missing, with no default ('test-FilterState.R:92')">Error in `initialize(...)`: argument "x_reactive" is missing, with no default
Backtrace:
 1. FilterState$new(c("a", NA_character_), varname = "var")
      at test-FilterState.R:92:2
 2. teal.slice (local) initialize(...)</error>
    </testcase>
    <testcase time="0.0209999999999999" classname="FilterState" name="get_state_returns_a_list_identical_to_set_state_input">
      <error type="error" message="Error in `initialize(...)`: argument &quot;x_reactive&quot; is missing, with no default ('test-FilterState.R:105')">Error in `initialize(...)`: argument "x_reactive" is missing, with no default
Backtrace:
 1. FilterState$new(c("a", NA_character_), varname = "var")
      at test-FilterState.R:105:2
 2. teal.slice (local) initialize(...)</error>
    </testcase>
    <testcase time="0.024" classname="FilterState" name="add_keep_na_call_does_not_add_anything_by_default">
      <error type="error" message="Error in `initialize(...)`: argument &quot;x_reactive&quot; is missing, with no default ('test-FilterState.R:123')">Error in `initialize(...)`: argument "x_reactive" is missing, with no default
Backtrace:
 1. test_class$new(c(1, NA), varname = "test")
      at test-FilterState.R:123:4
 2. teal.slice (local) initialize(...)</error>
    </testcase>
    <testcase time="0.0380000000000003" classname="FilterState" name="add_keep_na_call_adds_is.na_when_keep_na_is_set">
      <error type="error" message="Error in `initialize(...)`: argument &quot;x_reactive&quot; is missing, with no default ('test-FilterState.R:143')">Error in `initialize(...)`: argument "x_reactive" is missing, with no default
Backtrace:
 1. test_class$new(c(1, NA), varname = "test")
      at test-FilterState.R:143:4
 2. teal.slice (local) initialize(...)</error>
    </testcase>
    <testcase time="0.0279999999999996" classname="FilterState" name="Setting_private_na_rm_to_TRUE_adds_is.na_before_condition_via_add_keep_na_call">
      <error type="error" message="Error in `initialize(...)`: argument &quot;x_reactive&quot; is missing, with no default ('test-FilterState.R:165')">Error in `initialize(...)`: argument "x_reactive" is missing, with no default
Backtrace:
 1. test_class$new(c(1, NA), varname = "test")
      at test-FilterState.R:165:4
 2. teal.slice (local) initialize(...)</error>
    </testcase>
    <testcase time="0.0230000000000006" classname="FilterState" name="Setting_private_na_rm_to_TRUE_doesn_t_add_is.na_before_condition_via_add_keep_na_call_when_variable_has_no_NAs">
      <error type="error" message="Error in `initialize(...)`: argument &quot;x_reactive&quot; is missing, with no default ('test-FilterState.R:188')">Error in `initialize(...)`: argument "x_reactive" is missing, with no default
Backtrace:
 1. test_class$new(c(1), varname = "test")
      at test-FilterState.R:188:4
 2. teal.slice (local) initialize(...)</error>
    </testcase>
    <testcase time="0.0289999999999999" classname="FilterState" name="_format_is_a_FilterStates_s_method_that_accepts_indent">
      <failure type="failure" message="Expected `shiny::isolate(FilterState$new(c(7), varname = &quot;test&quot;)$format(indent = 0))` to run without any errors. ('test-FilterState.R:200')">Expected `shiny::isolate(FilterState$new(c(7), varname = "test")$format(indent = 0))` to run without any errors.
ℹ Actually got a &lt;simpleError&gt;:
  Error in `initialize()`:
  ! argument "x_reactive" is missing, with no default</failure>
    </testcase>
    <testcase time="0.00999999999999979" classname="FilterState" name="_format_is_a_FilterStates_s_method_that_accepts_indent"/>
    <testcase time="0.00900000000000034" classname="FilterState" name="_format_asserts_that_indent_is_numeric">
      <failure type="failure" message="`FilterState$new(c(7), varname = &quot;test&quot;)$format(indent = &quot;wrong type&quot;)` threw an error with unexpected message. ('test-FilterState.R:204')">`FilterState$new(c(7), varname = "test")$format(indent = "wrong type")` threw an error with unexpected message.
Expected match: "Assertion on 'indent' failed: Must be of type 'number'"
Actual message: "argument \"x_reactive\" is missing, with no default"
Backtrace:
 1. testthat::expect_error(...)
      at test-FilterState.R:204:2
 6. FilterState$new(c(7), varname = "test")
 7. teal.slice (local) initialize(...)</failure>
    </testcase>
    <testcase time="0.0219999999999994" classname="FilterState" name="_format_returns_a_string_representation_the_FilterState_object">
      <error type="error" message="Error in `initialize(...)`: argument &quot;x_reactive&quot; is missing, with no default ('test-FilterState.R:212')">Error in `initialize(...)`: argument "x_reactive" is missing, with no default
Backtrace:
 1. FilterState$new(values, varname = "test")
      at test-FilterState.R:212:2
 2. teal.slice (local) initialize(...)</error>
    </testcase>
    <testcase time="0.0220000000000002" classname="FilterState" name="_format_prepends_spaces_to_every_line_of_the_returned_string">
      <error type="error" message="Error in `initialize(...)`: argument &quot;x_reactive&quot; is missing, with no default ('test-FilterState.R:227')">Error in `initialize(...)`: argument "x_reactive" is missing, with no default
Backtrace:
 1. FilterState$new(values, varname = "test")
      at test-FilterState.R:227:2
 2. teal.slice (local) initialize(...)</error>
    </testcase>
    <testcase time="0.0220000000000002" classname="FilterState" name="_format_returns_a_properly_wrapped_string">
      <error type="error" message="Error in `initialize(...)`: argument &quot;x_reactive&quot; is missing, with no default ('test-FilterState.R:247')">Error in `initialize(...)`: argument "x_reactive" is missing, with no default
Backtrace:
 1. FilterState$new(values, varname = "test")
      at test-FilterState.R:247:2
 2. teal.slice (local) initialize(...)</error>
    </testcase>
    <testcase time="0.0269999999999992" classname="FilterState" name="_format_line_wrapping_breaks_if_strings_are_too_long">
      <error type="error" message="Error in `initialize(...)`: argument &quot;x_reactive&quot; is missing, with no default ('test-FilterState.R:261')">Error in `initialize(...)`: argument "x_reactive" is missing, with no default
Backtrace:
 1. FilterState$new(values, varname = "test")
      at test-FilterState.R:261:2
 2. teal.slice (local) initialize(...)</error>
    </testcase>
    <testcase time="0.0230000000000006" classname="FilterState" name="private_get_pretty_range_step_returns_pretty_step_size">
      <error type="error" message="Error in `super$initialize(x, x_reactive, varname, varlabel, input_dataname,  ('test-FilterState.R:291')">Error in `super$initialize(x, x_reactive, varname, varlabel, input_dataname, 
    extract_type)`: argument "x_reactive" is missing, with no default
Backtrace:
 1. test_class$new(pretty_sepal_length, varname = "test")
      at test-FilterState.R:291:2
 2. teal.slice (local) initialize(...)
 3. super$initialize(...)</error>
    </testcase>
    <testcase time="0.0229999999999997" classname="FilterState" name="private_get_pretty_range_inputs_returns_nicely_rounded_values">
      <error type="error" message="Error in `super$initialize(x, x_reactive, varname, varlabel, input_dataname,  ('test-FilterState.R:321')">Error in `super$initialize(x, x_reactive, varname, varlabel, input_dataname, 
    extract_type)`: argument "x_reactive" is missing, with no default
Backtrace:
 1. test_class$new(iris$Sepal.Length, varname = "test")
      at test-FilterState.R:321:2
 2. teal.slice (local) initialize(...)
 3. super$initialize(...)</error>
    </testcase>
  </testsuite>
  <testsuite name="FilterStates" timestamp="2023-02-03T15:15:20Z" hostname="b7f3c0161b11" tests="61" skipped="0" failures="6" errors="45" time="6.643">
    <testcase time="0.0350000000000001" classname="FilterStates" name="The_constructor_accepts_a_call_name_or_string_as_input_dataname">
      <failure type="failure" message="Expected `FilterStates$new(...)` to run without any errors. ('test-FilterStates.R:7')">Expected `FilterStates$new(...)` to run without any errors.
ℹ Actually got a &lt;simpleError&gt;:
  Error in `initialize()`:
  ! argument "data" is missing, with no default</failure>
    </testcase>
    <testcase time="0.00900000000000034" classname="FilterStates" name="The_constructor_accepts_a_call_name_or_string_as_input_dataname"/>
    <testcase time="0.0119999999999996" classname="FilterStates" name="The_constructor_accepts_a_call_name_or_string_as_input_dataname">
      <failure type="failure" message="Expected `FilterStates$new(...)` to run without any errors. ('test-FilterStates.R:9')">Expected `FilterStates$new(...)` to run without any errors.
ℹ Actually got a &lt;simpleError&gt;:
  Error in `initialize()`:
  ! argument "data" is missing, with no default</failure>
    </testcase>
    <testcase time="0.00800000000000001" classname="FilterStates" name="The_constructor_accepts_a_call_name_or_string_as_input_dataname"/>
    <testcase time="0.0120000000000005" classname="FilterStates" name="The_constructor_accepts_a_call_name_or_string_as_input_dataname">
      <failure type="failure" message="Expected `FilterStates$new(...)` to run without any errors. ('test-FilterStates.R:11')">Expected `FilterStates$new(...)` to run without any errors.
ℹ Actually got a &lt;simpleError&gt;:
  Error in `initialize()`:
  ! argument "data" is missing, with no default</failure>
    </testcase>
    <testcase time="0.00899999999999945" classname="FilterStates" name="The_constructor_accepts_a_call_name_or_string_as_input_dataname"/>
    <testcase time="0.0129999999999999" classname="FilterStates" name="The_constructor_accepts_a_call_name_or_string_as_output_dataname">
      <failure type="failure" message="Expected `FilterStates$new(...)` to run without any errors. ('test-FilterStates.R:16')">Expected `FilterStates$new(...)` to run without any errors.
ℹ Actually got a &lt;simpleError&gt;:
  Error in `initialize()`:
  ! argument "data" is missing, with no default</failure>
    </testcase>
    <testcase time="0.00900000000000034" classname="FilterStates" name="The_constructor_accepts_a_call_name_or_string_as_output_dataname"/>
    <testcase time="0.016" classname="FilterStates" name="The_constructor_accepts_a_call_name_or_string_as_output_dataname">
      <failure type="failure" message="Expected `FilterStates$new(...)` to run without any errors. ('test-FilterStates.R:18')">Expected `FilterStates$new(...)` to run without any errors.
ℹ Actually got a &lt;simpleError&gt;:
  Error in `initialize()`:
  ! argument "data" is missing, with no default</failure>
    </testcase>
    <testcase time="0.00999999999999979" classname="FilterStates" name="The_constructor_accepts_a_call_name_or_string_as_output_dataname"/>
    <testcase time="0.0120000000000005" classname="FilterStates" name="The_constructor_accepts_a_call_name_or_string_as_output_dataname">
      <failure type="failure" message="Expected `FilterStates$new(...)` to run without any errors. ('test-FilterStates.R:20')">Expected `FilterStates$new(...)` to run without any errors.
ℹ Actually got a &lt;simpleError&gt;:
  Error in `initialize()`:
  ! argument "data" is missing, with no default</failure>
    </testcase>
    <testcase time="0.00899999999999945" classname="FilterStates" name="The_constructor_accepts_a_call_name_or_string_as_output_dataname"/>
    <testcase time="0.00700000000000056" classname="FilterStates" name="validate_state_list_exists_raises_errors_if_no_filters_were_added">
      <error type="error" message="Error in `checkmate::check_class(output_dataname, &quot;call&quot;)`: argument &quot;output_dataname&quot; is missing, with no default ('test-FilterStates.R:27')">Error in `checkmate::check_class(output_dataname, "call")`: argument "output_dataname" is missing, with no default
Backtrace:
 1. FilterStates$new(input_dataname = "test", "test", "test")
      at test-FilterStates.R:27:2
 2. teal.slice (local) initialize(...)
 6. checkmate::check_class(output_dataname, "call")</error>
    </testcase>
    <testcase time="0.0209999999999999" classname="FilterStates" name="Emptying_empty_FilterStates_does_not_raise_errors">
      <error type="error" message="Error in `checkmate::check_class(output_dataname, &quot;call&quot;)`: argument &quot;output_dataname&quot; is missing, with no default ('test-FilterStates.R:41')">Error in `checkmate::check_class(output_dataname, "call")`: argument "output_dataname" is missing, with no default
Backtrace:
 1. FilterStates$new(input_dataname = "test", "test", "test")
      at test-FilterStates.R:41:2
 2. teal.slice (local) initialize(...)
 6. checkmate::check_class(output_dataname, "call")</error>
    </testcase>
    <testcase time="0.0209999999999999" classname="FilterStates" name="Error_message_from_validate_state_list_exists_displays_index_if_datalabel_is_character_0_">
      <error type="error" message="Error in `initialize(...)`: argument &quot;data&quot; is missing, with no default ('test-FilterStates.R:46')">Error in `initialize(...)`: argument "data" is missing, with no default
Backtrace:
 1. FilterStates$new(...)
      at test-FilterStates.R:46:2
 2. teal.slice (local) initialize(...)</error>
    </testcase>
    <testcase time="0.0209999999999999" classname="FilterStates" name="state_list_push_does_not_raise_errors_DFFilterStates">
      <error type="error" message="Error in `super$initialize(data, data_reactive, input_dataname, output_dataname,  ('test-FilterStates.R:56')">Error in `super$initialize(data, data_reactive, input_dataname, output_dataname, 
    datalabel)`: argument "data" is missing, with no default
Backtrace:
 1. DFFilterStates$new(...)
      at test-FilterStates.R:56:2
 2. teal.slice (local) initialize(...)
 3. super$initialize(...)</error>
    </testcase>
    <testcase time="0.024" classname="FilterStates" name="state_list_push_does_not_raise_errors_MatrixFilterStates">
      <error type="error" message="Error in `super$initialize(data, data_reactive, input_dataname, output_dataname,  ('test-FilterStates.R:68')">Error in `super$initialize(data, data_reactive, input_dataname, output_dataname, 
    datalabel)`: argument "data" is missing, with no default
Backtrace:
 1. MatrixFilterStates$new(...)
      at test-FilterStates.R:68:2
 2. teal.slice (local) initialize(...)
 3. super$initialize(...)</error>
    </testcase>
    <testcase time="5.104" classname="FilterStates" name="state_list_push_does_not_raise_errors_SEFilterStates">
      <error type="error" message="Error in `super$initialize(data, data_reactive, input_dataname, output_dataname,  ('test-FilterStates.R:78')">Error in `super$initialize(data, data_reactive, input_dataname, output_dataname, 
    datalabel)`: argument "data" is missing, with no default
Backtrace:
 1. SEFilterStates$new(...)
      at test-FilterStates.R:78:2
 2. teal.slice (local) initialize(...)
 3. super$initialize(...)</error>
    </testcase>
    <testcase time="0.299000000000001" classname="FilterStates" name="state_list_push_does_not_raise_errors_MAEFilterStates">
      <error type="error" message="Error in `super$initialize(data, data_reactive, input_dataname, output_dataname,  ('test-FilterStates.R:88')">Error in `super$initialize(data, data_reactive, input_dataname, output_dataname, 
    datalabel)`: argument "data" is missing, with no default
Backtrace:
 1. MAEFilterStates$new(...)
      at test-FilterStates.R:88:2
 2. teal.slice (local) initialize(...)
 3. super$initialize(...)</error>
    </testcase>
    <testcase time="0.020999999999999" classname="FilterStates" name="Passing_a_FilterState_to_state_list_push_is_the_same_as_passing_it_in_a_list_DFFilterStates">
      <error type="error" message="Error in `super$initialize(data, data_reactive, input_dataname, output_dataname,  ('test-FilterStates.R:104')">Error in `super$initialize(data, data_reactive, input_dataname, output_dataname, 
    datalabel)`: argument "data" is missing, with no default
Backtrace:
 1. DFFilterStates$new(...)
      at test-FilterStates.R:104:4
 2. teal.slice (local) initialize(...)
 3. super$initialize(...)</error>
    </testcase>
    <testcase time="0.0210000000000008" classname="FilterStates" name="Passing_a_FilterState_to_state_list_push_is_the_same_as_passing_it_in_a_list_MatrixFilterStates">
      <error type="error" message="Error in `super$initialize(data, data_reactive, input_dataname, output_dataname,  ('test-FilterStates.R:129')">Error in `super$initialize(data, data_reactive, input_dataname, output_dataname, 
    datalabel)`: argument "data" is missing, with no default
Backtrace:
 1. MatrixFilterStates$new(...)
      at test-FilterStates.R:129:4
 2. teal.slice (local) initialize(...)
 3. super$initialize(...)</error>
    </testcase>
    <testcase time="0.020999999999999" classname="FilterStates" name="Passing_a_FilterState_to_state_list_push_is_the_same_as_passing_it_in_a_list_SEFilterStates">
      <error type="error" message="Error in `super$initialize(data, data_reactive, input_dataname, output_dataname,  ('test-FilterStates.R:150')">Error in `super$initialize(data, data_reactive, input_dataname, output_dataname, 
    datalabel)`: argument "data" is missing, with no default
Backtrace:
 1. SEFilterStates$new(...)
      at test-FilterStates.R:150:4
 2. teal.slice (local) initialize(...)
 3. super$initialize(...)</error>
    </testcase>
    <testcase time="0.0220000000000002" classname="FilterStates" name="Passing_a_FilterState_to_state_list_push_is_the_same_as_passing_it_in_a_list_MAEFilterStates">
      <error type="error" message="Error in `super$initialize(data, data_reactive, input_dataname, output_dataname,  ('test-FilterStates.R:171')">Error in `super$initialize(data, data_reactive, input_dataname, output_dataname, 
    datalabel)`: argument "data" is missing, with no default
Backtrace:
 1. MAEFilterStates$new(...)
      at test-FilterStates.R:171:4
 2. teal.slice (local) initialize(...)
 3. super$initialize(...)</error>
    </testcase>
    <testcase time="0.0220000000000002" classname="FilterStates" name="state_list_get_returns_the_list_of_FilterState_objects_pushed_DFFilterStates">
      <error type="error" message="Error in `super$initialize(data, data_reactive, input_dataname, output_dataname,  ('test-FilterStates.R:196')">Error in `super$initialize(data, data_reactive, input_dataname, output_dataname, 
    datalabel)`: argument "data" is missing, with no default
Backtrace:
 1. DFFilterStates$new(...)
      at test-FilterStates.R:196:2
 2. teal.slice (local) initialize(...)
 3. super$initialize(...)</error>
    </testcase>
    <testcase time="0.0240000000000009" classname="FilterStates" name="state_list_get_returns_the_list_of_FilterState_objects_pushed_MatrixFilterStates">
      <error type="error" message="Error in `super$initialize(data, data_reactive, input_dataname, output_dataname,  ('test-FilterStates.R:208')">Error in `super$initialize(data, data_reactive, input_dataname, output_dataname, 
    datalabel)`: argument "data" is missing, with no default
Backtrace:
 1. MatrixFilterStates$new(...)
      at test-FilterStates.R:208:2
 2. teal.slice (local) initialize(...)
 3. super$initialize(...)</error>
    </testcase>
    <testcase time="0.0259999999999998" classname="FilterStates" name="state_list_get_returns_the_list_of_FilterState_objects_pushed_SEFilterStates">
      <error type="error" message="Error in `super$initialize(data, data_reactive, input_dataname, output_dataname,  ('test-FilterStates.R:218')">Error in `super$initialize(data, data_reactive, input_dataname, output_dataname, 
    datalabel)`: argument "data" is missing, with no default
Backtrace:
 1. SEFilterStates$new(...)
      at test-FilterStates.R:218:2
 2. teal.slice (local) initialize(...)
 3. super$initialize(...)</error>
    </testcase>
    <testcase time="0.0269999999999992" classname="FilterStates" name="state_list_get_returns_the_list_of_FilterState_objects_pushed_MAEFilterStates">
      <error type="error" message="Error in `super$initialize(data, data_reactive, input_dataname, output_dataname,  ('test-FilterStates.R:228')">Error in `super$initialize(data, data_reactive, input_dataname, output_dataname, 
    datalabel)`: argument "data" is missing, with no default
Backtrace:
 1. MAEFilterStates$new(...)
      at test-FilterStates.R:228:2
 2. teal.slice (local) initialize(...)
 3. super$initialize(...)</error>
    </testcase>
    <testcase time="0.027000000000001" classname="FilterStates" name="Elements_of_the_list_returned_by_state_list_get_have_names_corresponding_to_varname_DFFilterStates">
      <error type="error" message="Error in `super$initialize(data, data_reactive, input_dataname, output_dataname,  ('test-FilterStates.R:244')">Error in `super$initialize(data, data_reactive, input_dataname, output_dataname, 
    datalabel)`: argument "data" is missing, with no default
Backtrace:
 1. DFFilterStates$new(...)
      at test-FilterStates.R:244:4
 2. teal.slice (local) initialize(...)
 3. super$initialize(...)</error>
    </testcase>
    <testcase time="0.0269999999999992" classname="FilterStates" name="Elements_of_the_list_returned_by_state_list_get_have_names_corresponding_to_varname_MatrixFilterStates">
      <error type="error" message="Error in `super$initialize(data, data_reactive, input_dataname, output_dataname,  ('test-FilterStates.R:258')">Error in `super$initialize(data, data_reactive, input_dataname, output_dataname, 
    datalabel)`: argument "data" is missing, with no default
Backtrace:
 1. MatrixFilterStates$new(...)
      at test-FilterStates.R:258:4
 2. teal.slice (local) initialize(...)
 3. super$initialize(...)</error>
    </testcase>
    <testcase time="0.0280000000000005" classname="FilterStates" name="Elements_of_the_list_returned_by_state_list_get_have_names_corresponding_to_varname_SEFilterStates">
      <error type="error" message="Error in `super$initialize(data, data_reactive, input_dataname, output_dataname,  ('test-FilterStates.R:270')">Error in `super$initialize(data, data_reactive, input_dataname, output_dataname, 
    datalabel)`: argument "data" is missing, with no default
Backtrace:
 1. SEFilterStates$new(...)
      at test-FilterStates.R:270:4
 2. teal.slice (local) initialize(...)
 3. super$initialize(...)</error>
    </testcase>
    <testcase time="0.0269999999999992" classname="FilterStates" name="Elements_of_the_list_returned_by_state_list_get_have_names_corresponding_to_varname_MAEFilterStates">
      <error type="error" message="Error in `super$initialize(data, data_reactive, input_dataname, output_dataname,  ('test-FilterStates.R:282')">Error in `super$initialize(data, data_reactive, input_dataname, output_dataname, 
    datalabel)`: argument "data" is missing, with no default
Backtrace:
 1. MAEFilterStates$new(...)
      at test-FilterStates.R:282:4
 2. teal.slice (local) initialize(...)
 3. super$initialize(...)</error>
    </testcase>
    <testcase time="0.0280000000000005" classname="FilterStates" name="state_list_remove_removes_filter_state_without_error_DFFilterStates">
      <error type="error" message="Error in `super$initialize(data, data_reactive, input_dataname, output_dataname,  ('test-FilterStates.R:296')">Error in `super$initialize(data, data_reactive, input_dataname, output_dataname, 
    datalabel)`: argument "data" is missing, with no default
Backtrace:
 1. DFFilterStates$new(...)
      at test-FilterStates.R:296:2
 2. teal.slice (local) initialize(...)
 3. super$initialize(...)</error>
    </testcase>
    <testcase time="0.0280000000000005" classname="FilterStates" name="state_list_remove_removes_filter_state_without_error_MatrixFilterStates">
      <error type="error" message="Error in `super$initialize(data, data_reactive, input_dataname, output_dataname,  ('test-FilterStates.R:308')">Error in `super$initialize(data, data_reactive, input_dataname, output_dataname, 
    datalabel)`: argument "data" is missing, with no default
Backtrace:
 1. MatrixFilterStates$new(...)
      at test-FilterStates.R:308:2
 2. teal.slice (local) initialize(...)
 3. super$initialize(...)</error>
    </testcase>
    <testcase time="0.0279999999999987" classname="FilterStates" name="state_list_remove_removes_filter_state_without_error_SEFilterStates">
      <error type="error" message="Error in `super$initialize(data, data_reactive, input_dataname, output_dataname,  ('test-FilterStates.R:318')">Error in `super$initialize(data, data_reactive, input_dataname, output_dataname, 
    datalabel)`: argument "data" is missing, with no default
Backtrace:
 1. SEFilterStates$new(...)
      at test-FilterStates.R:318:2
 2. teal.slice (local) initialize(...)
 3. super$initialize(...)</error>
    </testcase>
    <testcase time="0.027000000000001" classname="FilterStates" name="state_list_remove_removes_filter_state_without_error_MAEFilterStates">
      <error type="error" message="Error in `super$initialize(data, data_reactive, input_dataname, output_dataname,  ('test-FilterStates.R:328')">Error in `super$initialize(data, data_reactive, input_dataname, output_dataname, 
    datalabel)`: argument "data" is missing, with no default
Backtrace:
 1. MAEFilterStates$new(...)
      at test-FilterStates.R:328:2
 2. teal.slice (local) initialize(...)
 3. super$initialize(...)</error>
    </testcase>
    <testcase time="0.0280000000000005" classname="FilterStates" name="state_list_is_empty_after_pushing_and_removing_an_element_from_it_DFFilterStates">
      <error type="error" message="Error in `super$initialize(data, data_reactive, input_dataname, output_dataname,  ('test-FilterStates.R:342')">Error in `super$initialize(data, data_reactive, input_dataname, output_dataname, 
    datalabel)`: argument "data" is missing, with no default
Backtrace:
 1. DFFilterStates$new(...)
      at test-FilterStates.R:342:2
 2. teal.slice (local) initialize(...)
 3. super$initialize(...)</error>
    </testcase>
    <testcase time="0.0269999999999992" classname="FilterStates" name="state_list_is_empty_after_pushing_and_removing_an_element_from_it_MatrixFilterStates">
      <error type="error" message="Error in `super$initialize(data, data_reactive, input_dataname, output_dataname,  ('test-FilterStates.R:355')">Error in `super$initialize(data, data_reactive, input_dataname, output_dataname, 
    datalabel)`: argument "data" is missing, with no default
Backtrace:
 1. MatrixFilterStates$new(...)
      at test-FilterStates.R:355:2
 2. teal.slice (local) initialize(...)
 3. super$initialize(...)</error>
    </testcase>
    <testcase time="0.0269999999999992" classname="FilterStates" name="state_list_is_empty_after_pushing_and_removing_an_element_from_it_SEFilterStates">
      <error type="error" message="Error in `super$initialize(data, data_reactive, input_dataname, output_dataname,  ('test-FilterStates.R:366')">Error in `super$initialize(data, data_reactive, input_dataname, output_dataname, 
    datalabel)`: argument "data" is missing, with no default
Backtrace:
 1. SEFilterStates$new(...)
      at test-FilterStates.R:366:2
 2. teal.slice (local) initialize(...)
 3. super$initialize(...)</error>
    </testcase>
    <testcase time="0.0280000000000005" classname="FilterStates" name="state_list_is_empty_after_pushing_and_removing_an_element_from_it_MAEFilterStates">
      <error type="error" message="Error in `super$initialize(data, data_reactive, input_dataname, output_dataname,  ('test-FilterStates.R:377')">Error in `super$initialize(data, data_reactive, input_dataname, output_dataname, 
    datalabel)`: argument "data" is missing, with no default
Backtrace:
 1. MAEFilterStates$new(...)
      at test-FilterStates.R:377:2
 2. teal.slice (local) initialize(...)
 3. super$initialize(...)</error>
    </testcase>
    <testcase time="0.027000000000001" classname="FilterStates" name="state_list_is_empty_after_state_list_empty_DFFilterStates">
      <error type="error" message="Error in `super$initialize(data, data_reactive, input_dataname, output_dataname,  ('test-FilterStates.R:392')">Error in `super$initialize(data, data_reactive, input_dataname, output_dataname, 
    datalabel)`: argument "data" is missing, with no default
Backtrace:
 1. DFFilterStates$new(...)
      at test-FilterStates.R:392:2
 2. teal.slice (local) initialize(...)
 3. super$initialize(...)</error>
    </testcase>
    <testcase time="0.0279999999999987" classname="FilterStates" name="state_list_is_empty_after_state_list_empty_MatrixFilterStates">
      <error type="error" message="Error in `super$initialize(data, data_reactive, input_dataname, output_dataname,  ('test-FilterStates.R:405')">Error in `super$initialize(data, data_reactive, input_dataname, output_dataname, 
    datalabel)`: argument "data" is missing, with no default
Backtrace:
 1. MatrixFilterStates$new(...)
      at test-FilterStates.R:405:2
 2. teal.slice (local) initialize(...)
 3. super$initialize(...)</error>
    </testcase>
    <testcase time="0.027000000000001" classname="FilterStates" name="state_list_is_empty_after_state_list_empty_SEFilterStates">
      <error type="error" message="Error in `super$initialize(data, data_reactive, input_dataname, output_dataname,  ('test-FilterStates.R:416')">Error in `super$initialize(data, data_reactive, input_dataname, output_dataname, 
    datalabel)`: argument "data" is missing, with no default
Backtrace:
 1. SEFilterStates$new(...)
      at test-FilterStates.R:416:2
 2. teal.slice (local) initialize(...)
 3. super$initialize(...)</error>
    </testcase>
    <testcase time="0.0279999999999987" classname="FilterStates" name="state_list_is_empty_after_state_list_empty_MAEFilterStates">
      <error type="error" message="Error in `super$initialize(data, data_reactive, input_dataname, output_dataname,  ('test-FilterStates.R:427')">Error in `super$initialize(data, data_reactive, input_dataname, output_dataname, 
    datalabel)`: argument "data" is missing, with no default
Backtrace:
 1. MAEFilterStates$new(...)
      at test-FilterStates.R:427:2
 2. teal.slice (local) initialize(...)
 3. super$initialize(...)</error>
    </testcase>
    <testcase time="0.027000000000001" classname="FilterStates" name="get_fun_returns_subset_after_initialization">
      <error type="error" message="Error in `checkmate::check_class(output_dataname, &quot;call&quot;)`: argument &quot;output_dataname&quot; is missing, with no default ('test-FilterStates.R:442')">Error in `checkmate::check_class(output_dataname, "call")`: argument "output_dataname" is missing, with no default
Backtrace:
 1. FilterStates$new(input_dataname = "test", "test", "test")
      at test-FilterStates.R:442:2
 2. teal.slice (local) initialize(...)
 6. checkmate::check_class(output_dataname, "call")</error>
    </testcase>
    <testcase time="0.0269999999999992" classname="FilterStates" name="get_call_returns_NULL_after_initialization_if_input_dataname_is_the_same_as_output_dataname">
      <error type="error" message="Error in `initialize(...)`: argument &quot;data&quot; is missing, with no default ('test-FilterStates.R:449')">Error in `initialize(...)`: argument "data" is missing, with no default
Backtrace:
 1. FilterStates$new(...)
      at test-FilterStates.R:449:2
 2. teal.slice (local) initialize(...)</error>
    </testcase>
    <testcase time="0.027000000000001" classname="FilterStates" name="get_call_returns_a_call_binding_the_object_output_dataname_to_input_dataname">
      <error type="error" message="Error in `initialize(...)`: argument &quot;data&quot; is missing, with no default ('test-FilterStates.R:459')">Error in `initialize(...)`: argument "data" is missing, with no default
Backtrace:
 1. FilterStates$new(...)
      at test-FilterStates.R:459:2
 2. teal.slice (local) initialize(...)</error>
    </testcase>
    <testcase time="0.0279999999999987" classname="FilterStates" name="get_call_returns_a_call_filtering_a_data.frame_based_on_a_RangeFilterState">
      <error type="error" message="Error in `super$initialize(data, data_reactive, input_dataname, output_dataname,  ('test-FilterStates.R:472')">Error in `super$initialize(data, data_reactive, input_dataname, output_dataname, 
    datalabel)`: argument "data" is missing, with no default
Backtrace:
 1. DFFilterStates$new(...)
      at test-FilterStates.R:472:2
 2. teal.slice (local) initialize(...)
 3. super$initialize(...)</error>
    </testcase>
    <testcase time="0.0360000000000014" classname="FilterStates" name="get_call_returns_a_call_filtering_a_data.frame_based_on_a_ChoicesFilterState">
      <error type="error" message="Error in `super$initialize(data, data_reactive, input_dataname, output_dataname,  ('test-FilterStates.R:493')">Error in `super$initialize(data, data_reactive, input_dataname, output_dataname, 
    datalabel)`: argument "data" is missing, with no default
Backtrace:
 1. DFFilterStates$new(...)
      at test-FilterStates.R:493:2
 2. teal.slice (local) initialize(...)
 3. super$initialize(...)</error>
    </testcase>
    <testcase time="0.0239999999999991" classname="FilterStates" name="get_call_returns_a_call_filtering_a_data.frame_based_on_a_LogicalFilterState">
      <error type="error" message="Error in `super$initialize(data, data_reactive, input_dataname, output_dataname,  ('test-FilterStates.R:514')">Error in `super$initialize(data, data_reactive, input_dataname, output_dataname, 
    datalabel)`: argument "data" is missing, with no default
Backtrace:
 1. DFFilterStates$new(...)
      at test-FilterStates.R:514:2
 2. teal.slice (local) initialize(...)
 3. super$initialize(...)</error>
    </testcase>
    <testcase time="0.0250000000000004" classname="FilterStates" name="get_call_returns_a_call_filtering_a_data.frame_based_on_a_DateFilterState">
      <error type="error" message="Error in `super$initialize(data, data_reactive, input_dataname, output_dataname,  ('test-FilterStates.R:535')">Error in `super$initialize(data, data_reactive, input_dataname, output_dataname, 
    datalabel)`: argument "data" is missing, with no default
Backtrace:
 1. DFFilterStates$new(...)
      at test-FilterStates.R:535:2
 2. teal.slice (local) initialize(...)
 3. super$initialize(...)</error>
    </testcase>
    <testcase time="0.0229999999999997" classname="FilterStates" name="get_call_returns_a_call_filtering_a_data.frame_based_on_a_DatetimeFilterState">
      <error type="error" message="Error in `super$initialize(data, data_reactive, input_dataname, output_dataname,  ('test-FilterStates.R:558')">Error in `super$initialize(data, data_reactive, input_dataname, output_dataname, 
    datalabel)`: argument "data" is missing, with no default
Backtrace:
 1. DFFilterStates$new(...)
      at test-FilterStates.R:558:2
 2. teal.slice (local) initialize(...)
 3. super$initialize(...)</error>
    </testcase>
    <testcase time="0.0229999999999997" classname="FilterStates" name="get_call_returns_a_call_filtering_a_data.frame_base_on_a_combination_of_FilterState_objects">
      <error type="error" message="Error in `super$initialize(data, data_reactive, input_dataname, output_dataname,  ('test-FilterStates.R:594')">Error in `super$initialize(data, data_reactive, input_dataname, output_dataname, 
    datalabel)`: argument "data" is missing, with no default
Backtrace:
 1. DFFilterStates$new(...)
      at test-FilterStates.R:594:2
 2. teal.slice (local) initialize(...)
 3. super$initialize(...)</error>
    </testcase>
    <testcase time="0.0180000000000007" classname="FilterStates" name="data_choices_labeled_returns_an_empty_character_array_if_choices_are_an_empty_array"/>
    <testcase time="0.00699999999999967" classname="FilterStates" name="data_choices_labeled_returns_a_choices_labeled_object_if_choices_are_not_empty"/>
    <testcase time="0.00300000000000011" classname="FilterStates" name="data_choices_labeled_returns_names_of_the_elements_matching_the_choices"/>
    <testcase time="0.00300000000000011" classname="FilterStates" name="data_choices_labeled_returns_labels_of_the_elements_matching_the_choices_if_the_varlabels_are_provided_for_the_elements"/>
    <testcase time="0.00799999999999912" classname="FilterStates" name="get_filter_count_returns_the_number_of_active_filter_states_DFFilterStates">
      <error type="error" message="Error in `super$initialize(data, data_reactive, input_dataname, output_dataname,  ('test-FilterStates.R:664')">Error in `super$initialize(data, data_reactive, input_dataname, output_dataname, 
    datalabel)`: argument "data" is missing, with no default
Backtrace:
 1. DFFilterStates$new(...)
      at test-FilterStates.R:664:2
 2. teal.slice (local) initialize(...)
 3. super$initialize(...)</error>
    </testcase>
    <testcase time="0.0220000000000002" classname="FilterStates" name="get_filter_count_returns_the_number_of_active_filter_states_MartixFilterStates">
      <error type="error" message="Error in `super$initialize(data, data_reactive, input_dataname, output_dataname,  ('test-FilterStates.R:680')">Error in `super$initialize(data, data_reactive, input_dataname, output_dataname, 
    datalabel)`: argument "data" is missing, with no default
Backtrace:
 1. MatrixFilterStates$new(...)
      at test-FilterStates.R:680:2
 2. teal.slice (local) initialize(...)
 3. super$initialize(...)</error>
    </testcase>
    <testcase time="0.0220000000000002" classname="FilterStates" name="get_filter_count_returns_the_number_of_active_filter_states_SEFilterStates">
      <error type="error" message="Error in `super$initialize(data, data_reactive, input_dataname, output_dataname,  ('test-FilterStates.R:694')">Error in `super$initialize(data, data_reactive, input_dataname, output_dataname, 
    datalabel)`: argument "data" is missing, with no default
Backtrace:
 1. SEFilterStates$new(...)
      at test-FilterStates.R:694:2
 2. teal.slice (local) initialize(...)
 3. super$initialize(...)</error>
    </testcase>
    <testcase time="0.0220000000000002" classname="FilterStates" name="get_filter_count_returns_the_number_of_active_filter_states_MAEFilterStates">
      <error type="error" message="Error in `super$initialize(data, data_reactive, input_dataname, output_dataname,  ('test-FilterStates.R:708')">Error in `super$initialize(data, data_reactive, input_dataname, output_dataname, 
    datalabel)`: argument "data" is missing, with no default
Backtrace:
 1. MAEFilterStates$new(...)
      at test-FilterStates.R:708:2
 2. teal.slice (local) initialize(...)
 3. super$initialize(...)</error>
    </testcase>
    <testcase time="0.0229999999999997" classname="FilterStates" name="get_filter_count_properly_tallies_multiple_state_lists_SEFilterStates">
      <error type="error" message="Error in `super$initialize(data, data_reactive, input_dataname, output_dataname,  ('test-FilterStates.R:724')">Error in `super$initialize(data, data_reactive, input_dataname, output_dataname, 
    datalabel)`: argument "data" is missing, with no default
Backtrace:
 1. SEFilterStates$new(...)
      at test-FilterStates.R:724:2
 2. teal.slice (local) initialize(...)
 3. super$initialize(...)</error>
    </testcase>
  </testsuite>
  <testsuite name="FilteredData" timestamp="2023-02-03T15:15:27Z" hostname="b7f3c0161b11" tests="66" skipped="0" failures="1" errors="1" time="2.155">
    <testcase time="0.0289999999999999" classname="FilteredData" name="The_constructor_does_not_throw"/>
    <testcase time="0.00600000000000023" classname="FilteredData" name="set_dataset_accepts_a_data.frame_object"/>
    <testcase time="0.00600000000000023" classname="FilteredData" name="set_dataset_returns_self"/>
    <testcase time="0.00600000000000023" classname="FilteredData" name="get_keys_returns_an_empty_character_when_dataset_has_no_keys"/>
    <testcase time="0.00600000000000023" classname="FilteredData" name="get_keys_returns_the_same_character_array_if_a_dataset_has_keys"/>
    <testcase time="0.00999999999999979" classname="FilteredData" name="get_join_keys_returns_NULL_if_no_join_keys"/>
    <testcase time="0.0169999999999995" classname="FilteredData" name="get_join_keys_returns_join_keys_object_if_it_exists"/>
    <testcase time="0.00699999999999967" classname="FilteredData" name="get_varnames_returns_dataname_s_column_names"/>
    <testcase time="0.00700000000000145" classname="FilteredData" name="get_varlabels_returns_an_array_of_NAs_when_dataset_has_no_variable_labels"/>
    <testcase time="0.00799999999999912" classname="FilteredData" name="get_varlabels_returns_array_s_labels_when_dataset_has_variable_labels"/>
    <testcase time="0.00699999999999967" classname="FilteredData" name="get_datalabel_returns_character_0_for_a_dataset_with_no_labels"/>
    <testcase time="0.00600000000000023" classname="FilteredData" name="get_datalabel_returns_the_label_of_a_passed_dataset"/>
    <testcase time="0.011000000000001" classname="FilteredData" name="get_metadata_throws_error_if_dataset_does_not_exist"/>
    <testcase time="0.0109999999999992" classname="FilteredData" name="get_metadata_returns_metadata_if_dataset_exists"/>
    <testcase time="0.00399999999999956" classname="FilteredData" name="get_metadata_returns_metadata_if_dataset_exists"/>
    <testcase time="0.0080000000000009" classname="FilteredData" name="get_code_returns_the_code_passed_to_set_code"/>
    <testcase time="0.00199999999999889" classname="FilteredData" name="get_code_returns_a_string_when_FilteredData_has_no_code"/>
    <testcase time="0.00799999999999912" classname="FilteredData" name="get_data_does_not_throw_when_passed_a_dataset_name"/>
    <testcase time="0.00600000000000023" classname="FilteredData" name="get_filtered_dataset_returns_a_list_of_FilteredDataset"/>
    <testcase time="0.00999999999999979" classname="FilteredData" name="get_filtered_dataset_returns_a_list_with_elements_named_after_set_datasets"/>
    <testcase time="0.00999999999999979" classname="FilteredData" name="get_call_returns_a_list_of_language_objects_or_NULL"/>
    <testcase time="0.0200000000000014" classname="FilteredData" name="get_call_returns_a_list_of_language_objects_or_NULL"/>
    <testcase time="0.0429999999999993" classname="FilteredData" name="FilteredData_set_filter_state_sets_filters_in_FilteredDataset_specified_by_the_named_list"/>
    <testcase time="0.00399999999999956" classname="FilteredData" name="FilteredData_set_filter_state_sets_filters_in_FilteredDataset_specified_by_the_named_list"/>
    <testcase time="0.0140000000000011" classname="FilteredData" name="FilteredData_set_filter_state_throws_error_with_unnamed_datasets_list"/>
    <testcase time="0.0149999999999988" classname="FilteredData" name="FilteredData_set_filter_state_throws_error_with_unnamed_variables_list"/>
    <testcase time="0.187000000000001" classname="FilteredData" name="FilteredData_get_filter_state_returns_list_identical_to_input_with_attributes"/>
    <testcase time="0.136999999999999" classname="FilteredData" name="FilteredData_get_filter_state_returns_list_whose_attribute_is_a_character_form_of_the_list"/>
    <testcase time="0.011000000000001" classname="FilteredData" name="FilteredData_get_filter_state_returns_list_whose_attribute_is_a_character_form_of_the_list"/>
    <testcase time="0.0579999999999998" classname="FilteredData" name="FilteredData_remove_filter_state_removes_states_defined_in_list"/>
    <testcase time="0.0459999999999994" classname="FilteredData" name="FilteredData_remove_all_filter_states_removes_all_filters_of_all_datasets_in_FilteredData"/>
    <testcase time="0.00500000000000078" classname="FilteredData" name="FilteredData_remove_all_filter_states_removes_all_filters_of_all_datasets_in_FilteredData"/>
    <testcase time="0.0459999999999994" classname="FilteredData" name="FilteredData_remove_all_filter_states_remove_the_filters_of_the_desired_dataset_only"/>
    <testcase time="0.00399999999999956" classname="FilteredData" name="FilteredData_remove_all_filter_states_remove_the_filters_of_the_desired_dataset_only"/>
    <testcase time="0.189" classname="FilteredData" name="get_filter_overview_accepts_all_datasets_argument_input"/>
    <testcase time="0.0830000000000002" classname="FilteredData" name="get_filter_overview_accepts_single_dataset_argument_input"/>
    <testcase time="0.00299999999999834" classname="FilteredData" name="get_filter_overview_accepts_single_dataset_argument_input"/>
    <testcase time="0.0740000000000016" classname="FilteredData" name="get_filter_overview_accepts_single_dataset_argument_input"/>
    <testcase time="0.0869999999999997" classname="FilteredData" name="get_filter_overview_throws_error_with_empty_argument_input"/>
    <testcase time="0.0879999999999992" classname="FilteredData" name="get_filter_overview_throws_error_with_wrong_argument_input"/>
    <testcase time="0.0080000000000009" classname="FilteredData" name="get_filter_overview_throws_error_with_wrong_argument_input"/>
    <testcase time="0.00699999999999967" classname="FilteredData" name="get_filter_overview_throws_error_with_wrong_argument_input"/>
    <testcase time="0.157" classname="FilteredData" name="get_filter_overview_returns_overview_matrix_for_non_filtered_datasets"/>
    <testcase time="0.0890000000000004" classname="FilteredData" name="get_filter_overview_returns_overview_matrix_for_filtered_datasets">
      <error type="error" message="Error in `super$initialize(x, x_reactive, varname, varlabel, input_dataname,  ('test-FilteredData.R:488')">Error in `super$initialize(x, x_reactive, varname, varlabel, input_dataname, 
    extract_type)`: argument "x_reactive" is missing, with no default
Backtrace:
 1. ChoicesFilterState$new(c("F", "M"), varname = "sex")
      at test-FilteredData.R:488:2
 2. teal.slice (local) initialize(...)
 3. super$initialize(...)</error>
    </testcase>
    <testcase time="0.0269999999999992" classname="FilteredData" name="restore_state_from_bookmark_is_a_pure_virtual_method">
      <failure type="failure" message="`FilteredData$new(list(iris = list(dataset = iris)), join_keys = NULL)$restore_state_from_bookmark(&quot;test&quot;)` threw an error with unexpected message. ('test-FilteredData.R:522')">`FilteredData$new(list(iris = list(dataset = iris)), join_keys = NULL)$restore_state_from_bookmark("test")` threw an error with unexpected message.
Expected match: "Pure virtual method"
Actual message: "attempt to apply non-function"
Backtrace:
 1. testthat::expect_error(...)
      at test-FilteredData.R:522:2
 2. testthat:::quasi_capture(...)
 5. rlang::eval_bare(quo_get_expr(.quo), quo_get_env(.quo))</failure>
    </testcase>
    <testcase time="0.0269999999999992" classname="FilteredData" name="get_filter_expr_returns_a_string_with_a_filtering_expression"/>
    <testcase time="0.011000000000001" classname="FilteredData" name="FilteredData_from_TealData_preserves_the_check_field_when_check_is_FALSE"/>
    <testcase time="0.00999999999999979" classname="FilteredData" name="FilteredData_preserves_the_check_field_when_check_is_TRUE"/>
    <testcase time="0.00900000000000034" classname="FilteredData" name="get_data_returns_the_object_passed_to_the_constructor"/>
    <testcase time="0.0109999999999992" classname="FilteredData" name="get_data_assert_the_filtered_argument_is_logical_1_"/>
    <testcase time="0.163" classname="FilteredData" name="filter_panel_disable"/>
    <testcase time="0.0510000000000002" classname="FilteredData" name="filter_panel_enable"/>
    <testcase time="0.00399999999999956" classname="FilteredData" name="filter_panel_enable"/>
    <testcase time="0.0519999999999996" classname="FilteredData" name="filter_panel_disable_and_filter_panel_enable"/>
    <testcase time="0.00600000000000023" classname="FilteredData" name="filter_panel_disable_and_filter_panel_enable"/>
    <testcase time="0.00400000000000134" classname="FilteredData" name="filter_panel_disable_and_filter_panel_enable"/>
    <testcase time="0.00499999999999901" classname="FilteredData" name="filter_panel_disable_and_filter_panel_enable"/>
    <testcase time="0.032" classname="FilteredData" name="filter_panel_disable_and_filter_panel_enable"/>
    <testcase time="0.00500000000000078" classname="FilteredData" name="filter_panel_disable_and_filter_panel_enable"/>
    <testcase time="0.00999999999999979" classname="FilteredData" name="turn_filed_by_default_equal_to_TRUE"/>
    <testcase time="0.00699999999999967" classname="FilteredData" name="get_filter_panel_ui_id_empty_when_no_shiny_session"/>
    <testcase time="0.0380000000000003" classname="FilteredData" name="get_filter_panel_ui_id_non_empty_when_in_shiny_session"/>
    <testcase time="0.0280000000000005" classname="FilteredData" name="FilteredData_get_active_filters_properly_tallies_active_filter_states"/>
    <testcase time="0.0350000000000001" classname="FilteredData" name="FilteredData_get_active_filters_properly_tallies_active_filter_states"/>
    <testcase time="0.020999999999999" classname="FilteredData" name="FilteredData_get_active_filters_properly_tallies_active_filter_states_for_MAE_objects"/>
    <testcase time="0.0390000000000015" classname="FilteredData" name="FilteredData_get_active_filters_properly_tallies_active_filter_states_for_MAE_objects"/>
  </testsuite>
  <testsuite name="FilteredDataset" timestamp="2023-02-03T15:15:29Z" hostname="b7f3c0161b11" tests="21" skipped="0" failures="0" errors="3" time="0.204">
    <testcase time="0.00999999999999979" classname="FilteredDataset" name="The_constructor_accepts_a_data.frame_object_and_dataname"/>
    <testcase time="0.00399999999999956" classname="FilteredDataset" name="state_lists_empty_does_not_throw_after_initializing_FilteredDataset"/>
    <testcase time="0.00399999999999956" classname="FilteredDataset" name="get_filter_states_returns_an_empty_list_after_initialization"/>
    <testcase time="0.00399999999999956" classname="FilteredDataset" name="get_dataname_returns_the_dataname_passed_to_the_constructor"/>
    <testcase time="0.00500000000000078" classname="FilteredDataset" name="get_dataset_returns_the_dataset_passed_to_the_constructor"/>
    <testcase time="0.00399999999999956" classname="FilteredDataset" name="get_dataset_label_retruns_the_dataset_label_passed_to_the_constructor"/>
    <testcase time="0.00399999999999956" classname="FilteredDataset" name="get_keys_returns_the_keys_passed_to_the_constructor"/>
    <testcase time="0.00700000000000145" classname="FilteredDataset" name="set_filterable_varnames_restricts_which_variables_can_be_filtered">
      <error type="error" message="Error in `eval_bare(expr, quo_get_env(quo))`: attempt to apply non-function ('test-FilteredDataset.R:38')">Error in `eval_bare(expr, quo_get_env(quo))`: attempt to apply non-function
Backtrace:
 1. testthat::expect_setequal(...)
      at test-FilteredDataset.R:38:2
 2. testthat::quasi_label(enquo(object), arg = "object")
 3. rlang::eval_bare(expr, quo_get_env(quo))</error>
    </testcase>
    <testcase time="0.0239999999999991" classname="FilteredDataset" name="setting_filterable_varnames_to_NULL_or_character_0_does_not_affect_the_filterable_variables">
      <error type="error" message="Error in `eval_bare(expr, quo_get_env(quo))`: attempt to apply non-function ('test-FilteredDataset.R:52')">Error in `eval_bare(expr, quo_get_env(quo))`: attempt to apply non-function
Backtrace:
 1. testthat::expect_setequal(...)
      at test-FilteredDataset.R:52:2
 2. testthat::quasi_label(enquo(object), arg = "object")
 3. rlang::eval_bare(expr, quo_get_env(quo))</error>
    </testcase>
    <testcase time="0.0220000000000002" classname="FilteredDataset" name="setting_filterable_varnames_which_include_columns_that_do_not_exist_ignores_these_columns">
      <error type="error" message="Error in `eval_bare(expr, quo_get_env(quo))`: attempt to apply non-function ('test-FilteredDataset.R:61')">Error in `eval_bare(expr, quo_get_env(quo))`: attempt to apply non-function
Backtrace:
 1. testthat::expect_equal(...)
      at test-FilteredDataset.R:61:2
 2. testthat::quasi_label(enquo(object), label, arg = "object")
 3. rlang::eval_bare(expr, quo_get_env(quo))</error>
    </testcase>
    <testcase time="0.0240000000000009" classname="FilteredDataset" name="setting_filterable_varnames_with_varnames_not_NULL_or_non_missing_character_throws_error"/>
    <testcase time="0.00599999999999845" classname="FilteredDataset" name="setting_filterable_varnames_with_varnames_not_NULL_or_non_missing_character_throws_error"/>
    <testcase time="0.00600000000000023" classname="FilteredDataset" name="setting_filterable_varnames_with_varnames_not_NULL_or_non_missing_character_throws_error"/>
    <testcase time="0.00400000000000134" classname="FilteredDataset" name="get_varlabels_NULL_returns_a_named_array_of_NAs_if_data.frame_has_no_varlabels"/>
    <testcase time="0.00399999999999956" classname="FilteredDataset" name="get_varlabels_returns_labels_for_the_part_of_the_variables_only"/>
    <testcase time="0.00399999999999956" classname="FilteredDataset" name="get_varnames_returns_the_names_of_the_variables_in_the_data_passed_to_the_constructor"/>
    <testcase time="0.00799999999999912" classname="FilteredDataset" name="ui_add_filter_state_is_pure_virtual"/>
    <testcase time="0.00400000000000134" classname="FilteredDataset" name="get_metadata_returns_the_metadata_of_the_data_passed_to_the_constructor"/>
    <testcase time="0.00600000000000023" classname="FilteredDataset" name="get_metadata_returns_the_metadata_of_the_data_passed_to_the_constructor"/>
    <testcase time="0.0259999999999998" classname="FilteredDataset" name="_get_formatted_filter_state_returns_a_string_representation_of_filters"/>
    <testcase time="0.0239999999999991" classname="FilteredDataset" name="_get_call_returns_the_filter_call_of_the_dataset"/>
  </testsuite>
  <testsuite name="LogicalFilterState" timestamp="2023-02-03T15:15:29Z" hostname="b7f3c0161b11" tests="15" skipped="0" failures="2" errors="11" time="0.796">
    <testcase time="0.0220000000000002" classname="LogicalFilterState" name="The_constructor_accepts_logical_values">
      <failure type="failure" message="Expected `LogicalFilterState$new(c(TRUE), varname = &quot;test&quot;)` to run without any errors. ('test-LogicalFilterState.R:2')">Expected `LogicalFilterState$new(c(TRUE), varname = "test")` to run without any errors.
ℹ Actually got a &lt;simpleError&gt;:
  Error in `super$initialize()`:
  ! argument "x_reactive" is missing, with no default</failure>
    </testcase>
    <testcase time="0.00900000000000034" classname="LogicalFilterState" name="The_constructor_accepts_logical_values"/>
    <testcase time="0.0139999999999993" classname="LogicalFilterState" name="The_constructor_accepts_NA_values">
      <failure type="failure" message="Expected `LogicalFilterState$new(c(TRUE, NA), varname = &quot;test&quot;)` to run without any errors. ('test-LogicalFilterState.R:6')">Expected `LogicalFilterState$new(c(TRUE, NA), varname = "test")` to run without any errors.
ℹ Actually got a &lt;simpleError&gt;:
  Error in `super$initialize()`:
  ! argument "x_reactive" is missing, with no default</failure>
    </testcase>
    <testcase time="0.00999999999999979" classname="LogicalFilterState" name="The_constructor_accepts_NA_values"/>
    <testcase time="0.0080000000000009" classname="LogicalFilterState" name="get_call_returns_a_condition_true_for_TRUE_passed_in_the_constructor">
      <error type="error" message="Error in `super$initialize(x, x_reactive, varname, varlabel, input_dataname,  ('test-LogicalFilterState.R:11')">Error in `super$initialize(x, x_reactive, varname, varlabel, input_dataname, 
    extract_type)`: argument "x_reactive" is missing, with no default
Backtrace:
 1. LogicalFilterState$new(test, varname = "test")
      at test-LogicalFilterState.R:11:2
 2. teal.slice (local) initialize(...)
 3. super$initialize(...)</error>
    </testcase>
    <testcase time="0.0220000000000002" classname="LogicalFilterState" name="get_call_returns_a_condition_TRUE_for_a_value_FALSE_for_an_array_TRUE_FALSE_passed_to_constructor">
      <error type="error" message="Error in `super$initialize(x, x_reactive, varname, varlabel, input_dataname,  ('test-LogicalFilterState.R:18')">Error in `super$initialize(x, x_reactive, varname, varlabel, input_dataname, 
    extract_type)`: argument "x_reactive" is missing, with no default
Backtrace:
 1. LogicalFilterState$new(test, varname = "test")
      at test-LogicalFilterState.R:18:2
 2. teal.slice (local) initialize(...)
 3. super$initialize(...)</error>
    </testcase>
    <testcase time="0.0220000000000002" classname="LogicalFilterState" name="set_selected_does_not_throw_when_passed_a_scalar_logical_value">
      <error type="error" message="Error in `super$initialize(x, x_reactive, varname, varlabel, input_dataname,  ('test-LogicalFilterState.R:24')">Error in `super$initialize(x, x_reactive, varname, varlabel, input_dataname, 
    extract_type)`: argument "x_reactive" is missing, with no default
Backtrace:
 1. LogicalFilterState$new(c(TRUE, FALSE), varname = "test")
      at test-LogicalFilterState.R:24:2
 2. teal.slice (local) initialize(...)
 3. super$initialize(...)</error>
    </testcase>
    <testcase time="0.0220000000000002" classname="LogicalFilterState" name="set_selected_throws_when_the_passed_values_are_not_coercible_to_logical">
      <error type="error" message="Error in `super$initialize(x, x_reactive, varname, varlabel, input_dataname,  ('test-LogicalFilterState.R:30')">Error in `super$initialize(x, x_reactive, varname, varlabel, input_dataname, 
    extract_type)`: argument "x_reactive" is missing, with no default
Backtrace:
 1. LogicalFilterState$new(c(TRUE, FALSE), varname = "test")
      at test-LogicalFilterState.R:30:2
 2. teal.slice (local) initialize(...)
 3. super$initialize(...)</error>
    </testcase>
    <testcase time="0.533999999999999" classname="LogicalFilterState" name="get_call_returns_a_condition_true_for_the_values_passed_in_set_selected">
      <error type="error" message="Error in `super$initialize(x, x_reactive, varname, varlabel, input_dataname,  ('test-LogicalFilterState.R:38')">Error in `super$initialize(x, x_reactive, varname, varlabel, input_dataname, 
    extract_type)`: argument "x_reactive" is missing, with no default
Backtrace:
 1. LogicalFilterState$new(c(TRUE, FALSE), varname = "test")
      at test-LogicalFilterState.R:38:2
 2. teal.slice (local) initialize(...)
 3. super$initialize(...)</error>
    </testcase>
    <testcase time="0.0230000000000015" classname="LogicalFilterState" name="set_state_needs_a_named_list_with_selected_and_keep_na_elements">
      <error type="error" message="Error in `super$initialize(x, x_reactive, varname, varlabel, input_dataname,  ('test-LogicalFilterState.R:47')">Error in `super$initialize(x, x_reactive, varname, varlabel, input_dataname, 
    extract_type)`: argument "x_reactive" is missing, with no default
Backtrace:
 1. LogicalFilterState$new(x = c(TRUE, FALSE, NA), varname = "test")
      at test-LogicalFilterState.R:47:2
 2. teal.slice (local) initialize(...)
 3. super$initialize(...)</error>
    </testcase>
    <testcase time="0.0219999999999985" classname="LogicalFilterState" name="set_state_sets_values_of_selected_and_keep_na_as_provided_in_the_list">
      <error type="error" message="Error in `super$initialize(x, x_reactive, varname, varlabel, input_dataname,  ('test-LogicalFilterState.R:53')">Error in `super$initialize(x, x_reactive, varname, varlabel, input_dataname, 
    extract_type)`: argument "x_reactive" is missing, with no default
Backtrace:
 1. LogicalFilterState$new(x = c(TRUE, FALSE, NA), varname = "test")
      at test-LogicalFilterState.R:53:2
 2. teal.slice (local) initialize(...)
 3. super$initialize(...)</error>
    </testcase>
    <testcase time="0.0220000000000002" classname="LogicalFilterState" name="set_state_overwrites_fields_included_in_the_input_only">
      <error type="error" message="Error in `super$initialize(x, x_reactive, varname, varlabel, input_dataname,  ('test-LogicalFilterState.R:60')">Error in `super$initialize(x, x_reactive, varname, varlabel, input_dataname, 
    extract_type)`: argument "x_reactive" is missing, with no default
Backtrace:
 1. LogicalFilterState$new(x = c(TRUE, FALSE, NA), varname = "test")
      at test-LogicalFilterState.R:60:2
 2. teal.slice (local) initialize(...)
 3. super$initialize(...)</error>
    </testcase>
    <testcase time="0.0220000000000002" classname="LogicalFilterState" name="LogicalFilterState_is_any_filtered_works_properly_when_NA_is_present_in_data">
      <error type="error" message="Error in `super$initialize(x, x_reactive, varname, varlabel, input_dataname,  ('test-LogicalFilterState.R:70')">Error in `super$initialize(x, x_reactive, varname, varlabel, input_dataname, 
    extract_type)`: argument "x_reactive" is missing, with no default
Backtrace:
 1. teal.slice:::LogicalFilterState$new(...)
      at test-LogicalFilterState.R:70:4
 2. teal.slice (local) initialize(...)
 3. super$initialize(...)</error>
    </testcase>
    <testcase time="0.0220000000000002" classname="LogicalFilterState" name="LogicalFilterState_is_any_filtered_works_properly_when_both_TRUE_and_FALSE_are_present">
      <error type="error" message="Error in `super$initialize(x, x_reactive, varname, varlabel, input_dataname,  ('test-LogicalFilterState.R:93')">Error in `super$initialize(x, x_reactive, varname, varlabel, input_dataname, 
    extract_type)`: argument "x_reactive" is missing, with no default
Backtrace:
 1. teal.slice:::LogicalFilterState$new(...)
      at test-LogicalFilterState.R:93:4
 2. teal.slice (local) initialize(...)
 3. super$initialize(...)</error>
    </testcase>
    <testcase time="0.0220000000000002" classname="LogicalFilterState" name="LogicalFilterState_is_any_filtered_works_properly_when_only_TRUE_or_FALSE_is_present">
      <error type="error" message="Error in `super$initialize(x, x_reactive, varname, varlabel, input_dataname,  ('test-LogicalFilterState.R:138')">Error in `super$initialize(x, x_reactive, varname, varlabel, input_dataname, 
    extract_type)`: argument "x_reactive" is missing, with no default
Backtrace:
 1. teal.slice:::LogicalFilterState$new(...)
      at test-LogicalFilterState.R:138:4
 2. teal.slice (local) initialize(...)
 3. super$initialize(...)</error>
    </testcase>
  </testsuite>
  <testsuite name="MAEFilterStates" timestamp="2023-02-03T15:15:30Z" hostname="b7f3c0161b11" tests="17" skipped="0" failures="1" errors="15" time="0.847">
    <testcase time="0.032" classname="MAEFilterStates" name="The_constructor_does_not_throw">
      <failure type="failure" message="Expected `MAEFilterStates$new(...)` to run without any errors. ('test-MAEFilterStates.R:2')">Expected `MAEFilterStates$new(...)` to run without any errors.
ℹ Actually got a &lt;simpleError&gt;:
  Error in `super$initialize()`:
  ! argument "data" is missing, with no default</failure>
    </testcase>
    <testcase time="0.00799999999999912" classname="MAEFilterStates" name="The_constructor_does_not_throw"/>
    <testcase time="0.00700000000000145" classname="MAEFilterStates" name="MAEFilterStates_accept_vector_as_an_input_for_varlabels">
      <error type="error" message="Error in `super$initialize(data, data_reactive, input_dataname, output_dataname,  ('test-MAEFilterStates.R:14')">Error in `super$initialize(data, data_reactive, input_dataname, output_dataname, 
    datalabel)`: argument "data" is missing, with no default
Backtrace:
 1. MAEFilterStates$new(...)
      at test-MAEFilterStates.R:14:2
 2. teal.slice (local) initialize(...)
 3. super$initialize(...)</error>
    </testcase>
    <testcase time="0.020999999999999" classname="MAEFilterStates" name="get_fun_returns_the_MAE_specific_subset_function">
      <error type="error" message="Error in `super$initialize(data, data_reactive, input_dataname, output_dataname,  ('test-MAEFilterStates.R:25')">Error in `super$initialize(data, data_reactive, input_dataname, output_dataname, 
    datalabel)`: argument "data" is missing, with no default
Backtrace:
 1. MAEFilterStates$new(...)
      at test-MAEFilterStates.R:25:2
 2. teal.slice (local) initialize(...)
 3. super$initialize(...)</error>
    </testcase>
    <testcase time="0.0199999999999996" classname="MAEFilterStates" name="The_constructor_initializes_a_state_list">
      <error type="error" message="Error in `super$initialize(data, data_reactive, input_dataname, output_dataname,  ('test-MAEFilterStates.R:36')">Error in `super$initialize(data, data_reactive, input_dataname, output_dataname, 
    datalabel)`: argument "data" is missing, with no default
Backtrace:
 1. MAEFilterStates$new(...)
      at test-MAEFilterStates.R:36:2
 2. teal.slice (local) initialize(...)
 3. super$initialize(...)</error>
    </testcase>
    <testcase time="0.0790000000000006" classname="MAEFilterStates" name="get_call_returns_a_call_filtering_an_MAE_object_using_ChoicesFilterState">
      <error type="error" message="Error in `super$initialize(data, data_reactive, input_dataname, output_dataname,  ('test-MAEFilterStates.R:48')">Error in `super$initialize(data, data_reactive, input_dataname, output_dataname, 
    datalabel)`: argument "data" is missing, with no default
Backtrace:
 1. MAEFilterStates$new(...)
      at test-MAEFilterStates.R:48:2
 2. teal.slice (local) initialize(...)
 3. super$initialize(...)</error>
    </testcase>
    <testcase time="0.0760000000000005" classname="MAEFilterStates" name="get_call_returns_a_call_filtering_an_MAE_object_using_RangeFilterState">
      <error type="error" message="Error in `super$initialize(data, data_reactive, input_dataname, output_dataname,  ('test-MAEFilterStates.R:74')">Error in `super$initialize(data, data_reactive, input_dataname, output_dataname, 
    datalabel)`: argument "data" is missing, with no default
Backtrace:
 1. MAEFilterStates$new(...)
      at test-MAEFilterStates.R:74:2
 2. teal.slice (local) initialize(...)
 3. super$initialize(...)</error>
    </testcase>
    <testcase time="0.077" classname="MAEFilterStates" name="MAEFilterStates_set_filter_state_sets_filters_in_FilterState_s_specified_by_the_named_list">
      <error type="error" message="Error in `super$initialize(data, data_reactive, input_dataname, output_dataname,  ('test-MAEFilterStates.R:109')">Error in `super$initialize(data, data_reactive, input_dataname, output_dataname, 
    datalabel)`: argument "data" is missing, with no default
Backtrace:
 1. MAEFilterStates$new(...)
      at test-MAEFilterStates.R:109:4
 2. teal.slice (local) initialize(...)
 3. super$initialize(...)</error>
    </testcase>
    <testcase time="0.077" classname="MAEFilterStates" name="MAEFilterStates_set_filter_state_updates_filter_state_which_was_set_already">
      <error type="error" message="Error in `super$initialize(data, data_reactive, input_dataname, output_dataname,  ('test-MAEFilterStates.R:139')">Error in `super$initialize(data, data_reactive, input_dataname, output_dataname, 
    datalabel)`: argument "data" is missing, with no default
Backtrace:
 1. MAEFilterStates$new(...)
      at test-MAEFilterStates.R:139:2
 2. teal.slice (local) initialize(...)
 3. super$initialize(...)</error>
    </testcase>
    <testcase time="0.077" classname="MAEFilterStates" name="MAEFilterStates_set_filter_state_throws_error_when_not_using_a_named_list">
      <error type="error" message="Error in `super$initialize(data, data_reactive, input_dataname, output_dataname,  ('test-MAEFilterStates.R:177')">Error in `super$initialize(data, data_reactive, input_dataname, output_dataname, 
    datalabel)`: argument "data" is missing, with no default
Backtrace:
 1. MAEFilterStates$new(...)
      at test-MAEFilterStates.R:177:4
 2. teal.slice (local) initialize(...)
 3. super$initialize(...)</error>
    </testcase>
    <testcase time="0.077" classname="MAEFilterStates" name="MAEFilterStates_get_filter_state_returns_list_identical_to_input">
      <error type="error" message="Error in `super$initialize(data, data_reactive, input_dataname, output_dataname,  ('test-MAEFilterStates.R:197')">Error in `super$initialize(data, data_reactive, input_dataname, output_dataname, 
    datalabel)`: argument "data" is missing, with no default
Backtrace:
 1. MAEFilterStates$new(...)
      at test-MAEFilterStates.R:197:4
 2. teal.slice (local) initialize(...)
 3. super$initialize(...)</error>
    </testcase>
    <testcase time="0.0809999999999995" classname="MAEFilterStates" name="MAEFilterStates_remove_filter_state_removes_filters_in_FilterState_s_">
      <error type="error" message="Error in `super$initialize(data, data_reactive, input_dataname, output_dataname,  ('test-MAEFilterStates.R:218')">Error in `super$initialize(data, data_reactive, input_dataname, output_dataname, 
    datalabel)`: argument "data" is missing, with no default
Backtrace:
 1. MAEFilterStates$new(...)
      at test-MAEFilterStates.R:218:4
 2. teal.slice (local) initialize(...)
 3. super$initialize(...)</error>
    </testcase>
    <testcase time="0.0779999999999994" classname="MAEFilterStates" name="MAEFilterStates_remove_filter_state_throws_warning_when_name_is_not_in_FilterStates">
      <error type="error" message="Error in `super$initialize(data, data_reactive, input_dataname, output_dataname,  ('test-MAEFilterStates.R:253')">Error in `super$initialize(data, data_reactive, input_dataname, output_dataname, 
    datalabel)`: argument "data" is missing, with no default
Backtrace:
 1. MAEFilterStates$new(...)
      at test-MAEFilterStates.R:253:4
 2. teal.slice (local) initialize(...)
 3. super$initialize(...)</error>
    </testcase>
    <testcase time="0.0210000000000008" classname="MAEFilterStates" name="MAEFilterStates_ui_add_filter_state_returns_a_message_inside_a_div_when_data_has_no_rows_or_no_columns">
      <error type="error" message="Error in `super$initialize(data, data_reactive, input_dataname, output_dataname,  ('test-MAEFilterStates.R:275')">Error in `super$initialize(data, data_reactive, input_dataname, output_dataname, 
    datalabel)`: argument "data" is missing, with no default
Backtrace:
 1. MAEFilterStates$new(...)
      at test-MAEFilterStates.R:275:4
 2. teal.slice (local) initialize(...)
 3. super$initialize(...)</error>
    </testcase>
    <testcase time="0.0200000000000014" classname="MAEFilterStates" name="_format_is_a_method_of_MAEFilterStates">
      <error type="error" message="Error in `super$initialize(data, data_reactive, input_dataname, output_dataname,  ('test-MAEFilterStates.R:302')">Error in `super$initialize(data, data_reactive, input_dataname, output_dataname, 
    datalabel)`: argument "data" is missing, with no default
Backtrace:
 1. MAEFilterStates$new(...)
      at test-MAEFilterStates.R:302:2
 2. teal.slice (local) initialize(...)
 3. super$initialize(...)</error>
    </testcase>
    <testcase time="0.020999999999999" classname="MAEFilterStates" name="_format_asserts_the_indent_argument_is_a_number">
      <error type="error" message="Error in `super$initialize(data, data_reactive, input_dataname, output_dataname,  ('test-MAEFilterStates.R:315')">Error in `super$initialize(data, data_reactive, input_dataname, output_dataname, 
    datalabel)`: argument "data" is missing, with no default
Backtrace:
 1. MAEFilterStates$new(...)
      at test-MAEFilterStates.R:315:2
 2. teal.slice (local) initialize(...)
 3. super$initialize(...)</error>
    </testcase>
    <testcase time="0.0749999999999993" classname="MAEFilterStates" name="_format_concatenates_its_FilterState_elements_using_n_and_indents_the_FilterState_objects">
      <error type="error" message="Error in `super$initialize(data, data_reactive, input_dataname, output_dataname,  ('test-MAEFilterStates.R:330')">Error in `super$initialize(data, data_reactive, input_dataname, output_dataname, 
    datalabel)`: argument "data" is missing, with no default
Backtrace:
 1. MAEFilterStates$new(...)
      at test-MAEFilterStates.R:330:2
 2. teal.slice (local) initialize(...)
 3. super$initialize(...)</error>
    </testcase>
  </testsuite>
  <testsuite name="MAEFilteredDataset" timestamp="2023-02-03T15:15:31Z" hostname="b7f3c0161b11" tests="19" skipped="0" failures="0" errors="3" time="1.825">
    <testcase time="0.093" classname="MAEFilteredDataset" name="MAEFilteredDataset_accepts_a_MultiAssayExperiment_object"/>
    <testcase time="0.00700000000000145" classname="MAEFilteredDataset" name="MAEFilteredDataset_throws_error_with_a_data.frame_passed_to_constructor"/>
    <testcase time="0.077" classname="MAEFilteredDataset" name="MAEFilteredDataset_get_call_returns_NULL_without_applying_filter"/>
    <testcase time="0.0779999999999994" classname="MAEFilteredDataset" name="MAEFilteredDataset_get_call_returns_a_call_with_applying_filter">
      <error type="error" message="Error in `super$initialize(x, x_reactive, varname, varlabel, input_dataname,  ('test-MAEFilteredDataset.R:24')">Error in `super$initialize(x, x_reactive, varname, varlabel, input_dataname, 
    extract_type)`: argument "x_reactive" is missing, with no default
Backtrace:
 1. ChoicesFilterState$new(...)
      at test-MAEFilteredDataset.R:24:2
 2. teal.slice (local) initialize(...)
 3. super$initialize(...)</error>
    </testcase>
    <testcase time="0.134" classname="MAEFilteredDataset" name="get_filter_overview_info_returns_overview_matrix_for_MAEFilteredDataset_without_filtering"/>
    <testcase time="0.077" classname="MAEFilteredDataset" name="get_filter_overview_info_returns_overview_matrix_for_MAEFilteredDataset_with_filtering">
      <error type="error" message="Error in `super$initialize(x, x_reactive, varname, varlabel, input_dataname,  ('test-MAEFilteredDataset.R:72')">Error in `super$initialize(x, x_reactive, varname, varlabel, input_dataname, 
    extract_type)`: argument "x_reactive" is missing, with no default
Backtrace:
 1. ChoicesFilterState$new(...)
      at test-MAEFilteredDataset.R:72:2
 2. teal.slice (local) initialize(...)
 3. super$initialize(...)</error>
    </testcase>
    <testcase time="0.124000000000001" classname="MAEFilteredDataset" name="MAEFilteredDataset_set_filter_state_sets_filters_in_FilterStates_specified_by_list_names"/>
    <testcase time="0.077" classname="MAEFilteredDataset" name="MAEFilteredDataset_set_filter_state_throws_error_when_using_unnamed_list"/>
    <testcase time="0.0779999999999994" classname="MAEFilteredDataset" name="MAEFilteredDataset_set_filter_state_throws_error_when_using_unnamed_variables_list"/>
    <testcase time="0.0770000000000017" classname="MAEFilteredDataset" name="MAEFilteredDataset_set_filter_state_throws_error_if_state_argument_is_not_a_list_"/>
    <testcase time="0.107999999999997" classname="MAEFilteredDataset" name="MAEFilteredDataset_get_filter_state_returns_list_identical_to_input"/>
    <testcase time="0.109000000000002" classname="MAEFilteredDataset" name="MAEFilteredDataset_remove_filter_state_removes_desired_filter"/>
    <testcase time="0.108999999999998" classname="MAEFilteredDataset" name="MAEFilteredDataset_remove_filter_state_throws_error_if_list_in_unnamed"/>
    <testcase time="0.0760000000000005" classname="MAEFilteredDataset" name="MAEFilteredDataset_get_filterable_varnames_returns_character_0_">
      <error type="error" message="Error in `eval_bare(expr, quo_get_env(quo))`: attempt to apply non-function ('test-MAEFilteredDataset.R:269')">Error in `eval_bare(expr, quo_get_env(quo))`: attempt to apply non-function
Backtrace:
 1. testthat::expect_identical(...)
      at test-MAEFilteredDataset.R:269:2
 2. testthat::quasi_label(enquo(object), label, arg = "object")
 3. rlang::eval_bare(expr, quo_get_env(quo))</error>
    </testcase>
    <testcase time="0.088000000000001" classname="MAEFilteredDataset" name="get_supported_filter_varnames.MAEFilteredDataset_returns_character_0_"/>
    <testcase time="0.126000000000001" classname="MAEFilteredDataset" name="MAEFilteredDataset_get_varlabels_returns_column_variable_labels"/>
    <testcase time="0.108999999999998" classname="MAEFilteredDataset" name="MAEFilteredDataset_filters_removed_using_remove_filters"/>
    <testcase time="0.263000000000002" classname="MAEFilteredDataset" name="MAEFilteredDataset_filters_removed_using_remove_filters"/>
    <testcase time="0.0150000000000006" classname="MAEFilteredDataset" name="MAEFilteredDataset_filters_removed_using_remove_filters"/>
  </testsuite>
  <testsuite name="MatrixFilterStates" timestamp="2023-02-03T15:15:33Z" hostname="b7f3c0161b11" tests="9" skipped="0" failures="1" errors="7" time="0.156">
    <testcase time="0.0179999999999971" classname="MatrixFilterStates" name="The_constructor_does_not_raise_errors">
      <failure type="failure" message="Expected `MatrixFilterStates$new(...)` to run without any errors. ('test-MatrixFilterStates.R:2')">Expected `MatrixFilterStates$new(...)` to run without any errors.
ℹ Actually got a &lt;simpleError&gt;:
  Error in `super$initialize()`:
  ! argument "data" is missing, with no default</failure>
    </testcase>
    <testcase time="0.00800000000000267" classname="MatrixFilterStates" name="The_constructor_does_not_raise_errors"/>
    <testcase time="0.0069999999999979" classname="MatrixFilterStates" name="The_constructor_initializes_one_state_list">
      <error type="error" message="Error in `super$initialize(data, data_reactive, input_dataname, output_dataname,  ('test-MatrixFilterStates.R:8')">Error in `super$initialize(data, data_reactive, input_dataname, output_dataname, 
    datalabel)`: argument "data" is missing, with no default
Backtrace:
 1. MatrixFilterStates$new(...)
      at test-MatrixFilterStates.R:8:2
 2. teal.slice (local) initialize(...)
 3. super$initialize(...)</error>
    </testcase>
    <testcase time="0.0199999999999996" classname="MatrixFilterStates" name="get_call_returns_a_call_filtering_a_matrix_with_numeric_values">
      <error type="error" message="Error in `super$initialize(data, data_reactive, input_dataname, output_dataname,  ('test-MatrixFilterStates.R:19')">Error in `super$initialize(data, data_reactive, input_dataname, output_dataname, 
    datalabel)`: argument "data" is missing, with no default
Backtrace:
 1. MatrixFilterStates$new(...)
      at test-MatrixFilterStates.R:19:2
 2. teal.slice (local) initialize(...)
 3. super$initialize(...)</error>
    </testcase>
    <testcase time="0.0210000000000008" classname="MatrixFilterStates" name="set_filter_state_adds_filters_to_state_list">
      <error type="error" message="Error in `super$initialize(data, data_reactive, input_dataname, output_dataname,  ('test-MatrixFilterStates.R:39')">Error in `super$initialize(data, data_reactive, input_dataname, output_dataname, 
    datalabel)`: argument "data" is missing, with no default
Backtrace:
 1. MatrixFilterStates$new(...)
      at test-MatrixFilterStates.R:39:2
 2. teal.slice (local) initialize(...)
 3. super$initialize(...)</error>
    </testcase>
    <testcase time="0.0199999999999996" classname="MatrixFilterStates" name="set_filter_state_throws_error_when_list_is_unnamed">
      <error type="error" message="Error in `super$initialize(data, data_reactive, input_dataname, output_dataname,  ('test-MatrixFilterStates.R:53')">Error in `super$initialize(data, data_reactive, input_dataname, output_dataname, 
    datalabel)`: argument "data" is missing, with no default
Backtrace:
 1. MatrixFilterStates$new(...)
      at test-MatrixFilterStates.R:53:2
 2. teal.slice (local) initialize(...)
 3. super$initialize(...)</error>
    </testcase>
    <testcase time="0.0210000000000008" classname="MatrixFilterStates" name="remove_filter_state_removes_filters_from_state_list">
      <error type="error" message="Error in `super$initialize(data, data_reactive, input_dataname, output_dataname,  ('test-MatrixFilterStates.R:69')">Error in `super$initialize(data, data_reactive, input_dataname, output_dataname, 
    datalabel)`: argument "data" is missing, with no default
Backtrace:
 1. MatrixFilterStates$new(...)
      at test-MatrixFilterStates.R:69:2
 2. teal.slice (local) initialize(...)
 3. super$initialize(...)</error>
    </testcase>
    <testcase time="0.0210000000000008" classname="MatrixFilterStates" name="remove_filter_state_throws_warning_when_state_id_is_not_in_state_list">
      <error type="error" message="Error in `super$initialize(data, data_reactive, input_dataname, output_dataname,  ('test-MatrixFilterStates.R:88')">Error in `super$initialize(data, data_reactive, input_dataname, output_dataname, 
    datalabel)`: argument "data" is missing, with no default
Backtrace:
 1. MatrixFilterStates$new(...)
      at test-MatrixFilterStates.R:88:2
 2. teal.slice (local) initialize(...)
 3. super$initialize(...)</error>
    </testcase>
    <testcase time="0.0199999999999996" classname="MatrixFilterStates" name="MatrixFilterStates_ui_add_filter_state_returns_a_message_inside_a_div_when_data_has_no_rows_or_no_columns">
      <error type="error" message="Error in `super$initialize(data, data_reactive, input_dataname, output_dataname,  ('test-MatrixFilterStates.R:106')">Error in `super$initialize(data, data_reactive, input_dataname, output_dataname, 
    datalabel)`: argument "data" is missing, with no default
Backtrace:
 1. MatrixFilterStates$new(...)
      at test-MatrixFilterStates.R:106:4
 2. teal.slice (local) initialize(...)
 3. super$initialize(...)</error>
    </testcase>
  </testsuite>
  <testsuite name="RangeFilterState" timestamp="2023-02-03T15:15:33Z" hostname="b7f3c0161b11" tests="31" skipped="0" failures="3" errors="24" time="0.606">
    <testcase time="0.0330000000000013" classname="RangeFilterState" name="The_constructor_accepts_numerical_values">
      <failure type="failure" message="Expected `RangeFilterState$new(c(1), varname = &quot;test&quot;)` to run without any errors. ('test-RangeFilterState.R:2')">Expected `RangeFilterState$new(c(1), varname = "test")` to run without any errors.
ℹ Actually got a &lt;simpleError&gt;:
  Error in `super$initialize()`:
  ! argument "x_reactive" is missing, with no default</failure>
    </testcase>
    <testcase time="0.00799999999999912" classname="RangeFilterState" name="The_constructor_accepts_numerical_values"/>
    <testcase time="0.0139999999999993" classname="RangeFilterState" name="The_constructor_accepts_infinite_values_but_not_infinite_only">
      <failure type="failure" message="Expected `RangeFilterState$new(c(1, Inf, -Inf), varname = &quot;test&quot;)` to run without any errors. ('test-RangeFilterState.R:6')">Expected `RangeFilterState$new(c(1, Inf, -Inf), varname = "test")` to run without any errors.
ℹ Actually got a &lt;simpleError&gt;:
  Error in `super$initialize()`:
  ! argument "x_reactive" is missing, with no default</failure>
    </testcase>
    <testcase time="0.00900000000000034" classname="RangeFilterState" name="The_constructor_accepts_infinite_values_but_not_infinite_only"/>
    <testcase time="0.00499999999999901" classname="RangeFilterState" name="The_constructor_accepts_infinite_values_but_not_infinite_only"/>
    <testcase time="0.00600000000000023" classname="RangeFilterState" name="The_constructor_accepts_infinite_values_but_not_infinite_only"/>
    <testcase time="0.00700000000000145" classname="RangeFilterState" name="get_selected_returns_range_computed_on_a_vector_containing_c_1_Inf_Inf_NA_">
      <error type="error" message="Error in `super$initialize(x, x_reactive, varname, varlabel, input_dataname,  ('test-RangeFilterState.R:13')">Error in `super$initialize(x, x_reactive, varname, varlabel, input_dataname, 
    extract_type)`: argument "x_reactive" is missing, with no default
Backtrace:
 1. RangeFilterState$new(test, varname = "test")
      at test-RangeFilterState.R:13:2
 2. teal.slice (local) initialize(...)
 3. super$initialize(...)</error>
    </testcase>
    <testcase time="0.0210000000000008" classname="RangeFilterState" name="get_call_returns_a_condition_TRUE_for_all_values_passed_to_the_constructor">
      <error type="error" message="Error in `super$initialize(x, x_reactive, varname, varlabel, input_dataname,  ('test-RangeFilterState.R:21')">Error in `super$initialize(x, x_reactive, varname, varlabel, input_dataname, 
    extract_type)`: argument "x_reactive" is missing, with no default
Backtrace:
 1. RangeFilterState$new(c(1, 2, 3), varname = "test")
      at test-RangeFilterState.R:21:2
 2. teal.slice (local) initialize(...)
 3. super$initialize(...)</error>
    </testcase>
    <testcase time="0.0209999999999972" classname="RangeFilterState" name="get_call_returns_a_condition_TRUE_for_all_values_passed_to_the_constructor">
      <error type="error" message="Error in `super$initialize(x, x_reactive, varname, varlabel, input_dataname,  ('test-RangeFilterState.R:28')">Error in `super$initialize(x, x_reactive, varname, varlabel, input_dataname, 
    extract_type)`: argument "x_reactive" is missing, with no default
Backtrace:
 1. RangeFilterState$new(7, varname = "test")
      at test-RangeFilterState.R:28:2
 2. teal.slice (local) initialize(...)
 3. super$initialize(...)</error>
    </testcase>
    <testcase time="0.0210000000000008" classname="RangeFilterState" name="set_selected_throws_an_error_if_selecting_completely_outside_of_the_possible_range">
      <error type="error" message="Error in `super$initialize(x, x_reactive, varname, varlabel, input_dataname,  ('test-RangeFilterState.R:35')">Error in `super$initialize(x, x_reactive, varname, varlabel, input_dataname, 
    extract_type)`: argument "x_reactive" is missing, with no default
Backtrace:
 1. RangeFilterState$new(7, varname = "test")
      at test-RangeFilterState.R:35:2
 2. teal.slice (local) initialize(...)
 3. super$initialize(...)</error>
    </testcase>
    <testcase time="0.0210000000000008" classname="RangeFilterState" name="set_selected_warns_when_the_selected_range_intersects_the_possible_range_but_is_not_fully_included_in_it">
      <error type="error" message="Error in `super$initialize(x, x_reactive, varname, varlabel, input_dataname,  ('test-RangeFilterState.R:44')">Error in `super$initialize(x, x_reactive, varname, varlabel, input_dataname, 
    extract_type)`: argument "x_reactive" is missing, with no default
Backtrace:
 1. RangeFilterState$new(7, varname = "test")
      at test-RangeFilterState.R:44:2
 2. teal.slice (local) initialize(...)
 3. super$initialize(...)</error>
    </testcase>
    <testcase time="0.0210000000000008" classname="RangeFilterState" name="set_selected_defaults_to_the_lower_and_the_upper_bound_of_the_possible_range_if_the_passed_values_exceed_the_possible_range">
      <error type="error" message="Error in `super$initialize(x, x_reactive, varname, varlabel, input_dataname,  ('test-RangeFilterState.R:52')">Error in `super$initialize(x, x_reactive, varname, varlabel, input_dataname, 
    extract_type)`: argument "x_reactive" is missing, with no default
Backtrace:
 1. RangeFilterState$new(c(7, 8), varname = "test")
      at test-RangeFilterState.R:52:2
 2. teal.slice (local) initialize(...)
 3. super$initialize(...)</error>
    </testcase>
    <testcase time="0.0219999999999985" classname="RangeFilterState" name="set_selected_throws_when_the_passed_values_are_not_coercible_to_numeric">
      <error type="error" message="Error in `super$initialize(x, x_reactive, varname, varlabel, input_dataname,  ('test-RangeFilterState.R:62')">Error in `super$initialize(x, x_reactive, varname, varlabel, input_dataname, 
    extract_type)`: argument "x_reactive" is missing, with no default
Backtrace:
 1. RangeFilterState$new(7, varname = "test")
      at test-RangeFilterState.R:62:2
 2. teal.slice (local) initialize(...)
 3. super$initialize(...)</error>
    </testcase>
    <testcase time="0.0210000000000008" classname="RangeFilterState" name="set_selected_accepts_an_array_with_two_numerical_elements">
      <error type="error" message="Error in `super$initialize(x, x_reactive, varname, varlabel, input_dataname,  ('test-RangeFilterState.R:71')">Error in `super$initialize(x, x_reactive, varname, varlabel, input_dataname, 
    extract_type)`: argument "x_reactive" is missing, with no default
Backtrace:
 1. RangeFilterState$new(7, varname = "test")
      at test-RangeFilterState.R:71:2
 2. teal.slice (local) initialize(...)
 3. super$initialize(...)</error>
    </testcase>
    <testcase time="0.0210000000000008" classname="RangeFilterState" name="get_call_returns_a_valid_call_after_an_unsuccessfull_set_selected">
      <error type="error" message="Error in `super$initialize(x, x_reactive, varname, varlabel, input_dataname,  ('test-RangeFilterState.R:76')">Error in `super$initialize(x, x_reactive, varname, varlabel, input_dataname, 
    extract_type)`: argument "x_reactive" is missing, with no default
Backtrace:
 1. RangeFilterState$new(7, varname = "test")
      at test-RangeFilterState.R:76:2
 2. teal.slice (local) initialize(...)
 3. super$initialize(...)</error>
    </testcase>
    <testcase time="0.0209999999999972" classname="RangeFilterState" name="get_call_returns_the_call_with_values_passed_in_set_selected">
      <error type="error" message="Error in `super$initialize(x, x_reactive, varname, varlabel, input_dataname,  ('test-RangeFilterState.R:86')">Error in `super$initialize(x, x_reactive, varname, varlabel, input_dataname, 
    extract_type)`: argument "x_reactive" is missing, with no default
Backtrace:
 1. RangeFilterState$new(c(1, 8), varname = "test")
      at test-RangeFilterState.R:86:2
 2. teal.slice (local) initialize(...)
 3. super$initialize(...)</error>
    </testcase>
    <testcase time="0.0210000000000008" classname="RangeFilterState" name="get_call_returns_a_condition_true_for_the_values_from_the_range_passed_to_set_selected">
      <error type="error" message="Error in `super$initialize(x, x_reactive, varname, varlabel, input_dataname,  ('test-RangeFilterState.R:92')">Error in `super$initialize(x, x_reactive, varname, varlabel, input_dataname, 
    extract_type)`: argument "x_reactive" is missing, with no default
Backtrace:
 1. RangeFilterState$new(c(3, 5), varname = "test")
      at test-RangeFilterState.R:92:2
 2. teal.slice (local) initialize(...)
 3. super$initialize(...)</error>
    </testcase>
    <testcase time="0.022000000000002" classname="RangeFilterState" name="get_call_returns_the_call_with_a_condition_false_for_infinite_values">
      <error type="error" message="Error in `super$initialize(x, x_reactive, varname, varlabel, input_dataname,  ('test-RangeFilterState.R:100')">Error in `super$initialize(x, x_reactive, varname, varlabel, input_dataname, 
    extract_type)`: argument "x_reactive" is missing, with no default
Backtrace:
 1. RangeFilterState$new(c(1, 8), varname = "test")
      at test-RangeFilterState.R:100:2
 2. teal.slice (local) initialize(...)
 3. super$initialize(...)</error>
    </testcase>
    <testcase time="0.0209999999999972" classname="RangeFilterState" name="get_call_returns_a_condition_true_for_infinite_values_after_set_keep_inf_TRUE_">
      <error type="error" message="Error in `super$initialize(x, x_reactive, varname, varlabel, input_dataname,  ('test-RangeFilterState.R:106')">Error in `super$initialize(x, x_reactive, varname, varlabel, input_dataname, 
    extract_type)`: argument "x_reactive" is missing, with no default
Backtrace:
 1. RangeFilterState$new(c(1, 8), varname = "test")
      at test-RangeFilterState.R:106:2
 2. teal.slice (local) initialize(...)
 3. super$initialize(...)</error>
    </testcase>
    <testcase time="0.022000000000002" classname="RangeFilterState" name="get_call_returns_a_condition_returning_NA_for_NA_values">
      <error type="error" message="Error in `super$initialize(x, x_reactive, varname, varlabel, input_dataname,  ('test-RangeFilterState.R:113')">Error in `super$initialize(x, x_reactive, varname, varlabel, input_dataname, 
    extract_type)`: argument "x_reactive" is missing, with no default
Backtrace:
 1. RangeFilterState$new(c(1, 8), varname = "test")
      at test-RangeFilterState.R:113:2
 2. teal.slice (local) initialize(...)
 3. super$initialize(...)</error>
    </testcase>
    <testcase time="0.0210000000000008" classname="RangeFilterState" name="get_call_returns_a_condition_true_for_NAs_after_set_keep_na_TRUE_">
      <error type="error" message="Error in `super$initialize(x, x_reactive, varname, varlabel, input_dataname,  ('test-RangeFilterState.R:119')">Error in `super$initialize(x, x_reactive, varname, varlabel, input_dataname, 
    extract_type)`: argument "x_reactive" is missing, with no default
Backtrace:
 1. RangeFilterState$new(c(1, 8), varname = "test")
      at test-RangeFilterState.R:119:2
 2. teal.slice (local) initialize(...)
 3. super$initialize(...)</error>
    </testcase>
    <testcase time="0.0209999999999972" classname="RangeFilterState" name="get_call_returns_a_condition_true_for_NAs_and_Inf_values_after_setting_NA_and_Inf_flag">
      <error type="error" message="Error in `super$initialize(x, x_reactive, varname, varlabel, input_dataname,  ('test-RangeFilterState.R:126')">Error in `super$initialize(x, x_reactive, varname, varlabel, input_dataname, 
    extract_type)`: argument "x_reactive" is missing, with no default
Backtrace:
 1. RangeFilterState$new(c(1, 8), varname = "test")
      at test-RangeFilterState.R:126:2
 2. teal.slice (local) initialize(...)
 3. super$initialize(...)</error>
    </testcase>
    <testcase time="0.022000000000002" classname="RangeFilterState" name="get_state_returns_a_list_identical_to_set_state_input">
      <error type="error" message="Error in `super$initialize(x, x_reactive, varname, varlabel, input_dataname,  ('test-RangeFilterState.R:134')">Error in `super$initialize(x, x_reactive, varname, varlabel, input_dataname, 
    extract_type)`: argument "x_reactive" is missing, with no default
Backtrace:
 1. RangeFilterState$new(c(1, 8, NA_real_, Inf), varname = "test")
      at test-RangeFilterState.R:134:2
 2. teal.slice (local) initialize(...)
 3. super$initialize(...)</error>
    </testcase>
    <testcase time="0.0309999999999988" classname="RangeFilterState" name="set_state_needs_a_named_list_with_selected_keep_na_and_keep_inf_elements">
      <error type="error" message="Error in `super$initialize(x, x_reactive, varname, varlabel, input_dataname,  ('test-RangeFilterState.R:141')">Error in `super$initialize(x, x_reactive, varname, varlabel, input_dataname, 
    extract_type)`: argument "x_reactive" is missing, with no default
Backtrace:
 1. RangeFilterState$new(c(1, 8, NA_real_, Inf), varname = "test")
      at test-RangeFilterState.R:141:2
 2. teal.slice (local) initialize(...)
 3. super$initialize(...)</error>
    </testcase>
    <testcase time="0.022000000000002" classname="RangeFilterState" name="set_state_sets_values_of_selected_and_keep_na_as_provided_in_the_list">
      <error type="error" message="Error in `super$initialize(x, x_reactive, varname, varlabel, input_dataname,  ('test-RangeFilterState.R:147')">Error in `super$initialize(x, x_reactive, varname, varlabel, input_dataname, 
    extract_type)`: argument "x_reactive" is missing, with no default
Backtrace:
 1. RangeFilterState$new(c(1, 8, NA_real_, Inf), varname = "test")
      at test-RangeFilterState.R:147:2
 2. teal.slice (local) initialize(...)
 3. super$initialize(...)</error>
    </testcase>
    <testcase time="0.0219999999999985" classname="RangeFilterState" name="set_state_overwrites_fields_included_in_the_input_only">
      <error type="error" message="Error in `super$initialize(x, x_reactive, varname, varlabel, input_dataname,  ('test-RangeFilterState.R:155')">Error in `super$initialize(x, x_reactive, varname, varlabel, input_dataname, 
    extract_type)`: argument "x_reactive" is missing, with no default
Backtrace:
 1. RangeFilterState$new(c(1, 8, NA_real_, Inf), varname = "test")
      at test-RangeFilterState.R:155:2
 2. teal.slice (local) initialize(...)
 3. super$initialize(...)</error>
    </testcase>
    <testcase time="0.0219999999999985" classname="RangeFilterState" name="RangeFilterState_is_any_filtered_works_properly_when_NA_and_Inf_are_present_in_data">
      <error type="error" message="Error in `super$initialize(x, x_reactive, varname, varlabel, input_dataname,  ('test-RangeFilterState.R:166')">Error in `super$initialize(x, x_reactive, varname, varlabel, input_dataname, 
    extract_type)`: argument "x_reactive" is missing, with no default
Backtrace:
 1. teal.slice:::RangeFilterState$new(...)
      at test-RangeFilterState.R:166:4
 2. teal.slice (local) initialize(...)
 3. super$initialize(...)</error>
    </testcase>
    <testcase time="0.022000000000002" classname="RangeFilterState" name="_format_is_a_FilterStates_s_method_that_accepts_indent">
      <error type="error" message="Error in `super$initialize(x, x_reactive, varname, varlabel, input_dataname,  ('test-RangeFilterState.R:223')">Error in `super$initialize(x, x_reactive, varname, varlabel, input_dataname, 
    extract_type)`: argument "x_reactive" is missing, with no default
Backtrace:
 1. RangeFilterState$new(7, varname = "test")
      at test-RangeFilterState.R:223:2
 2. teal.slice (local) initialize(...)
 3. super$initialize(...)</error>
    </testcase>
    <testcase time="0.0219999999999985" classname="RangeFilterState" name="_format_asserts_that_indent_is_numeric">
      <failure type="failure" message="`RangeFilterState$new(c(7), varname = &quot;test&quot;)$format(indent = &quot;wrong type&quot;)` threw an error with unexpected message. ('test-RangeFilterState.R:228')">`RangeFilterState$new(c(7), varname = "test")$format(indent = "wrong type")` threw an error with unexpected message.
Expected match: "Assertion on 'indent' failed: Must be of type 'number'"
Actual message: "argument \"x_reactive\" is missing, with no default"
Backtrace:
 1. testthat::expect_error(...)
      at test-RangeFilterState.R:228:2
 6. RangeFilterState$new(c(7), varname = "test")
 7. teal.slice (local) initialize(...)
 8. super$initialize(...)</failure>
    </testcase>
    <testcase time="0.022000000000002" classname="RangeFilterState" name="_format_returns_a_string_representation_the_FilterState_object">
      <error type="error" message="Error in `super$initialize(x, x_reactive, varname, varlabel, input_dataname,  ('test-RangeFilterState.R:235')">Error in `super$initialize(x, x_reactive, varname, varlabel, input_dataname, 
    extract_type)`: argument "x_reactive" is missing, with no default
Backtrace:
 1. RangeFilterState$new(c(7), varname = "test")
      at test-RangeFilterState.R:235:2
 2. teal.slice (local) initialize(...)
 3. super$initialize(...)</error>
    </testcase>
    <testcase time="0.0209999999999972" classname="RangeFilterState" name="_format_prepends_spaces_to_every_line_of_the_returned_string">
      <error type="error" message="Error in `super$initialize(x, x_reactive, varname, varlabel, input_dataname,  ('test-RangeFilterState.R:249')">Error in `super$initialize(x, x_reactive, varname, varlabel, input_dataname, 
    extract_type)`: argument "x_reactive" is missing, with no default
Backtrace:
 1. RangeFilterState$new(c(7), varname = "test")
      at test-RangeFilterState.R:249:2
 2. teal.slice (local) initialize(...)
 3. super$initialize(...)</error>
    </testcase>
  </testsuite>
  <testsuite name="SEFilterStates" timestamp="2023-02-03T15:15:34Z" hostname="b7f3c0161b11" tests="29" skipped="0" failures="2" errors="26" time="1.039">
    <testcase time="0.0310000000000024" classname="SEFilterStates" name="The_constructor_does_not_throw">
      <failure type="failure" message="Expected `SEFilterStates$new(...)` to run without any errors. ('test-SEFilterStates.R:38')">Expected `SEFilterStates$new(...)` to run without any errors.
ℹ Actually got a &lt;simpleError&gt;:
  Error in `super$initialize()`:
  ! argument "data" is missing, with no default</failure>
    </testcase>
    <testcase time="0.00900000000000034" classname="SEFilterStates" name="The_constructor_does_not_throw"/>
    <testcase time="0.00600000000000023" classname="SEFilterStates" name="The_constructor_initializes_two_state_lists">
      <error type="error" message="Error in `super$initialize(data, data_reactive, input_dataname, output_dataname,  ('test-SEFilterStates.R:46')">Error in `super$initialize(data, data_reactive, input_dataname, output_dataname, 
    datalabel)`: argument "data" is missing, with no default
Backtrace:
 1. SEFilterStates$new(...)
      at test-SEFilterStates.R:46:2
 2. teal.slice (local) initialize(...)
 3. super$initialize(...)</error>
    </testcase>
    <testcase time="0.0199999999999996" classname="SEFilterStates" name="set_filter_state_throws_error_when_input_is_missing">
      <error type="error" message="Error in `super$initialize(data, data_reactive, input_dataname, output_dataname,  ('test-SEFilterStates.R:56')">Error in `super$initialize(data, data_reactive, input_dataname, output_dataname, 
    datalabel)`: argument "data" is missing, with no default
Backtrace:
 1. SEFilterStates$new(...)
      at test-SEFilterStates.R:56:2
 2. teal.slice (local) initialize(...)
 3. super$initialize(...)</error>
    </testcase>
    <testcase time="0.0199999999999996" classname="SEFilterStates" name="set_filter_state_throws_error_when_no_data_argument_is_inputted">
      <error type="error" message="Error in `super$initialize(data, data_reactive, input_dataname, output_dataname,  ('test-SEFilterStates.R:65')">Error in `super$initialize(data, data_reactive, input_dataname, output_dataname, 
    datalabel)`: argument "data" is missing, with no default
Backtrace:
 1. SEFilterStates$new(...)
      at test-SEFilterStates.R:65:2
 2. teal.slice (local) initialize(...)
 3. super$initialize(...)</error>
    </testcase>
    <testcase time="0.0199999999999996" classname="SEFilterStates" name="set_filter_state_throws_error_when_data_argument_is_not_of_class_SummarizedExperiment">
      <error type="error" message="Error in `super$initialize(data, data_reactive, input_dataname, output_dataname,  ('test-SEFilterStates.R:74')">Error in `super$initialize(data, data_reactive, input_dataname, output_dataname, 
    datalabel)`: argument "data" is missing, with no default
Backtrace:
 1. SEFilterStates$new(...)
      at test-SEFilterStates.R:74:2
 2. teal.slice (local) initialize(...)
 3. super$initialize(...)</error>
    </testcase>
    <testcase time="0.0210000000000008" classname="SEFilterStates" name="set_filter_state_throws_error_when_state_argument_contains_extra_elements">
      <error type="error" message="Error in `super$initialize(data, data_reactive, input_dataname, output_dataname,  ('test-SEFilterStates.R:84')">Error in `super$initialize(data, data_reactive, input_dataname, output_dataname, 
    datalabel)`: argument "data" is missing, with no default
Backtrace:
 1. SEFilterStates$new(...)
      at test-SEFilterStates.R:84:2
 2. teal.slice (local) initialize(...)
 3. super$initialize(...)</error>
    </testcase>
    <testcase time="0.0199999999999996" classname="SEFilterStates" name="set_filter_state_throws_error_when_state_argument_is_not_a_list">
      <error type="error" message="Error in `super$initialize(data, data_reactive, input_dataname, output_dataname,  ('test-SEFilterStates.R:95')">Error in `super$initialize(data, data_reactive, input_dataname, output_dataname, 
    datalabel)`: argument "data" is missing, with no default
Backtrace:
 1. SEFilterStates$new(...)
      at test-SEFilterStates.R:95:2
 2. teal.slice (local) initialize(...)
 3. super$initialize(...)</error>
    </testcase>
    <testcase time="0.0199999999999996" classname="SEFilterStates" name="set_filter_state_returns_NULL_when_state_argument_contains_subset_and_select_set_as_NULL">
      <error type="error" message="Error in `super$initialize(data, data_reactive, input_dataname, output_dataname,  ('test-SEFilterStates.R:109')">Error in `super$initialize(data, data_reactive, input_dataname, output_dataname, 
    datalabel)`: argument "data" is missing, with no default
Backtrace:
 1. SEFilterStates$new(...)
      at test-SEFilterStates.R:109:4
 2. teal.slice (local) initialize(...)
 3. super$initialize(...)</error>
    </testcase>
    <testcase time="0.0199999999999996" classname="SEFilterStates" name="set_filter_state_returns_NULL_when_state_argument_is_an_empty_list">
      <error type="error" message="Error in `super$initialize(data, data_reactive, input_dataname, output_dataname,  ('test-SEFilterStates.R:123')">Error in `super$initialize(data, data_reactive, input_dataname, output_dataname, 
    datalabel)`: argument "data" is missing, with no default
Backtrace:
 1. SEFilterStates$new(...)
      at test-SEFilterStates.R:123:2
 2. teal.slice (local) initialize(...)
 3. super$initialize(...)</error>
    </testcase>
    <testcase time="0.0199999999999996" classname="SEFilterStates" name="clone_method_returns_object_with_the_same_state">
      <error type="error" message="Error in `super$initialize(data, data_reactive, input_dataname, output_dataname,  ('test-SEFilterStates.R:133')">Error in `super$initialize(data, data_reactive, input_dataname, output_dataname, 
    datalabel)`: argument "data" is missing, with no default
Backtrace:
 1. SEFilterStates$new(...)
      at test-SEFilterStates.R:133:2
 2. teal.slice (local) initialize(...)
 3. super$initialize(...)</error>
    </testcase>
    <testcase time="0.0199999999999996" classname="SEFilterStates" name="get_call_method_returns_NULL">
      <error type="error" message="Error in `super$initialize(data, data_reactive, input_dataname, output_dataname,  ('test-SEFilterStates.R:142')">Error in `super$initialize(data, data_reactive, input_dataname, output_dataname, 
    datalabel)`: argument "data" is missing, with no default
Backtrace:
 1. SEFilterStates$new(...)
      at test-SEFilterStates.R:142:2
 2. teal.slice (local) initialize(...)
 3. super$initialize(...)</error>
    </testcase>
    <testcase time="0.0200000000000031" classname="SEFilterStates" name="get_fun_method_returns_subset">
      <error type="error" message="Error in `super$initialize(data, data_reactive, input_dataname, output_dataname,  ('test-SEFilterStates.R:151')">Error in `super$initialize(data, data_reactive, input_dataname, output_dataname, 
    datalabel)`: argument "data" is missing, with no default
Backtrace:
 1. SEFilterStates$new(...)
      at test-SEFilterStates.R:151:2
 2. teal.slice (local) initialize(...)
 3. super$initialize(...)</error>
    </testcase>
    <testcase time="0.181999999999999" classname="SEFilterStates" name="get_call_returns_output_dataname_input_dataname_when_no_state_is_set">
      <error type="error" message="Error in `super$initialize(data, data_reactive, input_dataname, output_dataname,  ('test-SEFilterStates.R:162')">Error in `super$initialize(data, data_reactive, input_dataname, output_dataname, 
    datalabel)`: argument "data" is missing, with no default
Backtrace:
 1. SEFilterStates$new(...)
      at test-SEFilterStates.R:162:2
 2. teal.slice (local) initialize(...)
 3. super$initialize(...)</error>
    </testcase>
    <testcase time="0.0609999999999999" classname="SEFilterStates" name="SEFilterStates_set_filter_state_sets_state_with_only_subset">
      <error type="error" message="Error in `super$initialize(data, data_reactive, input_dataname, output_dataname,  ('test-SEFilterStates.R:178')">Error in `super$initialize(data, data_reactive, input_dataname, output_dataname, 
    datalabel)`: argument "data" is missing, with no default
Backtrace:
 1. SEFilterStates$new(...)
      at test-SEFilterStates.R:178:2
 2. teal.slice (local) initialize(...)
 3. super$initialize(...)</error>
    </testcase>
    <testcase time="0.0539999999999985" classname="SEFilterStates" name="SEFilterStates_set_filter_state_updates_select_state_which_has_been_set_already">
      <error type="error" message="Error in `super$initialize(data, data_reactive, input_dataname, output_dataname,  ('test-SEFilterStates.R:201')">Error in `super$initialize(data, data_reactive, input_dataname, output_dataname, 
    datalabel)`: argument "data" is missing, with no default
Backtrace:
 1. SEFilterStates$new(...)
      at test-SEFilterStates.R:201:2
 2. teal.slice (local) initialize(...)
 3. super$initialize(...)</error>
    </testcase>
    <testcase time="0.0420000000000016" classname="SEFilterStates" name="SEFilterStates_set_filter_state_updates_subset_state_which_has_been_set_already">
      <error type="error" message="Error in `super$initialize(data, data_reactive, input_dataname, output_dataname,  ('test-SEFilterStates.R:216')">Error in `super$initialize(data, data_reactive, input_dataname, output_dataname, 
    datalabel)`: argument "data" is missing, with no default
Backtrace:
 1. SEFilterStates$new(...)
      at test-SEFilterStates.R:216:2
 2. teal.slice (local) initialize(...)
 3. super$initialize(...)</error>
    </testcase>
    <testcase time="0.0429999999999993" classname="SEFilterStates" name="SEFilterStates_set_filter_state_updates_subset_state_which_has_been_set_already">
      <error type="error" message="Error in `super$initialize(data, data_reactive, input_dataname, output_dataname,  ('test-SEFilterStates.R:233')">Error in `super$initialize(data, data_reactive, input_dataname, output_dataname, 
    datalabel)`: argument "data" is missing, with no default
Backtrace:
 1. SEFilterStates$new(...)
      at test-SEFilterStates.R:233:2
 2. teal.slice (local) initialize(...)
 3. super$initialize(...)</error>
    </testcase>
    <testcase time="0.0429999999999993" classname="SEFilterStates" name="SEFilterStates_set_filter_state_sets_state_with_neither_subset_nor_select">
      <error type="error" message="Error in `super$initialize(data, data_reactive, input_dataname, output_dataname,  ('test-SEFilterStates.R:251')">Error in `super$initialize(data, data_reactive, input_dataname, output_dataname, 
    datalabel)`: argument "data" is missing, with no default
Backtrace:
 1. SEFilterStates$new(...)
      at test-SEFilterStates.R:251:2
 2. teal.slice (local) initialize(...)
 3. super$initialize(...)</error>
    </testcase>
    <testcase time="0.0430000000000028" classname="SEFilterStates" name="SEFilterStates_set_filter_state_sets_filters_in_state_list_specified_by_the_named_list">
      <error type="error" message="Error in `super$initialize(data, data_reactive, input_dataname, output_dataname,  ('test-SEFilterStates.R:268')">Error in `super$initialize(data, data_reactive, input_dataname, output_dataname, 
    datalabel)`: argument "data" is missing, with no default
Backtrace:
 1. SEFilterStates$new(...)
      at test-SEFilterStates.R:268:4
 2. teal.slice (local) initialize(...)
 3. super$initialize(...)</error>
    </testcase>
    <testcase time="0.0429999999999993" classname="SEFilterStates" name="SEFilterStates_get_filter_state_returns_list_identical_to_input">
      <error type="error" message="Error in `super$initialize(data, data_reactive, input_dataname, output_dataname,  ('test-SEFilterStates.R:292')">Error in `super$initialize(data, data_reactive, input_dataname, output_dataname, 
    datalabel)`: argument "data" is missing, with no default
Backtrace:
 1. SEFilterStates$new(...)
      at test-SEFilterStates.R:292:2
 2. teal.slice (local) initialize(...)
 3. super$initialize(...)</error>
    </testcase>
    <testcase time="0.041999999999998" classname="SEFilterStates" name="SEFilterStates_remove_filter_state_removes_filters_in_state_list">
      <error type="error" message="Error in `super$initialize(data, data_reactive, input_dataname, output_dataname,  ('test-SEFilterStates.R:309')">Error in `super$initialize(data, data_reactive, input_dataname, output_dataname, 
    datalabel)`: argument "data" is missing, with no default
Backtrace:
 1. SEFilterStates$new(...)
      at test-SEFilterStates.R:309:2
 2. teal.slice (local) initialize(...)
 3. super$initialize(...)</error>
    </testcase>
    <testcase time="0.0440000000000005" classname="SEFilterStates" name="SEFilterStates_remove_filter_state_removes_all_filters_in_state_list">
      <error type="error" message="Error in `super$initialize(data, data_reactive, input_dataname, output_dataname,  ('test-SEFilterStates.R:333')">Error in `super$initialize(data, data_reactive, input_dataname, output_dataname, 
    datalabel)`: argument "data" is missing, with no default
Backtrace:
 1. SEFilterStates$new(...)
      at test-SEFilterStates.R:333:2
 2. teal.slice (local) initialize(...)
 3. super$initialize(...)</error>
    </testcase>
    <testcase time="0.0429999999999993" classname="SEFilterStates" name="SEFilterStates_remove_filter_state_throws_error_when_list_is_not_named">
      <error type="error" message="Error in `super$initialize(data, data_reactive, input_dataname, output_dataname,  ('test-SEFilterStates.R:354')">Error in `super$initialize(data, data_reactive, input_dataname, output_dataname, 
    datalabel)`: argument "data" is missing, with no default
Backtrace:
 1. SEFilterStates$new(...)
      at test-SEFilterStates.R:354:2
 2. teal.slice (local) initialize(...)
 3. super$initialize(...)</error>
    </testcase>
    <testcase time="0.0440000000000005" classname="SEFilterStates" name="SEFilterStates_remove_filter_state_throws_warning_when_list_has_unknown_name_in_the_FilterState">
      <error type="error" message="Error in `super$initialize(data, data_reactive, input_dataname, output_dataname,  ('test-SEFilterStates.R:375')">Error in `super$initialize(data, data_reactive, input_dataname, output_dataname, 
    datalabel)`: argument "data" is missing, with no default
Backtrace:
 1. SEFilterStates$new(...)
      at test-SEFilterStates.R:375:4
 2. teal.slice (local) initialize(...)
 3. super$initialize(...)</error>
    </testcase>
    <testcase time="0.022000000000002" classname="SEFilterStates" name="SEFilterStates_ui_add_filter_state_returns_a_message_inside_a_div_when_data_has_no_rows_or_no_columns">
      <error type="error" message="Error in `super$initialize(data, data_reactive, input_dataname, output_dataname,  ('test-SEFilterStates.R:394')">Error in `super$initialize(data, data_reactive, input_dataname, output_dataname, 
    datalabel)`: argument "data" is missing, with no default
Backtrace:
 1. SEFilterStates$new(...)
      at test-SEFilterStates.R:394:4
 2. teal.slice (local) initialize(...)
 3. super$initialize(...)</error>
    </testcase>
    <testcase time="0.0199999999999996" classname="SEFilterStates" name="_format_is_a_method_of_SEFilterStates">
      <error type="error" message="Error in `super$initialize(data, data_reactive, input_dataname, output_dataname,  ('test-SEFilterStates.R:418')">Error in `super$initialize(data, data_reactive, input_dataname, output_dataname, 
    datalabel)`: argument "data" is missing, with no default
Backtrace:
 1. SEFilterStates$new(...)
      at test-SEFilterStates.R:418:2
 2. teal.slice (local) initialize(...)
 3. super$initialize(...)</error>
    </testcase>
    <testcase time="0.0219999999999985" classname="SEFilterStates" name="_format_asserts_the_indent_argument_is_a_number">
      <failure type="failure" message="`SEFilterStates$new(input_dataname = &quot;test&quot;, output_dataname = &quot;test_filtered&quot;,  ('test-SEFilterStates.R:429')">`SEFilterStates$new(input_dataname = "test", output_dataname = "test_filtered", 
    datalabel = character(0))$format(...)` threw an error with unexpected message.
Expected match: "Assertion on 'indent' failed: Must be of type 'number'"
Actual message: "argument \"data\" is missing, with no default"
Backtrace:
 1. testthat::expect_error(...)
      at test-SEFilterStates.R:429:2
 6. SEFilterStates$new(...)
 7. teal.slice (local) initialize(...)
 8. super$initialize(...)</failure>
    </testcase>
    <testcase time="0.0440000000000005" classname="SEFilterStates" name="_format_concatenates_its_FilterState_elements_using_n_and_indents_the_FilterState_strings">
      <error type="error" message="Error in `super$initialize(data, data_reactive, input_dataname, output_dataname,  ('test-SEFilterStates.R:443')">Error in `super$initialize(data, data_reactive, input_dataname, output_dataname, 
    datalabel)`: argument "data" is missing, with no default
Backtrace:
 1. SEFilterStates$new(...)
      at test-SEFilterStates.R:443:4
 2. teal.slice (local) initialize(...)
 3. super$initialize(...)</error>
    </testcase>
  </testsuite>
  <testsuite name="call_utils" timestamp="2023-02-03T15:15:35Z" hostname="b7f3c0161b11" tests="135" skipped="0" failures="0" errors="0" time="0.467">
    <testcase time="0.0229999999999997" classname="call_utils" name="call_condition_choice_varname_as_character"/>
    <testcase time="0.00100000000000122" classname="call_utils" name="call_condition_choice_varname_as_character"/>
    <testcase time="0.000999999999997669" classname="call_utils" name="call_condition_choice_varname_as_character"/>
    <testcase time="0.00200000000000244" classname="call_utils" name="call_condition_choice_varname_as_character"/>
    <testcase time="0.000999999999997669" classname="call_utils" name="call_condition_choice_varname_as_character"/>
    <testcase time="0.00500000000000256" classname="call_utils" name="call_condition_choice_varname_as_character"/>
    <testcase time="0.00300000000000011" classname="call_utils" name="call_condition_choice_varname_as_name_or_call"/>
    <testcase time="0.000999999999997669" classname="call_utils" name="call_condition_choice_varname_as_name_or_call"/>
    <testcase time="0.00100000000000122" classname="call_utils" name="call_condition_choice_varname_as_name_or_call"/>
    <testcase time="0.00199999999999889" classname="call_utils" name="call_condition_choice_varname_as_name_or_call"/>
    <testcase time="0.00600000000000023" classname="call_utils" name="call_condition_choice_varname_as_name_or_call"/>
    <testcase time="0.00200000000000244" classname="call_utils" name="call_condition_choice_varname_inputs_character"/>
    <testcase time="0.00199999999999889" classname="call_utils" name="call_condition_choice_varname_inputs_character"/>
    <testcase time="0.00100000000000122" classname="call_utils" name="call_condition_choice_varname_inputs_character"/>
    <testcase time="0.000999999999997669" classname="call_utils" name="call_condition_choice_varname_inputs_character"/>
    <testcase time="0.00300000000000011" classname="call_utils" name="call_codition_choice_accept_all_type_of_choices_integer"/>
    <testcase time="0.00100000000000122" classname="call_utils" name="call_codition_choice_accept_all_type_of_choices_integer"/>
    <testcase time="0.00199999999999889" classname="call_utils" name="call_codition_choice_accept_all_type_of_choices_integer"/>
    <testcase time="0.00199999999999889" classname="call_utils" name="call_codition_choice_accept_all_type_of_choices_integer"/>
    <testcase time="0.00200000000000244" classname="call_utils" name="call_codition_choice_accept_all_type_of_choices_numeric"/>
    <testcase time="0.00199999999999889" classname="call_utils" name="call_codition_choice_accept_all_type_of_choices_numeric"/>
    <testcase time="0.00100000000000122" classname="call_utils" name="call_codition_choice_accept_all_type_of_choices_numeric"/>
    <testcase time="0.00199999999999889" classname="call_utils" name="call_codition_choice_accept_all_type_of_choices_numeric"/>
    <testcase time="0.00199999999999889" classname="call_utils" name="call_condition_choice_varname_inputs_character"/>
    <testcase time="0.00200000000000244" classname="call_utils" name="call_condition_choice_varname_inputs_character"/>
    <testcase time="0.00199999999999889" classname="call_utils" name="call_condition_choice_varname_inputs_character"/>
    <testcase time="0.00100000000000122" classname="call_utils" name="call_condition_choice_varname_inputs_character"/>
    <testcase time="0.00300000000000011" classname="call_utils" name="call_condition_choice_varname_inputs_factor"/>
    <testcase time="0.00199999999999889" classname="call_utils" name="call_condition_choice_varname_inputs_factor"/>
    <testcase time="0.00100000000000122" classname="call_utils" name="call_condition_choice_varname_inputs_factor"/>
    <testcase time="0.00199999999999889" classname="call_utils" name="call_condition_choice_varname_inputs_factor"/>
    <testcase time="0.00300000000000011" classname="call_utils" name="call_codition_choice_accept_all_type_of_choices_Date"/>
    <testcase time="0.00199999999999889" classname="call_utils" name="call_codition_choice_accept_all_type_of_choices_Date"/>
    <testcase time="0.00199999999999889" classname="call_utils" name="call_codition_choice_accept_all_type_of_choices_Date"/>
    <testcase time="0.00200000000000244" classname="call_utils" name="call_codition_choice_accept_all_type_of_choices_Date"/>
    <testcase time="0.00300000000000011" classname="call_utils" name="call_codition_choice_accept_all_type_of_choices_datetime"/>
    <testcase time="0.00199999999999889" classname="call_utils" name="call_codition_choice_accept_all_type_of_choices_datetime"/>
    <testcase time="0.00199999999999889" classname="call_utils" name="call_codition_choice_accept_all_type_of_choices_datetime"/>
    <testcase time="0.00200000000000244" classname="call_utils" name="call_codition_choice_accept_all_type_of_choices_datetime"/>
    <testcase time="0.00199999999999889" classname="call_utils" name="call_codition_choice_accept_all_type_of_choices_integer"/>
    <testcase time="0.00199999999999889" classname="call_utils" name="call_codition_choice_accept_all_type_of_choices_integer"/>
    <testcase time="0.00200000000000244" classname="call_utils" name="call_codition_choice_accept_all_type_of_choices_integer"/>
    <testcase time="0.00199999999999889" classname="call_utils" name="call_codition_choice_accept_all_type_of_choices_integer"/>
    <testcase time="0.00300000000000011" classname="call_utils" name="call_condition_range_works_only_with_numeric_2_"/>
    <testcase time="0.00199999999999889" classname="call_utils" name="call_condition_range_works_only_with_numeric_2_"/>
    <testcase time="0.0139999999999993" classname="call_utils" name="call_condition_range_works_only_with_numeric_2_"/>
    <testcase time="0.00600000000000023" classname="call_utils" name="call_condition_range_works_only_with_numeric_2_"/>
    <testcase time="0.00600000000000023" classname="call_utils" name="call_condition_range_works_only_with_numeric_2_"/>
    <testcase time="0.00300000000000011" classname="call_utils" name="call_condition_logical_works_only_with_logical_1_"/>
    <testcase time="0.00200000000000244" classname="call_utils" name="call_condition_logical_works_only_with_logical_1_"/>
    <testcase time="0.000999999999997669" classname="call_utils" name="call_condition_logical_works_only_with_logical_1_"/>
    <testcase time="0.00600000000000023" classname="call_utils" name="call_condition_logical_works_only_with_logical_1_"/>
    <testcase time="0.00600000000000023" classname="call_utils" name="call_condition_logical_works_only_with_logical_1_"/>
    <testcase time="0.00600000000000023" classname="call_utils" name="call_condition_logical_works_only_with_logical_1_"/>
    <testcase time="0.00400000000000134" classname="call_utils" name="call_condition_posixct_works_with_POXIXct_range_only"/>
    <testcase time="0.00600000000000023" classname="call_utils" name="call_condition_posixct_works_with_POXIXct_range_only"/>
    <testcase time="0.00499999999999901" classname="call_utils" name="call_condition_posixct_works_with_POXIXct_range_only"/>
    <testcase time="0.00600000000000023" classname="call_utils" name="call_condition_posixct_works_with_POXIXct_range_only"/>
    <testcase time="0.00499999999999901" classname="call_utils" name="call_condition_posixct_returns_expected_timezone"/>
    <testcase time="0.00300000000000011" classname="call_utils" name="call_condition_posixct_returns_expected_timezone"/>
    <testcase time="0.00400000000000134" classname="call_utils" name="call_condition_date_works_with_date_range_only"/>
    <testcase time="0.00600000000000023" classname="call_utils" name="call_condition_date_works_with_date_range_only"/>
    <testcase time="0.00499999999999901" classname="call_utils" name="call_condition_date_works_with_date_range_only"/>
    <testcase time="0.00600000000000023" classname="call_utils" name="call_condition_date_works_with_date_range_only"/>
    <testcase time="0.00300000000000011" classname="call_utils" name="call_extract_array_dataname_type"/>
    <testcase time="0.00199999999999889" classname="call_utils" name="call_extract_array_dataname_type"/>
    <testcase time="0.00199999999999889" classname="call_utils" name="call_extract_array_dataname_type"/>
    <testcase time="0.00200000000000244" classname="call_utils" name="call_extract_array_dataname_type"/>
    <testcase time="0.0069999999999979" classname="call_utils" name="call_extract_array_dataname_type"/>
    <testcase time="0.00600000000000023" classname="call_utils" name="call_extract_array_dataname_type"/>
    <testcase time="0.00300000000000011" classname="call_utils" name="call_extract_array_row_type"/>
    <testcase time="0.00300000000000011" classname="call_utils" name="call_extract_array_row_type"/>
    <testcase time="0.00199999999999889" classname="call_utils" name="call_extract_array_row_type"/>
    <testcase time="0.00200000000000244" classname="call_utils" name="call_extract_array_row_type"/>
    <testcase time="0.00199999999999889" classname="call_utils" name="call_extract_array_row_type"/>
    <testcase time="0.00199999999999889" classname="call_utils" name="call_extract_array_row_type"/>
    <testcase time="0.00300000000000011" classname="call_utils" name="call_extract_array_row_type"/>
    <testcase time="0.00600000000000023" classname="call_utils" name="call_extract_array_row_type"/>
    <testcase time="0.00300000000000011" classname="call_utils" name="call_extract_array_col_type"/>
    <testcase time="0.00200000000000244" classname="call_utils" name="call_extract_array_col_type"/>
    <testcase time="0.00199999999999889" classname="call_utils" name="call_extract_array_col_type"/>
    <testcase time="0.00300000000000011" classname="call_utils" name="call_extract_array_col_type"/>
    <testcase time="0.00199999999999889" classname="call_utils" name="call_extract_array_col_type"/>
    <testcase time="0.00200000000000244" classname="call_utils" name="call_extract_array_col_type"/>
    <testcase time="0.00199999999999889" classname="call_utils" name="call_extract_array_col_type"/>
    <testcase time="0.0069999999999979" classname="call_utils" name="call_extract_array_col_type"/>
    <testcase time="0.00300000000000011" classname="call_utils" name="call_extract_array_aisle_type"/>
    <testcase time="0.00200000000000244" classname="call_utils" name="call_extract_array_aisle_type"/>
    <testcase time="0.00300000000000011" classname="call_utils" name="call_extract_array_aisle_type"/>
    <testcase time="0.00199999999999889" classname="call_utils" name="call_extract_array_aisle_type"/>
    <testcase time="0.00199999999999889" classname="call_utils" name="call_extract_array_aisle_type"/>
    <testcase time="0.00300000000000011" classname="call_utils" name="call_extract_array_aisle_type"/>
    <testcase time="0.00200000000000244" classname="call_utils" name="call_extract_array_aisle_type"/>
    <testcase time="0.0069999999999979" classname="call_utils" name="call_extract_array_aisle_type"/>
    <testcase time="0.00300000000000011" classname="call_utils" name="call_extract_matrix_dataname_type"/>
    <testcase time="0.00300000000000011" classname="call_utils" name="call_extract_matrix_dataname_type"/>
    <testcase time="0.00199999999999889" classname="call_utils" name="call_extract_matrix_dataname_type"/>
    <testcase time="0.00300000000000011" classname="call_utils" name="call_extract_matrix_dataname_type"/>
    <testcase time="0.00700000000000145" classname="call_utils" name="call_extract_matrix_dataname_type"/>
    <testcase time="0.00700000000000145" classname="call_utils" name="call_extract_matrix_dataname_type"/>
    <testcase time="0.00399999999999778" classname="call_utils" name="call_extract_matrix_row_type"/>
    <testcase time="0.00300000000000011" classname="call_utils" name="call_extract_matrix_row_type"/>
    <testcase time="0.00199999999999889" classname="call_utils" name="call_extract_matrix_row_type"/>
    <testcase time="0.00300000000000011" classname="call_utils" name="call_extract_matrix_row_type"/>
    <testcase time="0.00200000000000244" classname="call_utils" name="call_extract_matrix_row_type"/>
    <testcase time="0.00300000000000011" classname="call_utils" name="call_extract_matrix_row_type"/>
    <testcase time="0.00300000000000011" classname="call_utils" name="call_extract_matrix_row_type"/>
    <testcase time="0.00600000000000023" classname="call_utils" name="call_extract_matrix_row_type"/>
    <testcase time="0.00399999999999778" classname="call_utils" name="call_extract_matrix_col_type"/>
    <testcase time="0.00200000000000244" classname="call_utils" name="call_extract_matrix_col_type"/>
    <testcase time="0.00300000000000011" classname="call_utils" name="call_extract_matrix_col_type"/>
    <testcase time="0.00299999999999656" classname="call_utils" name="call_extract_matrix_col_type"/>
    <testcase time="0.00300000000000011" classname="call_utils" name="call_extract_matrix_col_type"/>
    <testcase time="0.00200000000000244" classname="call_utils" name="call_extract_matrix_col_type"/>
    <testcase time="0.00300000000000011" classname="call_utils" name="call_extract_matrix_col_type"/>
    <testcase time="0.0069999999999979" classname="call_utils" name="call_extract_matrix_col_type"/>
    <testcase time="0.00300000000000011" classname="call_utils" name="call_extract_list_dataname_argument"/>
    <testcase time="0.00300000000000011" classname="call_utils" name="call_extract_list_dataname_argument"/>
    <testcase time="0.00300000000000011" classname="call_utils" name="call_extract_list_dataname_argument"/>
    <testcase time="0.00700000000000145" classname="call_utils" name="call_extract_list_dataname_argument"/>
    <testcase time="0.00399999999999778" classname="call_utils" name="call_extract_list_varname_argument"/>
    <testcase time="0.00300000000000011" classname="call_utils" name="call_extract_list_varname_argument"/>
    <testcase time="0.00700000000000145" classname="call_utils" name="call_extract_list_varname_argument"/>
    <testcase time="0.00400000000000134" classname="call_utils" name="calls_combine_by_operator"/>
    <testcase time="0.00300000000000011" classname="call_utils" name="calls_combine_by_operator"/>
    <testcase time="0.00300000000000011" classname="call_utils" name="calls_combine_by_operator"/>
    <testcase time="0.00599999999999667" classname="call_utils" name="calls_combine_by_operator"/>
    <testcase time="0.00700000000000145" classname="call_utils" name="calls_combine_by_operator"/>
    <testcase time="0.00300000000000011" classname="call_utils" name="calls_combine_by_operator"/>
    <testcase time="0.00400000000000134" classname="call_utils" name="calls_combine_by_calls"/>
    <testcase time="0.00300000000000011" classname="call_utils" name="calls_combine_by_calls"/>
    <testcase time="0.00600000000000023" classname="call_utils" name="calls_combine_by_calls"/>
    <testcase time="0.00799999999999912" classname="call_utils" name="call_with_colon_works"/>
    <testcase time="0.00199999999999889" classname="call_utils" name="call_with_colon_works"/>
    <testcase time="0.00499999999999901" classname="call_utils" name="call_extract_matrix_does_not_throw_when_passed_a_long_500_chars_call"/>
  </testsuite>
  <testsuite name="check_ellipsis" timestamp="2023-02-03T15:15:35Z" hostname="b7f3c0161b11" tests="18" skipped="0" failures="0" errors="0" time="0.073">
    <testcase time="0.00800000000000267" classname="check_ellipsis" name="check_ellipsis_with_no_unused"/>
    <testcase time="0.00600000000000023" classname="check_ellipsis" name="check_ellipsis_with_extra_unamed_arguments"/>
    <testcase time="0.00199999999999889" classname="check_ellipsis" name="check_ellipsis_with_extra_unamed_arguments"/>
    <testcase time="0.00700000000000145" classname="check_ellipsis" name="check_ellipsis_with_extra_named_arguments"/>
    <testcase time="0.000999999999997669" classname="check_ellipsis" name="check_ellipsis_with_extra_named_arguments"/>
    <testcase time="0.00600000000000023" classname="check_ellipsis" name="check_ellipsis_with_extra_named_and_unamed_arguments"/>
    <testcase time="0.00199999999999889" classname="check_ellipsis" name="check_ellipsis_with_extra_named_and_unamed_arguments"/>
    <testcase time="0.00600000000000023" classname="check_ellipsis" name="check_ellipsis_with_extra_named_and_unamed_arguments_in_wrong_order"/>
    <testcase time="0.00199999999999889" classname="check_ellipsis" name="check_ellipsis_with_extra_named_and_unamed_arguments_in_wrong_order"/>
    <testcase time="0.00300000000000011" classname="check_ellipsis" name="check_ellipsis_with_allowed_args"/>
    <testcase time="0.00500000000000256" classname="check_ellipsis" name="check_ellipsis_with_allowed_args"/>
    <testcase time="0.00500000000000256" classname="check_ellipsis" name="check_ellipsis_with_allowed_args"/>
    <testcase time="0.00599999999999667" classname="check_ellipsis" name="check_ellipsis_with_allowed_args"/>
    <testcase time="0.00200000000000244" classname="check_ellipsis" name="check_ellipsis_with_allowed_args"/>
    <testcase time="0.00499999999999901" classname="check_ellipsis" name="check_ellipsis_with_allowed_args"/>
    <testcase time="0.00300000000000011" classname="check_ellipsis" name="check_ellipsis_with_allowed_args"/>
    <testcase time="0.00199999999999889" classname="check_ellipsis" name="check_ellipsis_with_allowed_args"/>
    <testcase time="0.00200000000000244" classname="check_ellipsis" name="check_ellipsis_with_allowed_args"/>
  </testsuite>
  <testsuite name="check_simple_name" timestamp="2023-02-03T15:15:35Z" hostname="b7f3c0161b11" tests="15" skipped="0" failures="0" errors="0" time="0.045">
    <testcase time="0.00600000000000023" classname="check_simple_name" name="check_simple_name_behaves_as_expected"/>
    <testcase time="0.00199999999999889" classname="check_simple_name" name="check_simple_name_behaves_as_expected"/>
    <testcase time="0.00100000000000122" classname="check_simple_name" name="check_simple_name_behaves_as_expected"/>
    <testcase time="0.00199999999999889" classname="check_simple_name" name="check_simple_name_behaves_as_expected"/>
    <testcase time="0.00199999999999889" classname="check_simple_name" name="check_simple_name_behaves_as_expected"/>
    <testcase time="0.00199999999999889" classname="check_simple_name" name="check_simple_name_behaves_as_expected"/>
    <testcase time="0.00200000000000244" classname="check_simple_name" name="check_simple_name_behaves_as_expected"/>
    <testcase time="0.000999999999997669" classname="check_simple_name" name="check_simple_name_behaves_as_expected"/>
    <testcase time="0.00100000000000122" classname="check_simple_name" name="check_simple_name_behaves_as_expected"/>
    <testcase time="0.00199999999999889" classname="check_simple_name" name="check_simple_name_behaves_as_expected"/>
    <testcase time="0.00499999999999901" classname="check_simple_name" name="check_simple_name_behaves_as_expected"/>
    <testcase time="0.00500000000000256" classname="check_simple_name" name="check_simple_name_behaves_as_expected"/>
    <testcase time="0.00499999999999901" classname="check_simple_name" name="check_simple_name_behaves_as_expected"/>
    <testcase time="0.00499999999999901" classname="check_simple_name" name="check_simple_name_behaves_as_expected"/>
    <testcase time="0.00399999999999778" classname="check_simple_name" name="check_simple_name_behaves_as_expected"/>
  </testsuite>
  <testsuite name="filter_panel_api" timestamp="2023-02-03T15:15:35Z" hostname="b7f3c0161b11" tests="14" skipped="0" failures="0" errors="0" time="0.4">
    <testcase time="0.017000000000003" classname="filter_panel_api" name="FilterPanelAPI_constructor_accepts_a_FilteredData_object"/>
    <testcase time="0.00600000000000023" classname="filter_panel_api" name="FilterPanelAPI_constructor_throws_error_with_a_non_FilteredData_object"/>
    <testcase time="0.00599999999999667" classname="filter_panel_api" name="FilterPanelAPI_constructor_throws_error_with_a_non_FilteredData_object"/>
    <testcase time="0.0240000000000009" classname="filter_panel_api" name="FilterPanelAPI_set_filter_state_sets_filters_specified_by_the_named_list"/>
    <testcase time="0.0280000000000022" classname="filter_panel_api" name="FilterPanelAPI_get_filter_state_returns_list_identical_to_input_without_attribute"/>
    <testcase time="0.00999999999999801" classname="filter_panel_api" name="FilterPanelAPI_remove_filter_state_removes_filter_states_defined_in_the_list"/>
    <testcase time="0.0169999999999995" classname="filter_panel_api" name="FilterPanelAPI_remove_all_filter_states_removes_all_filters_of_datasets_in_FilterPanelAPI"/>
    <testcase time="0.0470000000000006" classname="filter_panel_api" name="FilterPanelAPI_remove_all_filter_states_remove_the_filters_of_the_desired_dataset_only"/>
    <testcase time="0.0560000000000009" classname="filter_panel_api" name="filter_panel_api_neutral_when_filter_panel_is_disabled"/>
    <testcase time="0.00199999999999889" classname="filter_panel_api" name="filter_panel_api_neutral_when_filter_panel_is_disabled"/>
    <testcase time="0.00300000000000011" classname="filter_panel_api" name="filter_panel_api_neutral_when_filter_panel_is_disabled"/>
    <testcase time="0.151" classname="filter_panel_api" name="filter_panel_api_under_disable_enable_filter_panel"/>
    <testcase time="0.00200000000000244" classname="filter_panel_api" name="filter_panel_api_under_disable_enable_filter_panel"/>
    <testcase time="0.0309999999999988" classname="filter_panel_api" name="filter_panel_api_under_disable_enable_filter_panel"/>
  </testsuite>
  <testsuite name="get_supported_filter_varnames" timestamp="2023-02-03T15:15:36Z" hostname="b7f3c0161b11" tests="5" skipped="0" failures="0" errors="0" time="0.017">
    <testcase time="0.0069999999999979" classname="get_supported_filter_varnames" name="get_supported_filter_varnames_returns_character_0_for_an_empty_matrix"/>
    <testcase time="0.00300000000000011" classname="get_supported_filter_varnames" name="get_supported_filter_varnames_returns_character_0_for_an_empty_data.frame"/>
    <testcase time="0.00200000000000244" classname="get_supported_filter_varnames" name="get_supported_filter_varnames_returns_character_0_for_a_single_column_numeric_matrix"/>
    <testcase time="0.00199999999999889" classname="get_supported_filter_varnames" name="get_supported_filter_varnames_returns_character_0_for_a_single_column_of_NA_values"/>
    <testcase time="0.00300000000000011" classname="get_supported_filter_varnames" name="get_supported_filter_varnames_returns_column_names_for_a_non_empty_data.frame"/>
  </testsuite>
  <testsuite name="init_filter_state" timestamp="2023-02-03T15:15:36Z" hostname="b7f3c0161b11" tests="29" skipped="0" failures="0" errors="0" time="3.764">
    <testcase time="0.0100000000000016" classname="init_filter_state" name="init_filter_state_accepts_a_string_or_name_as_varname"/>
    <testcase time="0.00600000000000023" classname="init_filter_state" name="init_filter_state_accepts_a_string_or_name_as_varname"/>
    <testcase time="0.00599999999999667" classname="init_filter_state" name="init_filter_state_accepts_a_character_vector_of_length_0_or_1_as_varlabel"/>
    <testcase time="0.00500000000000256" classname="init_filter_state" name="init_filter_state_accepts_a_character_vector_of_length_0_or_1_as_varlabel"/>
    <testcase time="3.582" classname="init_filter_state" name="input_dataname_must_be_specified_if_extract_type_is_specified"/>
    <testcase time="0.0069999999999979" classname="init_filter_state" name="init_filter_state_accepts_name_or_call_as_input_dataname"/>
    <testcase time="0.00499999999999901" classname="init_filter_state" name="init_filter_state_accepts_name_or_call_as_input_dataname"/>
    <testcase time="0.00600000000000023" classname="init_filter_state" name="init_filter_state_accepts_name_or_call_as_input_dataname"/>
    <testcase time="0.00600000000000023" classname="init_filter_state" name="init_filter_state_accepts_character_as_extract_type"/>
    <testcase time="0.00500000000000256" classname="init_filter_state" name="init_filter_state_accepts_character_as_extract_type"/>
    <testcase time="0.00499999999999901" classname="init_filter_state" name="init_filter_state_accepts_character_as_extract_type"/>
    <testcase time="0.0069999999999979" classname="init_filter_state" name="init_filter_state_provides_default_values_for_varlabel_input_dataname_use_datname"/>
    <testcase time="0.00100000000000122" classname="init_filter_state" name="init_filter_state_provides_default_values_for_varlabel_input_dataname_use_datname"/>
    <testcase time="0.00199999999999889" classname="init_filter_state" name="init_filter_state_provides_default_values_for_varlabel_input_dataname_use_datname"/>
    <testcase time="0.00800000000000267" classname="init_filter_state" name="init_filter_state_returns_an_EmptyFilterState_if_all_values_provided_are_NA"/>
    <testcase time="0.00900000000000034" classname="init_filter_state" name="init_filter_state_returns_a_ChoicesFilterState_if_passed_a_numeric_array_of_length_5"/>
    <testcase time="0.0129999999999981" classname="init_filter_state" name="init_filter_state_returns_a_ChoicesFilterState_if_passed_a_numeric_array_of_length_5"/>
    <testcase time="0.00900000000000034" classname="init_filter_state" name="init_filter_state_returns_a_DateFilterState_object_if_passed_a_Date_object"/>
    <testcase time="0.0100000000000016" classname="init_filter_state" name="init_filter_state_returns_a_DatetimeFilterState_object_if_passed_a_POSIXct_or_POSIXlt_object"/>
    <testcase time="0.00799999999999912" classname="init_filter_state" name="init_filter_state_returns_a_DatetimeFilterState_object_if_passed_a_POSIXct_or_POSIXlt_object"/>
    <testcase time="0.0110000000000028" classname="init_filter_state" name="init_filter_state_returns_a_RangeFilterState_if_passed_a_numeric_array_containing_Inf"/>
    <testcase time="0.00399999999999778" classname="init_filter_state" name="init_filter_state_returns_a_RangeFilterState_if_passed_a_numeric_array_containing_Inf"/>
    <testcase time="0.00600000000000023" classname="init_filter_state" name="init_filter_state_returns_a_ChoicesFilterState_if_passed_fewer_than_five_non_NA_elements"/>
    <testcase time="0.00500000000000256" classname="init_filter_state" name="init_filter_state_returns_a_ChoicesFilterState_if_passed_fewer_than_five_non_NA_elements"/>
    <testcase time="0.00599999999999667" classname="init_filter_state" name="init_filter_state_returns_a_ChoicesFilterState_if_passed_a_character_array"/>
    <testcase time="0.00400000000000134" classname="init_filter_state" name="init_filter_state_returns_a_ChoicesFilterState_if_passed_a_character_array"/>
    <testcase time="0.00700000000000145" classname="init_filter_state" name="init_filter_state_return_a_LogicalFilterState_if_passed_a_logical_array"/>
    <testcase time="0.00399999999999778" classname="init_filter_state" name="init_filter_state_return_a_LogicalFilterState_if_passed_a_logical_array"/>
    <testcase time="0.00700000000000145" classname="init_filter_state" name="init_filter_state_default_accepts_a_list"/>
  </testsuite>
  <testsuite name="init_filter_states" timestamp="2023-02-03T15:15:39Z" hostname="b7f3c0161b11" tests="8" skipped="0" failures="0" errors="0" time="0.036">
    <testcase time="0.00799999999999912" classname="init_filter_states" name="init_filter_states_returns_a_DFFilterStates_object_if_passed_an_empty_data.frame"/>
    <testcase time="0.00400000000000134" classname="init_filter_states" name="init_filter_states_returns_a_DFFilterStates_object_if_passed_an_empty_data.frame"/>
    <testcase time="0.00399999999999778" classname="init_filter_states" name="init_filter_states_returns_a_MatrixFilterStates_object_if_passed_an_empty_matrix"/>
    <testcase time="0.00400000000000134" classname="init_filter_states" name="init_filter_states_returns_a_MatrixFilterStates_object_if_passed_an_empty_matrix"/>
    <testcase time="0.00400000000000134" classname="init_filter_states" name="init_filter_states_returns_an_MAEFilterStates_object_if_passed_an_object_of_class_MAE"/>
    <testcase time="0.00399999999999778" classname="init_filter_states" name="init_filter_states_returns_an_MAEFilterStates_object_if_passed_an_object_of_class_MAE"/>
    <testcase time="0.00400000000000134" classname="init_filter_states" name="init_filter_states_returns_an_SEFilterStates_object_if_passed_an_object_of_class_SE"/>
    <testcase time="0.00399999999999778" classname="init_filter_states" name="init_filter_states_returns_an_SEFilterStates_object_if_passed_an_object_of_class_SE"/>
  </testsuite>
  <testsuite name="init_filtered_data" timestamp="2023-02-03T15:15:40Z" hostname="b7f3c0161b11" tests="10" skipped="0" failures="0" errors="0" time="0.091">
    <testcase time="0.0150000000000006" classname="init_filtered_data" name="init_filtered_data_accepts_a_TealData_object"/>
    <testcase time="0.0210000000000008" classname="init_filtered_data" name="init_filtered_data_accepts_a_CDISCTealData_with_mixed_CDISC_and_Dataset"/>
    <testcase time="0.00600000000000023" classname="init_filtered_data" name="init_filtered_data_accepts_a_list_of_data.frame_objects"/>
    <testcase time="0.00700000000000145" classname="init_filtered_data" name="init_filtered_data.default_asserts_x_has_unique_names"/>
    <testcase time="0.0069999999999979" classname="init_filtered_data" name="init_filtered_data.default_asserts_code_is_CodeClass_"/>
    <testcase time="0.00600000000000023" classname="init_filtered_data" name="init_filtered_data.default_accepts_NULL_passed_to_code"/>
    <testcase time="0.00700000000000145" classname="init_filtered_data" name="init_filtered_data.default_asserts_join_keys_is_JoinKeys_"/>
    <testcase time="0.0069999999999979" classname="init_filtered_data" name="init_filtered_data.default_accepts_NULL_passed_to_join_keys"/>
    <testcase time="0.00800000000000267" classname="init_filtered_data" name="init_filtered_data.default_asserts_cdisc_is_logical_1_"/>
    <testcase time="0.0069999999999979" classname="init_filtered_data" name="init_filtered_data.default_asserts_check_is_logical_1_"/>
  </testsuite>
  <testsuite name="init_filtered_dataset" timestamp="2023-02-03T15:15:40Z" hostname="b7f3c0161b11" tests="4" skipped="0" failures="0" errors="0" time="0.09">
    <testcase time="0.00900000000000034" classname="init_filtered_dataset" name="init_filtered_dataset_returns_a_DefaultFilteredDataset_when_passed_a_data.frame"/>
    <testcase time="0.00400000000000134" classname="init_filtered_dataset" name="init_filtered_dataset_returns_a_DefaultFilteredDataset_when_passed_a_data.frame"/>
    <testcase time="0.0730000000000004" classname="init_filtered_dataset" name="init_filtered_dataset_returns_an_MAEFilteredDataset_when_passed_an_MAE"/>
    <testcase time="0.00399999999999778" classname="init_filtered_dataset" name="init_filtered_dataset_returns_an_MAEFilteredDataset_when_passed_an_MAE"/>
  </testsuite>
  <testsuite name="resolve_state" timestamp="2023-02-03T15:15:40Z" hostname="b7f3c0161b11" tests="11" skipped="0" failures="0" errors="0" time="0.037">
    <testcase time="0.00600000000000023" classname="resolve_state" name="resolve_state_returns_an_identical_list_if_all_fields_are_named"/>
    <testcase time="0.00199999999999889" classname="resolve_state" name="resolve_state_returns_a_list_regardless_of_names"/>
    <testcase time="0.00200000000000244" classname="resolve_state" name="resolve_state_do_not_change_the_class_of_any_named_field"/>
    <testcase time="0.00199999999999889" classname="resolve_state" name="resolve_state_changes_a_single_unnamed_field_into_selected"/>
    <testcase time="0.00700000000000145" classname="resolve_state" name="resolve_state_throws_when_passed_a_list_with_one_unnamed_element_and_a_selected_element"/>
    <testcase time="0.00199999999999889" classname="resolve_state" name="resolve_state_returns_list_with_selected_when_vectors_is_provided"/>
    <testcase time="0.00199999999999889" classname="resolve_state" name="resolve_state_returns_keep_na_TRUE_if_any_element_of_the_vector_has_NA"/>
    <testcase time="0.00300000000000011" classname="resolve_state" name="resolve_state_returns_keep_inf_TRUE_if_any_element_of_the_vector_has_Inf"/>
    <testcase time="0.00200000000000244" classname="resolve_state" name="resolve_state_for_default_filter_results_in_empty_list"/>
    <testcase time="0.00199999999999889" classname="resolve_state" name="resolve_state_for_empty_list_results_in_empty_list"/>
    <testcase time="0.00700000000000145" classname="resolve_state" name="resolve_state_throws_when_passed_a_list_with_more_than_one_unnamed_element"/>
  </testsuite>
  <testsuite name="utils" timestamp="2023-02-03T15:15:40Z" hostname="b7f3c0161b11" tests="2" skipped="0" failures="0" errors="0" time="0.031">
    <testcase time="0.00799999999999912" classname="utils" name="get_teal_bs_theme"/>
    <testcase time="0.0229999999999997" classname="utils" name="get_teal_bs_theme"/>
  </testsuite>
</testsuites>
