<?xml version="1.0" encoding="UTF-8"?>
<testsuites>
  <testsuite name="ChoicesFilterState" timestamp="2023-03-29T13:20:39Z" hostname="ffe51751d536" tests="65" skipped="0" failures="0" errors="0" time="0.709">
    <testcase time="0.05" classname="ChoicesFilterState" name="constructor_accepts_all_data_classes"/>
    <testcase time="0.032" classname="ChoicesFilterState" name="constructor_accepts_all_data_classes"/>
    <testcase time="0.014" classname="ChoicesFilterState" name="constructor_accepts_all_data_classes"/>
    <testcase time="0.00600000000000001" classname="ChoicesFilterState" name="constructor_accepts_all_data_classes"/>
    <testcase time="0.0429999999999999" classname="ChoicesFilterState" name="constructor_accepts_all_data_classes"/>
    <testcase time="0.00700000000000012" classname="ChoicesFilterState" name="constructor_accepts_all_data_classes"/>
    <testcase time="0.0169999999999999" classname="ChoicesFilterState" name="get_call_returns_call_that_evaluated_leaves_all_values_passed_to_constructor"/>
    <testcase time="0.01" classname="ChoicesFilterState" name="get_call_returns_call_that_evaluated_leaves_all_values_passed_to_constructor"/>
    <testcase time="0.0940000000000001" classname="ChoicesFilterState" name="get_call_returns_call_that_evaluated_leaves_all_values_passed_to_constructor"/>
    <testcase time="0.01" classname="ChoicesFilterState" name="get_call_returns_call_that_evaluated_leaves_all_values_passed_to_constructor"/>
    <testcase time="0.01" classname="ChoicesFilterState" name="get_call_returns_call_that_evaluated_leaves_all_values_passed_to_constructor"/>
    <testcase time="0.0109999999999999" classname="ChoicesFilterState" name="get_call_returns_call_that_evaluated_leaves_all_values_passed_to_constructor"/>
    <testcase time="0.01" classname="ChoicesFilterState" name="get_call_returns_condition_that_specifies_values_passed_to_set_selected"/>
    <testcase time="0.0170000000000001" classname="ChoicesFilterState" name="get_call_returns_condition_that_specifies_values_passed_to_set_selected"/>
    <testcase time="0.004" classname="ChoicesFilterState" name="get_call_returns_condition_that_specifies_values_passed_to_set_selected"/>
    <testcase time="0.0089999999999999" classname="ChoicesFilterState" name="get_call_returns_condition_that_specifies_values_passed_to_set_selected"/>
    <testcase time="0.00299999999999989" classname="ChoicesFilterState" name="get_call_returns_condition_that_specifies_values_passed_to_set_selected"/>
    <testcase time="0.004" classname="ChoicesFilterState" name="get_call_returns_condition_that_specifies_values_passed_to_set_selected"/>
    <testcase time="0.00900000000000012" classname="ChoicesFilterState" name="get_call_returns_condition_that_specifies_values_passed_to_set_selected"/>
    <testcase time="0.00299999999999989" classname="ChoicesFilterState" name="get_call_returns_condition_that_specifies_values_passed_to_set_selected"/>
    <testcase time="0.004" classname="ChoicesFilterState" name="get_call_returns_condition_that_specifies_values_passed_to_set_selected"/>
    <testcase time="0.01" classname="ChoicesFilterState" name="get_call_returns_condition_that_specifies_values_passed_to_set_selected"/>
    <testcase time="0.004" classname="ChoicesFilterState" name="get_call_returns_condition_that_specifies_values_passed_to_set_selected"/>
    <testcase time="0.004" classname="ChoicesFilterState" name="get_call_returns_condition_that_specifies_values_passed_to_set_selected"/>
    <testcase time="0.00900000000000012" classname="ChoicesFilterState" name="get_call_returns_condition_that_specifies_values_passed_to_set_selected"/>
    <testcase time="0.00499999999999989" classname="ChoicesFilterState" name="get_call_returns_condition_that_specifies_values_passed_to_set_selected"/>
    <testcase time="0.004" classname="ChoicesFilterState" name="get_call_returns_condition_that_specifies_values_passed_to_set_selected"/>
    <testcase time="0.01" classname="ChoicesFilterState" name="get_call_returns_condition_that_specifies_values_passed_to_set_selected"/>
    <testcase time="0.004" classname="ChoicesFilterState" name="get_call_returns_condition_that_specifies_values_passed_to_set_selected"/>
    <testcase time="0.004" classname="ChoicesFilterState" name="get_call_returns_condition_that_specifies_values_passed_to_set_selected"/>
    <testcase time="0.0110000000000001" classname="ChoicesFilterState" name="set_selected_raises_warning_when_selection_not_within_allowed_choices"/>
    <testcase time="0.004" classname="ChoicesFilterState" name="set_selected_raises_warning_when_selection_not_within_allowed_choices"/>
    <testcase time="0.0089999999999999" classname="ChoicesFilterState" name="set_selected_raises_warning_when_selection_not_within_allowed_choices"/>
    <testcase time="0.004" classname="ChoicesFilterState" name="set_selected_raises_warning_when_selection_not_within_allowed_choices"/>
    <testcase time="0.00900000000000012" classname="ChoicesFilterState" name="set_selected_raises_warning_when_selection_not_within_allowed_choices"/>
    <testcase time="0.004" classname="ChoicesFilterState" name="set_selected_raises_warning_when_selection_not_within_allowed_choices"/>
    <testcase time="0.0089999999999999" classname="ChoicesFilterState" name="set_selected_raises_warning_when_selection_not_within_allowed_choices"/>
    <testcase time="0.004" classname="ChoicesFilterState" name="set_selected_raises_warning_when_selection_not_within_allowed_choices"/>
    <testcase time="0.01" classname="ChoicesFilterState" name="set_selected_raises_warning_when_selection_not_within_allowed_choices"/>
    <testcase time="0.004" classname="ChoicesFilterState" name="set_selected_raises_warning_when_selection_not_within_allowed_choices"/>
    <testcase time="0.014" classname="ChoicesFilterState" name="set_selected_raises_warning_when_selection_not_within_allowed_choices"/>
    <testcase time="0.004" classname="ChoicesFilterState" name="set_selected_raises_warning_when_selection_not_within_allowed_choices"/>
    <testcase time="0.00800000000000001" classname="ChoicesFilterState" name="set_selected_sets_the_intersection_of_choices_and_the_passed_values"/>
    <testcase time="0.00800000000000001" classname="ChoicesFilterState" name="set_selected_sets_the_intersection_of_choices_and_the_passed_values"/>
    <testcase time="0.00800000000000001" classname="ChoicesFilterState" name="set_selected_sets_the_intersection_of_choices_and_the_passed_values"/>
    <testcase time="0.0069999999999999" classname="ChoicesFilterState" name="set_selected_sets_the_intersection_of_choices_and_the_passed_values"/>
    <testcase time="0.00300000000000011" classname="ChoicesFilterState" name="set_selected_sets_the_intersection_of_choices_and_the_passed_values"/>
    <testcase time="0.00800000000000001" classname="ChoicesFilterState" name="set_selected_sets_the_intersection_of_choices_and_the_passed_values"/>
    <testcase time="0.002" classname="ChoicesFilterState" name="set_selected_sets_the_intersection_of_choices_and_the_passed_values"/>
    <testcase time="0.00800000000000001" classname="ChoicesFilterState" name="set_selected_sets_the_intersection_of_choices_and_the_passed_values"/>
    <testcase time="0.00299999999999989" classname="ChoicesFilterState" name="set_selected_sets_the_intersection_of_choices_and_the_passed_values"/>
    <testcase time="0.00800000000000001" classname="ChoicesFilterState" name="set_state_needs_a_named_list_with_selected_and_keep_na_elements"/>
    <testcase time="0.02" classname="ChoicesFilterState" name="set_state_needs_a_named_list_with_selected_and_keep_na_elements"/>
    <testcase time="0.01" classname="ChoicesFilterState" name="set_state_sets_values_of_selected_and_keep_na_as_provided_in_the_list"/>
    <testcase time="0.00499999999999989" classname="ChoicesFilterState" name="set_state_sets_values_of_selected_and_keep_na_as_provided_in_the_list"/>
    <testcase time="0.01" classname="ChoicesFilterState" name="set_state_overwrites_fields_included_in_the_input_only"/>
    <testcase time="0.00300000000000011" classname="ChoicesFilterState" name="set_state_overwrites_fields_included_in_the_input_only"/>
    <testcase time="0.00499999999999989" classname="ChoicesFilterState" name="set_state_overwrites_fields_included_in_the_input_only"/>
    <testcase time="0.0130000000000001" classname="ChoicesFilterState" name="ChoicesFilterState_is_any_filtered_works_properly_when_NA_is_present_in_data"/>
    <testcase time="0.00800000000000001" classname="ChoicesFilterState" name="ChoicesFilterState_is_any_filtered_works_properly_when_NA_is_present_in_data"/>
    <testcase time="0.0069999999999999" classname="ChoicesFilterState" name="ChoicesFilterState_is_any_filtered_works_properly_when_NA_is_present_in_data"/>
    <testcase time="0.00700000000000012" classname="ChoicesFilterState" name="ChoicesFilterState_is_any_filtered_works_properly_when_NA_is_present_in_data"/>
    <testcase time="0.032" classname="ChoicesFilterState" name="ChoicesFilterState_private_methods_return_proper_filtered_counts"/>
    <testcase time="0.00299999999999989" classname="ChoicesFilterState" name="ChoicesFilterState_private_methods_return_proper_filtered_counts"/>
    <testcase time="0.016" classname="ChoicesFilterState" name="is_any_filtered_returns_TRUE_when_enabled"/>
  </testsuite>
  <testsuite name="DFFilterStates" timestamp="2023-03-29T13:20:40Z" hostname="ffe51751d536" tests="22" skipped="0" failures="0" errors="0" time="0.787">
    <testcase time="0.024" classname="DFFilterStates" name="The_contructor_accepts_a_string_as_varlabels_and_keys"/>
    <testcase time="0.00300000000000011" classname="DFFilterStates" name="get_fun_returns_dplyr_filter"/>
    <testcase time="0.0429999999999999" classname="DFFilterStates" name="DFFilterStates_set_filter_state_sets_filters_in_FilterState_s_specified_by_the_named_list"/>
    <testcase time="0.0270000000000001" classname="DFFilterStates" name="DFFilterStates_set_filter_state_sets_filters_as_a_named_unnamed_selected_list"/>
    <testcase time="0.0680000000000001" classname="DFFilterStates" name="DFFilterStates_set_filter_state_updates_filter_state_which_was_set_already"/>
    <testcase time="0.0139999999999998" classname="DFFilterStates" name="DFFilterStates_set_filter_state_throws_error_when_using_an_unnamed_list"/>
    <testcase time="0.0260000000000002" classname="DFFilterStates" name="DFFilterStates_get_filter_state_returns_list_identical_to_input"/>
    <testcase time="0.149" classname="DFFilterStates" name="Selecting_a_new_variable_initializes_a_new_filter_state"/>
    <testcase time="0.172" classname="DFFilterStates" name="Adding_var_to_add_adds_another_filter_state"/>
    <testcase time="0.032" classname="DFFilterStates" name="DFFilterStates_remove_filter_state_removes_specified_filter_in_FilterState_s_"/>
    <testcase time="0.028" classname="DFFilterStates" name="DFFilterStates_remove_filter_state_throws_warning_when_name_is_not_in_FilterStates"/>
    <testcase time="0.004" classname="DFFilterStates" name="DFFilterStates_ui_add_returns_a_message_inside_a_div_when_data_has_no_columns_or_no_rows"/>
    <testcase time="0.004" classname="DFFilterStates" name="_format_is_a_method_of_DFFilterStates"/>
    <testcase time="0.00800000000000001" classname="DFFilterStates" name="_format_asserts_the_indent_argument_is_a_number"/>
    <testcase time="0.028" classname="DFFilterStates" name="_format_concatenates_its_FilterState_elements_using_n_without_additional_indent"/>
    <testcase time="0.032" classname="DFFilterStates" name="DFFilterStates_set_filter_state_sets_sid_after_state_list_index_and_varname"/>
    <testcase time="0.0379999999999998" classname="DFFilterStates" name="DFFilterState_get_call_skips_conditions_form_FilterState_which_are_identified_by_sid"/>
    <testcase time="0.0430000000000001" classname="DFFilterStates" name="DFFilterState_get_call_skips_conditions_form_FilterState_which_are_identified_by_sid"/>
    <testcase time="0.004" classname="DFFilterStates" name="DFFilterState_get_call_skips_conditions_form_FilterState_which_are_identified_by_sid"/>
    <testcase time="0.00600000000000023" classname="DFFilterStates" name="DFFilterState_get_call_skips_conditions_form_FilterState_which_are_identified_by_sid"/>
    <testcase time="0.0299999999999998" classname="DFFilterStates" name="get_filter_count_returns_the_number_of_active_filter_states_DFFilterStates"/>
    <testcase time="0.004" classname="DFFilterStates" name="get_filter_count_returns_the_number_of_active_filter_states_DFFilterStates"/>
  </testsuite>
  <testsuite name="DateFilterState" timestamp="2023-03-29T13:20:41Z" hostname="ffe51751d536" tests="33" skipped="0" failures="0" errors="0" time="0.279">
    <testcase time="0.0270000000000001" classname="DateFilterState" name="The_constructor_accepts_a_Date_object"/>
    <testcase time="0.0109999999999997" classname="DateFilterState" name="get_call_returns_a_condition_true_for_the_object_passed_in_the_constructor"/>
    <testcase time="0.0210000000000004" classname="DateFilterState" name="set_selected_accepts_an_array_of_two_Date_objects"/>
    <testcase time="0.00800000000000001" classname="DateFilterState" name="set_selected_warns_when_selection_is_not_within_the_possible_range"/>
    <testcase time="0.00199999999999978" classname="DateFilterState" name="set_selected_warns_when_selection_is_not_within_the_possible_range"/>
    <testcase time="0.004" classname="DateFilterState" name="set_selected_warns_when_selection_is_not_within_the_possible_range"/>
    <testcase time="0.00800000000000001" classname="DateFilterState" name="set_selected_limits_the_selected_range_to_the_lower_and_the_upper_bound_of_the_possible_range"/>
    <testcase time="0.004" classname="DateFilterState" name="set_selected_limits_the_selected_range_to_the_lower_and_the_upper_bound_of_the_possible_range"/>
    <testcase time="0.00300000000000011" classname="DateFilterState" name="set_selected_limits_the_selected_range_to_the_lower_and_the_upper_bound_of_the_possible_range"/>
    <testcase time="0.0140000000000002" classname="DateFilterState" name="set_selected_warns_when_selection_is_not_sorted"/>
    <testcase time="0.012" classname="DateFilterState" name="set_selected_raises_error_when_selection_is_not_Date"/>
    <testcase time="0.00699999999999967" classname="DateFilterState" name="get_call_returns_call_with_limits_imposed_by_constructor_and_selection"/>
    <testcase time="0.00300000000000011" classname="DateFilterState" name="get_call_returns_call_with_limits_imposed_by_constructor_and_selection"/>
    <testcase time="0.00800000000000001" classname="DateFilterState" name="set_keep_na_changes_whether_call_returned_by_get_call_allows_NA_values"/>
    <testcase time="0.00300000000000011" classname="DateFilterState" name="set_keep_na_changes_whether_call_returned_by_get_call_allows_NA_values"/>
    <testcase time="0.0089999999999999" classname="DateFilterState" name="set_state_accepts_a_named_list_with_selected_and_keep_na_elements"/>
    <testcase time="0.00600000000000023" classname="DateFilterState" name="set_state_accepts_a_named_list_with_selected_and_keep_na_elements"/>
    <testcase time="0.0089999999999999" classname="DateFilterState" name="set_state_sets_values_of_selected_and_keep_na_as_provided_in_the_list"/>
    <testcase time="0.00499999999999989" classname="DateFilterState" name="set_state_sets_values_of_selected_and_keep_na_as_provided_in_the_list"/>
    <testcase time="0.0110000000000001" classname="DateFilterState" name="set_state_overwrites_fields_included_in_the_input_only"/>
    <testcase time="0.00199999999999978" classname="DateFilterState" name="set_state_overwrites_fields_included_in_the_input_only"/>
    <testcase time="0.00500000000000034" classname="DateFilterState" name="set_state_overwrites_fields_included_in_the_input_only"/>
    <testcase time="0.012" classname="DateFilterState" name="DateFilterState_is_any_filtered_works_properly_when_NA_is_present_in_data"/>
    <testcase time="0.00699999999999967" classname="DateFilterState" name="DateFilterState_is_any_filtered_works_properly_when_NA_is_present_in_data"/>
    <testcase time="0.00700000000000012" classname="DateFilterState" name="DateFilterState_is_any_filtered_works_properly_when_NA_is_present_in_data"/>
    <testcase time="0.00800000000000001" classname="DateFilterState" name="DateFilterState_is_any_filtered_works_properly_when_NA_is_present_in_data"/>
    <testcase time="0.00800000000000001" classname="DateFilterState" name="_format_is_a_FilterStates_s_method_that_accepts_indent"/>
    <testcase time="0.0110000000000001" classname="DateFilterState" name="_format_asserts_that_indent_is_numeric"/>
    <testcase time="0.0089999999999999" classname="DateFilterState" name="_format_returns_a_string_representation_the_FilterState_object"/>
    <testcase time="0.0139999999999998" classname="DateFilterState" name="_format_prepends_spaces_to_every_line_of_the_returned_string"/>
    <testcase time="0.00300000000000011" classname="DateFilterState" name="_format_prepends_spaces_to_every_line_of_the_returned_string"/>
    <testcase time="0.00300000000000011" classname="DateFilterState" name="_format_prepends_spaces_to_every_line_of_the_returned_string"/>
    <testcase time="0.0150000000000001" classname="DateFilterState" name="is_any_filtered_returns_TRUE_when_enabled"/>
  </testsuite>
  <testsuite name="DatetimeFilterState" timestamp="2023-03-29T13:20:41Z" hostname="ffe51751d536" tests="33" skipped="0" failures="0" errors="0" time="0.294">
    <testcase time="0.016" classname="DatetimeFilterState" name="constructor_accepts_a_POSIXct_or_POSIXlt_object"/>
    <testcase time="0.00699999999999967" classname="DatetimeFilterState" name="constructor_accepts_a_POSIXct_or_POSIXlt_object"/>
    <testcase time="0.00800000000000001" classname="DatetimeFilterState" name="get_call_returns_call_that_encompasses_all_values_passed_to_constructor"/>
    <testcase time="0.0230000000000001" classname="DatetimeFilterState" name="set_selected_accepts_an_array_of_two_POSIXct_objects"/>
    <testcase time="0.0100000000000002" classname="DatetimeFilterState" name="get_call_returns_a_condition_true_for_the_object_in_the_selected_range"/>
    <testcase time="0.0089999999999999" classname="DatetimeFilterState" name="get_call_returns_a_condition_true_for_the_object_in_the_selected_range"/>
    <testcase time="0.0089999999999999" classname="DatetimeFilterState" name="get_call_returns_a_condition_evaluating_to_TRUE_for_NA_values_after_set_keep_na_TRUE_"/>
    <testcase time="0.00300000000000011" classname="DatetimeFilterState" name="get_call_returns_a_condition_evaluating_to_TRUE_for_NA_values_after_set_keep_na_TRUE_"/>
    <testcase time="0.0089999999999999" classname="DatetimeFilterState" name="DatetimeFilterState_echoes_the_timezone_of_the_ISO_object_passed_to_the_constructor"/>
    <testcase time="0.0089999999999999" classname="DatetimeFilterState" name="set_selected_warns_when_the_selected_range_intersects_the_range_but_is_not_fully_included_in_it"/>
    <testcase time="0.004" classname="DatetimeFilterState" name="set_selected_warns_when_the_selected_range_intersects_the_range_but_is_not_fully_included_in_it"/>
    <testcase time="0.004" classname="DatetimeFilterState" name="set_selected_warns_when_the_selected_range_intersects_the_range_but_is_not_fully_included_in_it"/>
    <testcase time="0.0100000000000002" classname="DatetimeFilterState" name="set_selected_throws_when_the_selected_range_is_completely_outside_of_the_possible_range"/>
    <testcase time="0.016" classname="DatetimeFilterState" name="set_selected_limits_the_selected_range_to_the_lower_and_the_upper_bound_of_the_possible_range"/>
    <testcase time="0.004" classname="DatetimeFilterState" name="set_selected_limits_the_selected_range_to_the_lower_and_the_upper_bound_of_the_possible_range"/>
    <testcase time="0.004" classname="DatetimeFilterState" name="set_selected_limits_the_selected_range_to_the_lower_and_the_upper_bound_of_the_possible_range"/>
    <testcase time="0.0129999999999999" classname="DatetimeFilterState" name="set_selected_throws_when_the_value_type_cannot_be_interpreted_as_POSIX"/>
    <testcase time="0.00999999999999979" classname="DatetimeFilterState" name="set_state_needs_a_named_list_with_selected_and_keep_na_elements"/>
    <testcase time="0.00600000000000023" classname="DatetimeFilterState" name="set_state_needs_a_named_list_with_selected_and_keep_na_elements"/>
    <testcase time="0.0110000000000001" classname="DatetimeFilterState" name="set_state_sets_values_of_selected_and_keep_na_as_provided_in_the_list"/>
    <testcase time="0.00499999999999989" classname="DatetimeFilterState" name="set_state_sets_values_of_selected_and_keep_na_as_provided_in_the_list"/>
    <testcase time="0.0110000000000001" classname="DatetimeFilterState" name="set_state_overwrites_fields_included_in_the_input_only"/>
    <testcase time="0.00199999999999978" classname="DatetimeFilterState" name="set_state_overwrites_fields_included_in_the_input_only"/>
    <testcase time="0.00499999999999989" classname="DatetimeFilterState" name="set_state_overwrites_fields_included_in_the_input_only"/>
    <testcase time="0.0110000000000001" classname="DatetimeFilterState" name="DatetimeFilterState_is_any_filtered_works_properly_when_NA_is_present_in_data"/>
    <testcase time="0.00599999999999978" classname="DatetimeFilterState" name="DatetimeFilterState_is_any_filtered_works_properly_when_NA_is_present_in_data"/>
    <testcase time="0.00900000000000034" classname="DatetimeFilterState" name="_format_is_a_FilterStates_s_method_that_accepts_indent"/>
    <testcase time="0.012" classname="DatetimeFilterState" name="_format_asserts_that_indent_is_numeric"/>
    <testcase time="0.00999999999999979" classname="DatetimeFilterState" name="_format_returns_a_string_representation_the_FilterState_object"/>
    <testcase time="0.0089999999999999" classname="DatetimeFilterState" name="_format_prepends_spaces_to_every_line_of_the_returned_string"/>
    <testcase time="0.00300000000000011" classname="DatetimeFilterState" name="_format_prepends_spaces_to_every_line_of_the_returned_string"/>
    <testcase time="0.00300000000000011" classname="DatetimeFilterState" name="_format_prepends_spaces_to_every_line_of_the_returned_string"/>
    <testcase time="0.0230000000000001" classname="DatetimeFilterState" name="is_any_filtered_returns_TRUE_when_enabled"/>
  </testsuite>
  <testsuite name="DefaultFilteredDataset" timestamp="2023-03-29T13:20:41Z" hostname="ffe51751d536" tests="12" skipped="0" failures="0" errors="0" time="0.287">
    <testcase time="0.0139999999999998" classname="DefaultFilteredDataset" name="The_constructor_accepts_a_data.frame_object_with_a_dataname"/>
    <testcase time="0.00499999999999989" classname="DefaultFilteredDataset" name="filter_states_list_is_initialized_with_single_FilterStates_element_named_as_filter"/>
    <testcase time="0.00800000000000001" classname="DefaultFilteredDataset" name="get_call_returns_a_list_of_calls_or_NULL"/>
    <testcase time="0.0350000000000001" classname="DefaultFilteredDataset" name="get_call_returns_a_list_of_calls_or_NULL"/>
    <testcase time="0.0270000000000001" classname="DefaultFilteredDataset" name="DefaultFilteredDataset_set_filter_state_sets_filters_specified_by_list_names"/>
    <testcase time="0.0089999999999999" classname="DefaultFilteredDataset" name="DefaultFilteredDataset_set_filter_state_throws_error_when_list_is_not_named"/>
    <testcase time="0.0289999999999999" classname="DefaultFilteredDataset" name="DefaultFilteredDataset_remove_filter_state_removes_desired_filter"/>
    <testcase time="0.032" classname="DefaultFilteredDataset" name="DefaultFilteredDataset_get_filter_state_returns_list_identical_to_input"/>
    <testcase time="0.0329999999999999" classname="DefaultFilteredDataset" name="DefaultFilteredDataset_remove_filter_state_removes_more_than_one_filter"/>
    <testcase time="0.00700000000000012" classname="DefaultFilteredDataset" name="get_filter_overview_returns_overview_data.frame_with_obs_filter_counts"/>
    <testcase time="0.056" classname="DefaultFilteredDataset" name="get_filter_overview_returns_overview_data.frame_with_obs_filter_counts"/>
    <testcase time="0.032" classname="DefaultFilteredDataset" name="get_filter_overview_returns_overview_data.frame_with_obs_and_subject_filter_counts_"/>
  </testsuite>
  <testsuite name="EmptyFilterState" timestamp="2023-03-29T13:20:42Z" hostname="ffe51751d536" tests="8" skipped="0" failures="0" errors="0" time="0.072">
    <testcase time="0.02" classname="EmptyFilterState" name="get_call_returns_NULL_after_set_keep_na_FALSE_"/>
    <testcase time="0.00800000000000001" classname="EmptyFilterState" name="get_call_returns_a_call_after_set_keep_na_TRUE_"/>
    <testcase time="0.0089999999999999" classname="EmptyFilterState" name="set_state_needs_a_named_list_with_selected_and_keep_na_elements"/>
    <testcase time="0.00599999999999978" classname="EmptyFilterState" name="set_state_needs_a_named_list_with_selected_and_keep_na_elements"/>
    <testcase time="0.00500000000000034" classname="EmptyFilterState" name="set_state_needs_a_named_list_with_selected_and_keep_na_elements"/>
    <testcase time="0.00800000000000001" classname="EmptyFilterState" name="get_state_returns_a_list_identical_to_set_state_input"/>
    <testcase time="0.00999999999999979" classname="EmptyFilterState" name="EmptyFilterState_is_any_filtered_returns_FALSE_when_keep_na_is_TRUE_and_returns_TRUE_when_keep_na_is_FALSE"/>
    <testcase time="0.00600000000000023" classname="EmptyFilterState" name="EmptyFilterState_is_any_filtered_returns_FALSE_when_keep_na_is_TRUE_and_returns_TRUE_when_keep_na_is_FALSE"/>
  </testsuite>
  <testsuite name="FilterState-utils" timestamp="2023-03-29T13:20:42Z" hostname="ffe51751d536" tests="12" skipped="0" failures="0" errors="0" time="0.058">
    <testcase time="0.00599999999999978" classname="FilterState_utils" name="contain_interval_accepts_proper_arguments"/>
    <testcase time="0.00499999999999989" classname="FilterState_utils" name="contain_interval_accepts_proper_arguments"/>
    <testcase time="0.00499999999999989" classname="FilterState_utils" name="contain_interval_accepts_proper_arguments"/>
    <testcase time="0.00599999999999978" classname="FilterState_utils" name="contain_interval_accepts_proper_arguments"/>
    <testcase time="0.00500000000000034" classname="FilterState_utils" name="contain_interval_accepts_proper_arguments"/>
    <testcase time="0.00599999999999978" classname="FilterState_utils" name="contain_interval_accepts_proper_arguments"/>
    <testcase time="0.00600000000000023" classname="FilterState_utils" name="contain_interval_accepts_proper_arguments"/>
    <testcase time="0.00499999999999989" classname="FilterState_utils" name="contain_interval_accepts_proper_arguments"/>
    <testcase time="0.00599999999999978" classname="FilterState_utils" name="contain_interval_accepts_proper_arguments"/>
    <testcase time="0.00300000000000011" classname="FilterState_utils" name="contain_interval_returns_containing_range"/>
    <testcase time="0.00200000000000022" classname="FilterState_utils" name="contain_interval_returns_x_if_interval_matches_ticks"/>
    <testcase time="0.00299999999999967" classname="FilterState_utils" name="contain_interval_returns_range_if_x_is_x_is_out_of_bounds"/>
  </testsuite>
  <testsuite name="FilterState" timestamp="2023-03-29T13:20:42Z" hostname="ffe51751d536" tests="42" skipped="0" failures="0" errors="0" time="0.279">
    <testcase time="0.016" classname="FilterState" name="The_constructor_accepts_character_as_varname"/>
    <testcase time="0.00600000000000023" classname="FilterState" name="The_constructor_accepts_character_as_varname"/>
    <testcase time="0.00599999999999978" classname="FilterState" name="The_constructor_accepts_character_as_varname"/>
    <testcase time="0.00800000000000001" classname="FilterState" name="The_constructor_requires_a_varname"/>
    <testcase time="0.00499999999999989" classname="FilterState" name="The_constructor_accepts_a_string_as_varlabel"/>
    <testcase time="0.00800000000000001" classname="FilterState" name="dataname_must_be_specified_if_extract_type_is_specified"/>
    <testcase time="0.00800000000000001" classname="FilterState" name="get_call_returns_NULL"/>
    <testcase time="0.00600000000000023" classname="FilterState" name="get_dataname_returns_a_string_when_dataname_is_NULL"/>
    <testcase time="0.00499999999999989" classname="FilterState" name="get_varlabel_returns_a_string_passed_to_the_constructor"/>
    <testcase time="0.00499999999999989" classname="FilterState" name="get_varname_returns_a_name_if_varname_passed_to_the_constructor_is_a_string"/>
    <testcase time="0.00500000000000034" classname="FilterState" name="get_varname_returns_a_string_if_varname_passed_to_the_constructor_is_a_string"/>
    <testcase time="0.0089999999999999" classname="FilterState" name="get_selected_returns_NULL_after_initialization"/>
    <testcase time="0.00599999999999978" classname="FilterState" name="set_selected_sets_value_get_selected_returns_the_same"/>
    <testcase time="0.00900000000000034" classname="FilterState" name="get_keep_na_returns_FALSE_after_initialization"/>
    <testcase time="0.00699999999999967" classname="FilterState" name="set_state_sets_selected_and_keep_na"/>
    <testcase time="0.00800000000000001" classname="FilterState" name="get_state_returns_a_list_identical_to_set_state_input"/>
    <testcase time="0.00600000000000023" classname="FilterState" name="add_keep_na_call_does_not_add_anything_by_default"/>
    <testcase time="0.00700000000000012" classname="FilterState" name="add_keep_na_call_adds_is.na_when_keep_na_is_set"/>
    <testcase time="0.00599999999999978" classname="FilterState" name="Setting_private_na_rm_to_TRUE_adds_is.na_before_condition_via_add_keep_na_call"/>
    <testcase time="0.00600000000000023" classname="FilterState" name="Setting_private_na_rm_to_TRUE_doesn_t_add_is.na_before_condition_via_add_keep_na_call_when_variable_has_no_NAs"/>
    <testcase time="0.0119999999999996" classname="FilterState" name="_format_is_a_FilterStates_s_method_that_accepts_indent"/>
    <testcase time="0.00900000000000034" classname="FilterState" name="_format_asserts_that_indent_is_numeric"/>
    <testcase time="0.00699999999999967" classname="FilterState" name="_format_returns_a_string_representation_the_FilterState_object"/>
    <testcase time="0.00800000000000001" classname="FilterState" name="_format_prepends_spaces_to_every_line_of_the_returned_string"/>
    <testcase time="0.00300000000000011" classname="FilterState" name="_format_prepends_spaces_to_every_line_of_the_returned_string"/>
    <testcase time="0.00200000000000022" classname="FilterState" name="_format_prepends_spaces_to_every_line_of_the_returned_string"/>
    <testcase time="0.0089999999999999" classname="FilterState" name="_format_returns_a_properly_wrapped_string"/>
    <testcase time="0.00300000000000011" classname="FilterState" name="_format_returns_a_properly_wrapped_string"/>
    <testcase time="0.00199999999999978" classname="FilterState" name="_format_returns_a_properly_wrapped_string"/>
    <testcase time="0.00300000000000011" classname="FilterState" name="_format_returns_a_properly_wrapped_string"/>
    <testcase time="0.00300000000000011" classname="FilterState" name="_format_returns_a_properly_wrapped_string"/>
    <testcase time="0.00199999999999978" classname="FilterState" name="_format_returns_a_properly_wrapped_string"/>
    <testcase time="0.00300000000000011" classname="FilterState" name="_format_returns_a_properly_wrapped_string"/>
    <testcase time="0.00300000000000011" classname="FilterState" name="_format_returns_a_properly_wrapped_string"/>
    <testcase time="0.00299999999999967" classname="FilterState" name="_format_returns_a_properly_wrapped_string"/>
    <testcase time="0.00200000000000022" classname="FilterState" name="_format_returns_a_properly_wrapped_string"/>
    <testcase time="0.0139999999999998" classname="FilterState" name="_format_line_wrapping_breaks_if_strings_are_too_long"/>
    <testcase time="0.00800000000000001" classname="FilterState" name="_format_line_wrapping_breaks_if_strings_are_too_long"/>
    <testcase time="0.00700000000000012" classname="FilterState" name="disable_sets_all_state_elements_to_NULL"/>
    <testcase time="0.0089999999999999" classname="FilterState" name="disable_copies_last_state_to_the_cache"/>
    <testcase time="0.012" classname="FilterState" name="enable_sets_state_back_to_the_last_state"/>
    <testcase time="0.0129999999999999" classname="FilterState" name="enable_clears_cache"/>
  </testsuite>
  <testsuite name="FilterStates" timestamp="2023-03-29T13:20:42Z" hostname="ffe51751d536" tests="11" skipped="0" failures="0" errors="0" time="0.054">
    <testcase time="0.012" classname="FilterStates" name="The_constructor_accepts_only_a_string_as_dataname"/>
    <testcase time="0.00500000000000034" classname="FilterStates" name="The_constructor_accepts_only_a_string_as_dataname"/>
    <testcase time="0.00599999999999978" classname="FilterStates" name="The_constructor_accepts_only_a_string_as_dataname"/>
    <testcase time="0.00800000000000001" classname="FilterStates" name="validate_state_list_exists_raises_errors_if_no_filters_were_added"/>
    <testcase time="0.00300000000000011" classname="FilterStates" name="Clearing_empty_FilterStates_does_not_raise_errors"/>
    <testcase time="0.00199999999999978" classname="FilterStates" name="get_fun_returns_subset_after_initialization"/>
    <testcase time="0.00499999999999989" classname="FilterStates" name="get_call_returns_NULL_after_initialization_if_no_filter_applied"/>
    <testcase time="0.00199999999999978" classname="FilterStates" name="data_choices_labeled_returns_an_empty_character_array_if_choices_are_an_empty_array"/>
    <testcase time="0.00600000000000023" classname="FilterStates" name="data_choices_labeled_returns_a_choices_labeled_object_if_choices_are_not_empty"/>
    <testcase time="0.00300000000000011" classname="FilterStates" name="data_choices_labeled_returns_names_of_the_elements_matching_the_choices"/>
    <testcase time="0.00199999999999978" classname="FilterStates" name="data_choices_labeled_returns_labels_of_the_elements_matching_the_choices_if_the_varlabels_are_provided_for_the_elements"/>
  </testsuite>
  <testsuite name="FilteredData" timestamp="2023-03-29T13:20:42Z" hostname="ffe51751d536" tests="97" skipped="0" failures="0" errors="0" time="11.735">
    <testcase time="0.0209999999999999" classname="FilteredData" name="The_constructor_does_not_throw_with_argument_dataset_specified_only"/>
    <testcase time="5.614" classname="FilteredData" name="The_constructor_accepts_datasets_as_list_containing_data.frame_and_MAE_objects_only"/>
    <testcase time="0.00699999999999967" classname="FilteredData" name="The_constructor_accepts_datasets_as_list_containing_data.frame_and_MAE_objects_only"/>
    <testcase time="0.00600000000000023" classname="FilteredData" name="The_constructor_accepts_join_keys_to_be_JoinKeys_or_NULL"/>
    <testcase time="0.00499999999999901" classname="FilteredData" name="The_constructor_accepts_join_keys_to_be_JoinKeys_or_NULL"/>
    <testcase time="0.00600000000000023" classname="FilteredData" name="The_constructor_accepts_join_keys_to_be_JoinKeys_or_NULL"/>
    <testcase time="0.00600000000000023" classname="FilteredData" name="The_constructor_accepts_code_to_be_CodeClass_or_NULL"/>
    <testcase time="0.00399999999999956" classname="FilteredData" name="The_constructor_accepts_code_to_be_CodeClass_or_NULL"/>
    <testcase time="0.00600000000000023" classname="FilteredData" name="The_constructor_accepts_code_to_be_CodeClass_or_NULL"/>
    <testcase time="0.00600000000000023" classname="FilteredData" name="The_constructor_accepts_check_to_be_a_flag"/>
    <testcase time="0.00600000000000023" classname="FilteredData" name="The_constructor_accepts_check_to_be_a_flag"/>
    <testcase time="0.00600000000000023" classname="FilteredData" name="The_constructor_accepts_check_to_be_a_flag"/>
    <testcase time="0.0120000000000005" classname="FilteredData" name="FilteredData_from_TealData_preserves_the_check_field_when_check_is_FALSE"/>
    <testcase time="0.00899999999999856" classname="FilteredData" name="FilteredData_preserves_the_check_field_when_check_is_TRUE"/>
    <testcase time="0.0080000000000009" classname="FilteredData" name="datanames_returns_character_vector_reflecting_names_of_set_datasets"/>
    <testcase time="0.0120000000000005" classname="FilteredData" name="datanames_are_ordered_topologically_from_parent_to_child"/>
    <testcase time="0.0519999999999996" classname="FilteredData" name="FilteredData_forbids_cyclic_graphs_of_datasets_relationship"/>
    <testcase time="0.0129999999999999" classname="FilteredData" name="get_filterable_dataname_throws_when_dataname_is_not_a_subset_of_current_datanames"/>
    <testcase time="0.00999999999999979" classname="FilteredData" name="get_filterable_dataname_returns_all_datasets_by_default"/>
    <testcase time="0.011000000000001" classname="FilteredData" name="get_filterable_dataname_all_returns_all_datasets"/>
    <testcase time="0.00699999999999967" classname="FilteredData" name="get_filterable_dataname_returns_dataname_same_as_input"/>
    <testcase time="0.0269999999999992" classname="FilteredData" name="get_filterable_datanames_returns_all_ancestors_if_parents_are_specified_in_join_keys"/>
    <testcase time="0.00999999999999979" classname="FilteredData" name="get_filterable_datanames_returns_all_ancestors_if_parents_are_specified_in_join_keys"/>
    <testcase time="0.00200000000000067" classname="FilteredData" name="get_filterable_datanames_returns_all_ancestors_if_parents_are_specified_in_join_keys"/>
    <testcase time="0.0080000000000009" classname="FilteredData" name="set_dataset_accepts_data_being_data.frame_"/>
    <testcase time="0.00699999999999967" classname="FilteredData" name="set_dataset_returns_self"/>
    <testcase time="0.00699999999999967" classname="FilteredData" name="set_dataset_creates_FilteredDataset_object"/>
    <testcase time="0.0150000000000006" classname="FilteredData" name="set_datasets_creates_FilteredDataset_object_linked_with_parent"/>
    <testcase time="0.00799999999999912" classname="FilteredData" name="get_keys_returns_keys_of_the_dataset_specified_via_join_keys"/>
    <testcase time="0.00699999999999967" classname="FilteredData" name="get_join_keys_returns_empty_JoinKeys_object"/>
    <testcase time="0.0180000000000007" classname="FilteredData" name="get_join_keys_returns_join_keys_object_if_it_exists"/>
    <testcase time="0.00799999999999912" classname="FilteredData" name="get_datalabel_returns_character_0_for_a_dataset_with_no_labels"/>
    <testcase time="0.00700000000000145" classname="FilteredData" name="get_datalabel_returns_the_label_of_a_passed_dataset"/>
    <testcase time="0.0129999999999999" classname="FilteredData" name="get_metadata_throws_error_if_dataset_does_not_exist"/>
    <testcase time="0.0109999999999992" classname="FilteredData" name="get_metadata_returns_metadata_if_dataset_exists"/>
    <testcase time="0.00600000000000023" classname="FilteredData" name="get_metadata_returns_metadata_if_dataset_exists"/>
    <testcase time="0.00799999999999912" classname="FilteredData" name="get_code_returns_the_code_passed_to_set_code"/>
    <testcase time="0.00400000000000134" classname="FilteredData" name="get_code_returns_a_string_when_FilteredData_has_no_code"/>
    <testcase time="0.0359999999999996" classname="FilteredData" name="FilteredData_get_call_throws_if_dataname_doesn_t_match_available_datasets"/>
    <testcase time="0.0120000000000005" classname="FilteredData" name="FilteredData_get_call_returns_a_NULL_if_no_filters_applied"/>
    <testcase time="0.00500000000000078" classname="FilteredData" name="FilteredData_get_call_returns_a_NULL_if_no_filters_applied"/>
    <testcase time="0.0329999999999995" classname="FilteredData" name="FilteredData_get_call_return_a_list_of_calls_when_filter_applied"/>
    <testcase time="0.00300000000000011" classname="FilteredData" name="FilteredData_get_call_return_a_list_of_calls_when_filter_applied"/>
    <testcase time="0.0109999999999992" classname="FilteredData" name="get_filter_expr_returns_empty_string_when_no_filters_applied"/>
    <testcase time="0.0340000000000007" classname="FilteredData" name="get_filter_expr_returns_all_filter_calls_as_character"/>
    <testcase time="0.0120000000000005" classname="FilteredData" name="get_data_assert_the_filtered_argument_is_logical_1_"/>
    <testcase time="0.00599999999999845" classname="FilteredData" name="get_data_requires_dataname_being_a_subset_of_datanames"/>
    <testcase time="0.00700000000000145" classname="FilteredData" name="get_data_requires_dataname_being_a_subset_of_datanames"/>
    <testcase time="0.00699999999999967" classname="FilteredData" name="get_data_filtered_FALSE_returns_the_same_object_as_passed_to_the_constructor"/>
    <testcase time="0.00799999999999912" classname="FilteredData" name="get_data_returns_the_same_object_as_passed_to_the_constructor_if_no_filter_applied"/>
    <testcase time="0.0410000000000004" classname="FilteredData" name="FilteredData_get_data_returns_an_object_filtered_by_set_filters"/>
    <testcase time="0.0609999999999999" classname="FilteredData" name="FilteredData_get_data_of_the_child_is_dependent_on_the_ancestor_filter"/>
    <testcase time="0.0440000000000005" classname="FilteredData" name="FilteredData_get_filter_state_returns_list_identical_to_input_with_attribute_format"/>
    <testcase time="0.0139999999999993" classname="FilteredData" name="FilteredData_set_filter_state_throws_error_with_unnamed_datasets_list"/>
    <testcase time="0.0140000000000011" classname="FilteredData" name="FilteredData_set_filter_state_throws_error_with_unnamed_variables_list"/>
    <testcase time="0.161" classname="FilteredData" name="FilteredData_get_filter_state_returns_list_whose_attribute_is_a_character_form_of_the_list"/>
    <testcase time="0.0329999999999995" classname="FilteredData" name="FilteredData_get_filter_state_returns_list_whose_attribute_is_a_character_form_of_the_list"/>
    <testcase time="0.0690000000000008" classname="FilteredData" name="FilteredData_remove_filter_state_removes_states_defined_in_list"/>
    <testcase time="0.00799999999999912" classname="FilteredData" name="FilteredData_remove_filter_state_removes_states_defined_in_list"/>
    <testcase time="0.0679999999999996" classname="FilteredData" name="FilteredData_clear_filter_states_removes_all_filters_of_all_datasets_in_FilteredData"/>
    <testcase time="0.0730000000000004" classname="FilteredData" name="FilteredData_clear_filter_states_remove_the_filters_of_the_desired_dataset_only"/>
    <testcase time="0.00500000000000078" classname="FilteredData" name="FilteredData_clear_filter_states_remove_the_filters_of_the_desired_dataset_only"/>
    <testcase time="0.0179999999999989" classname="FilteredData" name="get_filter_overview_accepts_all_datasets_argument_input"/>
    <testcase time="0.0140000000000011" classname="FilteredData" name="get_filter_overview_accepts_single_dataset_argument_input"/>
    <testcase time="0.00699999999999967" classname="FilteredData" name="get_filter_overview_accepts_single_dataset_argument_input"/>
    <testcase time="0.0180000000000007" classname="FilteredData" name="get_filter_overview_throws_error_with_empty_argument_input"/>
    <testcase time="0.0179999999999989" classname="FilteredData" name="get_filter_overview_throws_error_with_wrong_argument_input"/>
    <testcase time="0.00999999999999979" classname="FilteredData" name="get_filter_overview_throws_error_with_wrong_argument_input"/>
    <testcase time="0.011000000000001" classname="FilteredData" name="get_filter_overview_throws_error_with_wrong_argument_input"/>
    <testcase time="0.0169999999999995" classname="FilteredData" name="get_filter_overview_returns_overview_data.frame_with_obs_counts_if_the_keys_are_not_specified"/>
    <testcase time="0.0640000000000001" classname="FilteredData" name="get_filter_overview_returns_overview_data.frame_with_filtered_counts"/>
    <testcase time="0.0649999999999995" classname="FilteredData" name="get_filter_overview_return_counts_based_on_reactive_filtering_by_ancestors"/>
    <testcase time="0.136000000000001" classname="FilteredData" name="filter_panel_disable"/>
    <testcase time="0.0549999999999997" classname="FilteredData" name="filter_panel_enable"/>
    <testcase time="0.00300000000000011" classname="FilteredData" name="filter_panel_enable"/>
    <testcase time="0.100999999999999" classname="FilteredData" name="disable_enable_filter_panel_caches_and_restores_state"/>
    <testcase time="0.0140000000000011" classname="FilteredData" name="disable_enable_filter_panel_caches_and_restores_state"/>
    <testcase time="0.00600000000000023" classname="FilteredData" name="disable_enable_filter_panel_caches_and_restores_state"/>
    <testcase time="0.0549999999999997" classname="FilteredData" name="disable_enable_filter_panel_caches_and_restores_state"/>
    <testcase time="0.00600000000000023" classname="FilteredData" name="disable_enable_filter_panel_caches_and_restores_state"/>
    <testcase time="0.0999999999999996" classname="FilteredData" name="switching_disable_enable_button_caches_and_restores_state"/>
    <testcase time="1.425" classname="FilteredData" name="switching_disable_enable_button_caches_and_restores_state"/>
    <testcase time="0.00600000000000023" classname="FilteredData" name="switching_disable_enable_button_caches_and_restores_state"/>
    <testcase time="1.017" classname="FilteredData" name="switching_disable_enable_button_caches_and_restores_state"/>
    <testcase time="0.00599999999999845" classname="FilteredData" name="switching_disable_enable_button_caches_and_restores_state"/>
    <testcase time="0.077" classname="FilteredData" name="active_datanames_in_srv_filter_panel_gets_resolved_to_valid_datanames"/>
    <testcase time="0.133000000000001" classname="FilteredData" name="active_datanames_in_srv_filter_panel_gets_resolved_to_valid_datanames"/>
    <testcase time="0.077" classname="FilteredData" name="active_datanames_fails_if_returns_dataname_which_isn_t_a_subset_of_available_datanames"/>
    <testcase time="0.669" classname="FilteredData" name="srv_active_output_teal_filters_count_returns_reactive_number_of_current_filters_applied"/>
    <testcase time="0.651999999999999" classname="FilteredData" name="srv_active_clicking_remove_all_button_clears_filters"/>
    <testcase time="0.0220000000000002" classname="FilteredData" name="turn_filed_by_default_equal_to_TRUE"/>
    <testcase time="0.00699999999999967" classname="FilteredData" name="get_filter_panel_ui_id_empty_when_no_shiny_session"/>
    <testcase time="0.0380000000000003" classname="FilteredData" name="get_filter_panel_ui_id_non_empty_when_in_shiny_session"/>
    <testcase time="0.0229999999999997" classname="FilteredData" name="FilteredData_get_filter_count_properly_tallies_active_filter_states"/>
    <testcase time="0.043000000000001" classname="FilteredData" name="FilteredData_get_filter_count_properly_tallies_active_filter_states"/>
    <testcase time="0.016" classname="FilteredData" name="FilteredData_get_filter_count_properly_tallies_active_filter_states_for_MAE_objects"/>
    <testcase time="0.048" classname="FilteredData" name="FilteredData_get_filter_count_properly_tallies_active_filter_states_for_MAE_objects"/>
  </testsuite>
  <testsuite name="FilteredDataset" timestamp="2023-03-29T13:20:54Z" hostname="ffe51751d536" tests="12" skipped="0" failures="0" errors="0" time="0.119">
    <testcase time="0.00899999999999856" classname="FilteredDataset" name="The_constructor_accepts_a_data.frame_object_and_dataname"/>
    <testcase time="0.00400000000000134" classname="FilteredDataset" name="state_lists_empty_does_not_throw_after_initializing_FilteredDataset"/>
    <testcase time="0.00300000000000011" classname="FilteredDataset" name="filter_states_is_empty_when_not_initialized"/>
    <testcase time="0.00399999999999956" classname="FilteredDataset" name="get_dataname_returns_the_dataname_passed_to_the_constructor"/>
    <testcase time="0.00399999999999956" classname="FilteredDataset" name="get_dataset_returns_the_dataset_passed_to_the_constructor"/>
    <testcase time="0.00300000000000011" classname="FilteredDataset" name="get_dataset_label_retruns_the_dataset_label_passed_to_the_constructor"/>
    <testcase time="0.00300000000000011" classname="FilteredDataset" name="get_keys_returns_the_keys_passed_to_the_constructor"/>
    <testcase time="0.00799999999999912" classname="FilteredDataset" name="ui_add_is_pure_virtual"/>
    <testcase time="0.00300000000000011" classname="FilteredDataset" name="get_metadata_returns_the_metadata_of_the_data_passed_to_the_constructor"/>
    <testcase time="0.00500000000000078" classname="FilteredDataset" name="get_metadata_returns_the_metadata_of_the_data_passed_to_the_constructor"/>
    <testcase time="0.0299999999999994" classname="FilteredDataset" name="_get_formatted_filter_state_returns_a_string_representation_of_filters"/>
    <testcase time="0.043000000000001" classname="FilteredDataset" name="_get_call_returns_the_filter_call_of_the_dataset"/>
  </testsuite>
  <testsuite name="LogicalFilterState" timestamp="2023-03-29T13:20:54Z" hostname="ffe51751d536" tests="36" skipped="0" failures="0" errors="0" time="0.265">
    <testcase time="0.0149999999999988" classname="LogicalFilterState" name="The_constructor_accepts_logical_values"/>
    <testcase time="0.00699999999999967" classname="LogicalFilterState" name="The_constructor_accepts_NA_values"/>
    <testcase time="0.00699999999999967" classname="LogicalFilterState" name="get_call_returns_FALSE_values_from_data_passed_to_selector"/>
    <testcase time="0.0080000000000009" classname="LogicalFilterState" name="set_selected_accepts_a_logical_of_length_1"/>
    <testcase time="0.00199999999999889" classname="LogicalFilterState" name="set_selected_accepts_a_logical_of_length_1"/>
    <testcase time="0.00600000000000023" classname="LogicalFilterState" name="set_selected_accepts_a_logical_of_length_1"/>
    <testcase time="0.0080000000000009" classname="LogicalFilterState" name="set_selected_accepts_a_non_logical_coercible_to_logical_of_length_1"/>
    <testcase time="0.00300000000000011" classname="LogicalFilterState" name="set_selected_accepts_a_non_logical_coercible_to_logical_of_length_1"/>
    <testcase time="0.00599999999999845" classname="LogicalFilterState" name="set_selected_accepts_a_non_logical_coercible_to_logical_of_length_1"/>
    <testcase time="0.00700000000000145" classname="LogicalFilterState" name="get_call_returns_appropriate_call_depending_on_selection_state"/>
    <testcase time="0.00300000000000011" classname="LogicalFilterState" name="get_call_returns_appropriate_call_depending_on_selection_state"/>
    <testcase time="0.00299999999999834" classname="LogicalFilterState" name="get_call_returns_appropriate_call_depending_on_selection_state"/>
    <testcase time="0.0080000000000009" classname="LogicalFilterState" name="set_state_needs_a_named_list_with_selected_and_keep_na_elements"/>
    <testcase time="0.00600000000000023" classname="LogicalFilterState" name="set_state_needs_a_named_list_with_selected_and_keep_na_elements"/>
    <testcase time="0.00900000000000034" classname="LogicalFilterState" name="set_state_sets_values_of_selected_and_keep_na_as_provided_in_the_list"/>
    <testcase time="0.00399999999999956" classname="LogicalFilterState" name="set_state_sets_values_of_selected_and_keep_na_as_provided_in_the_list"/>
    <testcase time="0.00999999999999979" classname="LogicalFilterState" name="set_state_overwrites_fields_included_in_the_input_only"/>
    <testcase time="0.00399999999999956" classname="LogicalFilterState" name="set_state_overwrites_fields_included_in_the_input_only"/>
    <testcase time="0.00499999999999901" classname="LogicalFilterState" name="set_state_overwrites_fields_included_in_the_input_only"/>
    <testcase time="0.0120000000000005" classname="LogicalFilterState" name="LogicalFilterState_is_any_filtered_works_properly_when_NA_is_present_in_data"/>
    <testcase time="0.00600000000000023" classname="LogicalFilterState" name="LogicalFilterState_is_any_filtered_works_properly_when_NA_is_present_in_data"/>
    <testcase time="0.0109999999999992" classname="LogicalFilterState" name="LogicalFilterState_is_any_filtered_works_properly_when_both_TRUE_and_FALSE_are_present"/>
    <testcase time="0.00600000000000023" classname="LogicalFilterState" name="LogicalFilterState_is_any_filtered_works_properly_when_both_TRUE_and_FALSE_are_present"/>
    <testcase time="0.00700000000000145" classname="LogicalFilterState" name="LogicalFilterState_is_any_filtered_works_properly_when_both_TRUE_and_FALSE_are_present"/>
    <testcase time="0.00700000000000145" classname="LogicalFilterState" name="LogicalFilterState_is_any_filtered_works_properly_when_both_TRUE_and_FALSE_are_present"/>
    <testcase time="0.00599999999999667" classname="LogicalFilterState" name="LogicalFilterState_is_any_filtered_works_properly_when_both_TRUE_and_FALSE_are_present"/>
    <testcase time="0.00700000000000145" classname="LogicalFilterState" name="LogicalFilterState_is_any_filtered_works_properly_when_both_TRUE_and_FALSE_are_present"/>
    <testcase time="0.0130000000000017" classname="LogicalFilterState" name="LogicalFilterState_is_any_filtered_works_properly_when_only_TRUE_or_FALSE_is_present"/>
    <testcase time="0.00600000000000023" classname="LogicalFilterState" name="LogicalFilterState_is_any_filtered_works_properly_when_only_TRUE_or_FALSE_is_present"/>
    <testcase time="0.00799999999999912" classname="LogicalFilterState" name="LogicalFilterState_is_any_filtered_works_properly_when_only_TRUE_or_FALSE_is_present"/>
    <testcase time="0.00600000000000023" classname="LogicalFilterState" name="LogicalFilterState_is_any_filtered_works_properly_when_only_TRUE_or_FALSE_is_present"/>
    <testcase time="0.0120000000000005" classname="LogicalFilterState" name="LogicalFilterState_is_any_filtered_works_properly_when_only_TRUE_or_FALSE_is_present"/>
    <testcase time="0.0069999999999979" classname="LogicalFilterState" name="LogicalFilterState_is_any_filtered_works_properly_when_only_TRUE_or_FALSE_is_present"/>
    <testcase time="0.00700000000000145" classname="LogicalFilterState" name="LogicalFilterState_is_any_filtered_works_properly_when_only_TRUE_or_FALSE_is_present"/>
    <testcase time="0.0069999999999979" classname="LogicalFilterState" name="LogicalFilterState_is_any_filtered_works_properly_when_only_TRUE_or_FALSE_is_present"/>
    <testcase time="0.0160000000000018" classname="LogicalFilterState" name="is_any_filtered_returns_TRUE_when_enabled"/>
  </testsuite>
  <testsuite name="MAEFilterStates" timestamp="2023-03-29T13:20:54Z" hostname="ffe51751d536" tests="17" skipped="0" failures="0" errors="0" time="0.998">
    <testcase time="0.0670000000000002" classname="MAEFilterStates" name="The_constructor_does_not_throw"/>
    <testcase time="0.00300000000000011" classname="MAEFilterStates" name="MAEFilterStates_accept_vector_as_an_input_for_varlabels"/>
    <testcase time="0.00399999999999778" classname="MAEFilterStates" name="get_fun_returns_the_MAE_specific_subset_function"/>
    <testcase time="0.00700000000000145" classname="MAEFilterStates" name="The_constructor_initializes_a_state_list"/>
    <testcase time="0.0199999999999996" classname="MAEFilterStates" name="get_call_returns_executable_subsetByColData_call_"/>
    <testcase time="0.477" classname="MAEFilterStates" name="get_call_returns_executable_subsetByColData_call_"/>
    <testcase time="0.0450000000000017" classname="MAEFilterStates" name="MAEFilterStates_set_filter_state_sets_filters_in_FilterState_s_specified_by_the_named_list"/>
    <testcase time="0.0399999999999991" classname="MAEFilterStates" name="MAEFilterStates_set_filter_state_updates_filter_state_which_was_set_already"/>
    <testcase time="0.0069999999999979" classname="MAEFilterStates" name="MAEFilterStates_set_filter_state_throws_error_when_not_using_a_named_list"/>
    <testcase time="0.0860000000000021" classname="MAEFilterStates" name="MAEFilterStates_get_filter_state_returns_list_identical_to_input"/>
    <testcase time="0.0850000000000009" classname="MAEFilterStates" name="MAEFilterStates_remove_filter_state_removes_filters_in_FilterState_s_"/>
    <testcase time="0.0859999999999985" classname="MAEFilterStates" name="MAEFilterStates_remove_filter_state_throws_warning_when_name_is_not_in_FilterStates"/>
    <testcase time="0.00400000000000134" classname="MAEFilterStates" name="_format_is_a_method_of_MAEFilterStates"/>
    <testcase time="0.00799999999999912" classname="MAEFilterStates" name="_format_asserts_the_indent_argument_is_a_number"/>
    <testcase time="0.0279999999999987" classname="MAEFilterStates" name="_format_concatenates_its_FilterState_elements_using_n_and_indents_the_FilterState_objects"/>
    <testcase time="0.027000000000001" classname="MAEFilterStates" name="get_filter_count_returns_the_number_of_active_filter_states_MAEFilterStates"/>
    <testcase time="0.00400000000000134" classname="MAEFilterStates" name="get_filter_count_returns_the_number_of_active_filter_states_MAEFilterStates"/>
  </testsuite>
  <testsuite name="MAEFilteredDataset" timestamp="2023-03-29T13:20:55Z" hostname="ffe51751d536" tests="18" skipped="0" failures="0" errors="0" time="1.9">
    <testcase time="0.0719999999999992" classname="MAEFilteredDataset" name="MAEFilteredDataset_accepts_a_MultiAssayExperiment_object"/>
    <testcase time="0.00799999999999912" classname="MAEFilteredDataset" name="MAEFilteredDataset_throws_error_with_a_data.frame_passed_to_constructor"/>
    <testcase time="0.0680000000000014" classname="MAEFilteredDataset" name="filter_states_list_is_initialized_with_names_of_experiments"/>
    <testcase time="0.0730000000000004" classname="MAEFilteredDataset" name="MAEFilteredDataset_get_call_returns_NULL_without_applying_filter"/>
    <testcase time="0.116999999999997" classname="MAEFilteredDataset" name="MAEFilteredDataset_get_call_returns_a_call_with_applying_filter"/>
    <testcase time="0.129000000000001" classname="MAEFilteredDataset" name="get_filter_overview_info_returns_overview_matrix_for_MAEFilteredDataset_without_filtering"/>
    <testcase time="0.366" classname="MAEFilteredDataset" name="get_filter_overview_info_returns_overview_matrix_for_MAEFilteredDataset_with_filtering"/>
    <testcase time="0.135000000000002" classname="MAEFilteredDataset" name="MAEFilteredDataset_set_filter_state_sets_filters_in_FilterStates_specified_by_list_names"/>
    <testcase time="0.0729999999999968" classname="MAEFilteredDataset" name="MAEFilteredDataset_set_filter_state_throws_error_when_using_unnamed_list"/>
    <testcase time="0.0710000000000015" classname="MAEFilteredDataset" name="MAEFilteredDataset_set_filter_state_throws_error_when_using_unnamed_variables_list"/>
    <testcase time="0.0710000000000015" classname="MAEFilteredDataset" name="MAEFilteredDataset_set_filter_state_throws_error_if_state_argument_is_not_a_list_"/>
    <testcase time="0.113999999999997" classname="MAEFilteredDataset" name="MAEFilteredDataset_get_filter_state_returns_list_identical_to_input"/>
    <testcase time="0.114000000000001" classname="MAEFilteredDataset" name="MAEFilteredDataset_remove_filter_state_removes_desired_filter"/>
    <testcase time="0.113" classname="MAEFilteredDataset" name="MAEFilteredDataset_remove_filter_state_throws_error_if_list_in_unnamed"/>
    <testcase time="0.0670000000000002" classname="MAEFilteredDataset" name="get_supported_filter_varnames.MAEFilteredDataset_returns_character_0_"/>
    <testcase time="0.113" classname="MAEFilteredDataset" name="MAEFilteredDataset_filters_removed_using_remove_filters"/>
    <testcase time="0.179000000000002" classname="MAEFilteredDataset" name="MAEFilteredDataset_filters_removed_using_remove_filters"/>
    <testcase time="0.0169999999999995" classname="MAEFilteredDataset" name="MAEFilteredDataset_filters_removed_using_remove_filters"/>
  </testsuite>
  <testsuite name="MatrixFilterStates" timestamp="2023-03-29T13:20:57Z" hostname="ffe51751d536" tests="11" skipped="0" failures="0" errors="0" time="0.129">
    <testcase time="0.00799999999999912" classname="MatrixFilterStates" name="The_constructor_does_not_raise_errors"/>
    <testcase time="0.00700000000000145" classname="MatrixFilterStates" name="The_constructor_initializes_one_state_list"/>
    <testcase time="0.0180000000000007" classname="MatrixFilterStates" name="get_call_returns_a_executable_call_filtering_a_matrix_with_numeric_values"/>
    <testcase time="0.00399999999999778" classname="MatrixFilterStates" name="get_call_returns_a_executable_call_filtering_a_matrix_with_numeric_values"/>
    <testcase time="0.0180000000000007" classname="MatrixFilterStates" name="set_filter_state_adds_filters_to_state_list"/>
    <testcase time="0.00900000000000034" classname="MatrixFilterStates" name="set_filter_state_throws_error_when_list_is_unnamed"/>
    <testcase time="0.0199999999999996" classname="MatrixFilterStates" name="remove_filter_state_removes_filters_from_state_list"/>
    <testcase time="0.0199999999999996" classname="MatrixFilterStates" name="remove_filter_state_throws_warning_when_state_id_is_not_in_state_list"/>
    <testcase time="0.00400000000000134" classname="MatrixFilterStates" name="MatrixFilterStates_ui_add_returns_a_message_inside_a_div_when_data_has_no_rows_or_no_columns"/>
    <testcase time="0.0169999999999995" classname="MatrixFilterStates" name="get_filter_count_returns_the_number_of_active_filter_states_MartixFilterStates"/>
    <testcase time="0.00399999999999778" classname="MatrixFilterStates" name="get_filter_count_returns_the_number_of_active_filter_states_MartixFilterStates"/>
  </testsuite>
  <testsuite name="RangeFilterState" timestamp="2023-03-29T13:20:57Z" hostname="ffe51751d536" tests="51" skipped="0" failures="0" errors="0" time="0.63">
    <testcase time="0.0169999999999995" classname="RangeFilterState" name="The_constructor_accepts_numerical_values"/>
    <testcase time="0.0130000000000017" classname="RangeFilterState" name="The_constructor_accepts_infinite_values_but_not_infinite_only"/>
    <testcase time="0.00600000000000023" classname="RangeFilterState" name="The_constructor_accepts_infinite_values_but_not_infinite_only"/>
    <testcase time="0.00600000000000023" classname="RangeFilterState" name="The_constructor_accepts_infinite_values_but_not_infinite_only"/>
    <testcase time="0.0129999999999981" classname="RangeFilterState" name="get_selected_returns_range_computed_on_a_vector_containing_c_1_Inf_Inf_NA_"/>
    <testcase time="0.0169999999999995" classname="RangeFilterState" name="set_selected_raises_error_when_the_passed_values_are_not_coercible_to_numeric"/>
    <testcase time="0.0130000000000017" classname="RangeFilterState" name="set_selected_accepts_an_array_with_two_numerical_elements"/>
    <testcase time="0.0130000000000017" classname="RangeFilterState" name="get_call_returns_call_encompassing_all_values_passed_to_constructor"/>
    <testcase time="0.0269999999999975" classname="RangeFilterState" name="get_call_returns_call_encompassing_all_values_passed_to_constructor"/>
    <testcase time="0.0139999999999993" classname="RangeFilterState" name="get_call_returns_valid_call_after_unsuccessfull_set_selected"/>
    <testcase time="0.00200000000000244" classname="RangeFilterState" name="get_call_returns_valid_call_after_unsuccessfull_set_selected"/>
    <testcase time="0.0139999999999993" classname="RangeFilterState" name="get_call_returns_call_with_values_passed_in_set_selected"/>
    <testcase time="0.0139999999999993" classname="RangeFilterState" name="get_call_returns_call_that_evaluates_to_TRUE_for_values_within_range_passed_to_set_selected"/>
    <testcase time="0.0150000000000006" classname="RangeFilterState" name="set_keep_inf_switches_get_call_returning_call_that_allows_infinite_values"/>
    <testcase time="0.00499999999999901" classname="RangeFilterState" name="set_keep_inf_switches_get_call_returning_call_that_allows_infinite_values"/>
    <testcase time="0.0120000000000005" classname="RangeFilterState" name="set_keep_na_switches_get_call_returning_call_that_allows_NAs"/>
    <testcase time="0.00499999999999901" classname="RangeFilterState" name="set_keep_na_switches_get_call_returning_call_that_allows_NAs"/>
    <testcase time="0.0130000000000017" classname="RangeFilterState" name="NA_and_Inf_can_bothe_be_included_by_call_returned_by_get_call"/>
    <testcase time="0.00399999999999778" classname="RangeFilterState" name="NA_and_Inf_can_bothe_be_included_by_call_returned_by_get_call"/>
    <testcase time="0.0139999999999993" classname="RangeFilterState" name="get_state_returns_a_list_identical_to_set_state_input"/>
    <testcase time="0.0150000000000006" classname="RangeFilterState" name="set_state_needs_a_named_list_with_selected_keep_na_and_keep_inf_elements"/>
    <testcase time="0.00500000000000256" classname="RangeFilterState" name="set_state_needs_a_named_list_with_selected_keep_na_and_keep_inf_elements"/>
    <testcase time="0.014999999999997" classname="RangeFilterState" name="set_state_sets_values_of_selected_and_keep_na_as_provided_in_the_list"/>
    <testcase time="0.00400000000000134" classname="RangeFilterState" name="set_state_sets_values_of_selected_and_keep_na_as_provided_in_the_list"/>
    <testcase time="0.00499999999999901" classname="RangeFilterState" name="set_state_sets_values_of_selected_and_keep_na_as_provided_in_the_list"/>
    <testcase time="0.0160000000000018" classname="RangeFilterState" name="set_state_overwrites_fields_included_in_the_input_only"/>
    <testcase time="0.00300000000000011" classname="RangeFilterState" name="set_state_overwrites_fields_included_in_the_input_only"/>
    <testcase time="0.00399999999999778" classname="RangeFilterState" name="set_state_overwrites_fields_included_in_the_input_only"/>
    <testcase time="0.00500000000000256" classname="RangeFilterState" name="set_state_overwrites_fields_included_in_the_input_only"/>
    <testcase time="0.0169999999999995" classname="RangeFilterState" name="RangeFilterState_is_any_filtered_works_properly_when_NA_and_Inf_are_present_in_data"/>
    <testcase time="0.0069999999999979" classname="RangeFilterState" name="RangeFilterState_is_any_filtered_works_properly_when_NA_and_Inf_are_present_in_data"/>
    <testcase time="0.00700000000000145" classname="RangeFilterState" name="RangeFilterState_is_any_filtered_works_properly_when_NA_and_Inf_are_present_in_data"/>
    <testcase time="0.00700000000000145" classname="RangeFilterState" name="RangeFilterState_is_any_filtered_works_properly_when_NA_and_Inf_are_present_in_data"/>
    <testcase time="0.0069999999999979" classname="RangeFilterState" name="RangeFilterState_is_any_filtered_works_properly_when_NA_and_Inf_are_present_in_data"/>
    <testcase time="0.00799999999999912" classname="RangeFilterState" name="RangeFilterState_is_any_filtered_works_properly_when_NA_and_Inf_are_present_in_data"/>
    <testcase time="0.00800000000000267" classname="RangeFilterState" name="RangeFilterState_is_any_filtered_works_properly_when_NA_and_Inf_are_present_in_data"/>
    <testcase time="0.0129999999999981" classname="RangeFilterState" name="_format_is_a_FilterStates_s_method_that_accepts_indent"/>
    <testcase time="0.0169999999999995" classname="RangeFilterState" name="_format_asserts_that_indent_is_numeric"/>
    <testcase time="0.0139999999999993" classname="RangeFilterState" name="_format_returns_a_string_representation_the_FilterState_object"/>
    <testcase time="0.0130000000000017" classname="RangeFilterState" name="_format_prepends_spaces_to_every_line_of_the_returned_string"/>
    <testcase time="0.00300000000000011" classname="RangeFilterState" name="_format_prepends_spaces_to_every_line_of_the_returned_string"/>
    <testcase time="0.00300000000000011" classname="RangeFilterState" name="_format_prepends_spaces_to_every_line_of_the_returned_string"/>
    <testcase time="0.0129999999999981" classname="RangeFilterState" name="private_get_pretty_range_step_returns_pretty_step_size"/>
    <testcase time="0.0600000000000023" classname="RangeFilterState" name="private_get_pretty_range_step_returns_pretty_step_size"/>
    <testcase time="0.0180000000000007" classname="RangeFilterState" name="disable_sets_all_state_elements_to_NULL"/>
    <testcase time="0.00300000000000011" classname="RangeFilterState" name="disable_sets_all_state_elements_to_NULL"/>
    <testcase time="0.0169999999999995" classname="RangeFilterState" name="disable_copies_last_state_to_the_cache"/>
    <testcase time="0.0189999999999984" classname="RangeFilterState" name="is_any_filtered_returns_FALSE_when_disabled"/>
    <testcase time="0.0210000000000008" classname="RangeFilterState" name="enable_sets_state_back_to_the_last_state"/>
    <testcase time="0.0219999999999985" classname="RangeFilterState" name="enable_clears_cache"/>
    <testcase time="0.0240000000000009" classname="RangeFilterState" name="is_any_filtered_returns_TRUE_when_enabled"/>
  </testsuite>
  <testsuite name="SEFilterStates" timestamp="2023-03-29T13:20:58Z" hostname="ffe51751d536" tests="26" skipped="0" failures="0" errors="0" time="1.006">
    <testcase time="0.0600000000000023" classname="SEFilterStates" name="The_constructor_does_not_throw"/>
    <testcase time="0.0489999999999995" classname="SEFilterStates" name="The_constructor_initializes_two_state_lists"/>
    <testcase time="0.00499999999999901" classname="SEFilterStates" name="The_constructor_initializes_two_state_lists"/>
    <testcase time="0.0309999999999988" classname="SEFilterStates" name="set_filter_state_throws_error_when_input_is_missing"/>
    <testcase time="0.0450000000000017" classname="SEFilterStates" name="set_filter_state_throws_error_when_state_argument_contains_extra_elements"/>
    <testcase time="0.0300000000000011" classname="SEFilterStates" name="set_filter_state_throws_error_when_state_argument_is_not_a_list"/>
    <testcase time="0.0329999999999977" classname="SEFilterStates" name="set_filter_state_returns_NULL_when_state_argument_contains_subset_and_select_set_as_NULL"/>
    <testcase time="0.032" classname="SEFilterStates" name="set_filter_state_returns_NULL_when_state_argument_is_an_empty_list"/>
    <testcase time="0.0289999999999999" classname="SEFilterStates" name="get_call_method_returns_NULL_if_no_states_added"/>
    <testcase time="0.0259999999999998" classname="SEFilterStates" name="get_fun_method_returns_subset"/>
    <testcase time="0.0390000000000015" classname="SEFilterStates" name="SEFilterStates_set_filter_state_sets_state_with_only_subset"/>
    <testcase time="0.0500000000000007" classname="SEFilterStates" name="SEFilterStates_set_filter_state_updates_select_state_which_has_been_set_already"/>
    <testcase time="0.041999999999998" classname="SEFilterStates" name="SEFilterStates_set_filter_state_updates_subset_state_which_has_been_set_already"/>
    <testcase time="0.0429999999999993" classname="SEFilterStates" name="SEFilterStates_set_filter_state_updates_subset_state_which_has_been_set_already"/>
    <testcase time="0.0310000000000024" classname="SEFilterStates" name="SEFilterStates_set_filter_state_sets_state_with_neither_subset_nor_select"/>
    <testcase time="0.0479999999999983" classname="SEFilterStates" name="SEFilterStates_get_filter_state_returns_list_identical_to_input"/>
    <testcase time="0.0860000000000021" classname="SEFilterStates" name="SEFilterStates_remove_filter_state_removes_filters_in_state_list"/>
    <testcase time="0.0599999999999987" classname="SEFilterStates" name="SEFilterStates_remove_filter_state_removes_all_filters_in_state_list"/>
    <testcase time="0.0509999999999984" classname="SEFilterStates" name="SEFilterStates_remove_filter_state_throws_warning_when_list_has_unknown_name_in_the_FilterState"/>
    <testcase time="0.0240000000000009" classname="SEFilterStates" name="SEFilterStates_ui_add_returns_a_message_inside_a_div_when_data_has_no_rows_or_no_columns"/>
    <testcase time="0.0210000000000008" classname="SEFilterStates" name="SEFilterStates_ui_add_returns_a_message_inside_a_div_when_data_has_no_rows_or_no_columns"/>
    <testcase time="0.0410000000000004" classname="SEFilterStates" name="_format_is_a_method_of_SEFilterStates"/>
    <testcase time="0.0309999999999988" classname="SEFilterStates" name="_format_asserts_the_indent_argument_is_a_number"/>
    <testcase time="0.0480000000000018" classname="SEFilterStates" name="_format_concatenates_its_FilterState_elements_using_n_and_indents_the_FilterState_strings"/>
    <testcase time="0.0470000000000006" classname="SEFilterStates" name="get_filter_count_properly_tallies_multiple_state_lists_SEFilterStates"/>
    <testcase time="0.00399999999999778" classname="SEFilterStates" name="get_filter_count_properly_tallies_multiple_state_lists_SEFilterStates"/>
  </testsuite>
  <testsuite name="calls_combine_by" timestamp="2023-03-29T13:20:59Z" hostname="ffe51751d536" tests="9" skipped="0" failures="0" errors="0" time="0.034">
    <testcase time="0.00600000000000023" classname="calls_combine_by" name="calls_combine_by_different_operators"/>
    <testcase time="0.00199999999999889" classname="calls_combine_by" name="calls_combine_by_different_operators"/>
    <testcase time="0.00100000000000122" classname="calls_combine_by" name="calls_combine_by_different_operators"/>
    <testcase time="0.00600000000000023" classname="calls_combine_by" name="calls_combine_by_different_operators"/>
    <testcase time="0.00499999999999901" classname="calls_combine_by" name="calls_combine_by_different_operators"/>
    <testcase time="0.00200000000000244" classname="calls_combine_by" name="calls_combine_by_different_operators"/>
    <testcase time="0.00499999999999901" classname="calls_combine_by" name="calls_combine_by_different_forms_of_calls"/>
    <testcase time="0.00100000000000122" classname="calls_combine_by" name="calls_combine_by_different_forms_of_calls"/>
    <testcase time="0.00599999999999667" classname="calls_combine_by" name="calls_combine_by_different_forms_of_calls"/>
  </testsuite>
  <testsuite name="check_ellipsis" timestamp="2023-03-29T13:20:59Z" hostname="ffe51751d536" tests="18" skipped="0" failures="0" errors="0" time="0.072">
    <testcase time="0.00700000000000145" classname="check_ellipsis" name="check_ellipsis_with_no_unused"/>
    <testcase time="0.00600000000000023" classname="check_ellipsis" name="check_ellipsis_with_extra_unamed_arguments"/>
    <testcase time="0.00199999999999889" classname="check_ellipsis" name="check_ellipsis_with_extra_unamed_arguments"/>
    <testcase time="0.00600000000000023" classname="check_ellipsis" name="check_ellipsis_with_extra_named_arguments"/>
    <testcase time="0.00200000000000244" classname="check_ellipsis" name="check_ellipsis_with_extra_named_arguments"/>
    <testcase time="0.00599999999999667" classname="check_ellipsis" name="check_ellipsis_with_extra_named_and_unamed_arguments"/>
    <testcase time="0.00200000000000244" classname="check_ellipsis" name="check_ellipsis_with_extra_named_and_unamed_arguments"/>
    <testcase time="0.0069999999999979" classname="check_ellipsis" name="check_ellipsis_with_extra_named_and_unamed_arguments_in_wrong_order"/>
    <testcase time="0.00100000000000122" classname="check_ellipsis" name="check_ellipsis_with_extra_named_and_unamed_arguments_in_wrong_order"/>
    <testcase time="0.00400000000000134" classname="check_ellipsis" name="check_ellipsis_with_allowed_args"/>
    <testcase time="0.00499999999999901" classname="check_ellipsis" name="check_ellipsis_with_allowed_args"/>
    <testcase time="0.00499999999999901" classname="check_ellipsis" name="check_ellipsis_with_allowed_args"/>
    <testcase time="0.00600000000000023" classname="check_ellipsis" name="check_ellipsis_with_allowed_args"/>
    <testcase time="0.00199999999999889" classname="check_ellipsis" name="check_ellipsis_with_allowed_args"/>
    <testcase time="0.00500000000000256" classname="check_ellipsis" name="check_ellipsis_with_allowed_args"/>
    <testcase time="0.00199999999999889" classname="check_ellipsis" name="check_ellipsis_with_allowed_args"/>
    <testcase time="0.00199999999999889" classname="check_ellipsis" name="check_ellipsis_with_allowed_args"/>
    <testcase time="0.00200000000000244" classname="check_ellipsis" name="check_ellipsis_with_allowed_args"/>
  </testsuite>
  <testsuite name="check_simple_name" timestamp="2023-03-29T13:20:59Z" hostname="ffe51751d536" tests="15" skipped="0" failures="0" errors="0" time="0.047">
    <testcase time="0.00600000000000023" classname="check_simple_name" name="check_simple_name_behaves_as_expected"/>
    <testcase time="0.00199999999999889" classname="check_simple_name" name="check_simple_name_behaves_as_expected"/>
    <testcase time="0.00199999999999889" classname="check_simple_name" name="check_simple_name_behaves_as_expected"/>
    <testcase time="0.00100000000000122" classname="check_simple_name" name="check_simple_name_behaves_as_expected"/>
    <testcase time="0.00199999999999889" classname="check_simple_name" name="check_simple_name_behaves_as_expected"/>
    <testcase time="0.00200000000000244" classname="check_simple_name" name="check_simple_name_behaves_as_expected"/>
    <testcase time="0.00199999999999889" classname="check_simple_name" name="check_simple_name_behaves_as_expected"/>
    <testcase time="0.00199999999999889" classname="check_simple_name" name="check_simple_name_behaves_as_expected"/>
    <testcase time="0.00100000000000122" classname="check_simple_name" name="check_simple_name_behaves_as_expected"/>
    <testcase time="0.00100000000000122" classname="check_simple_name" name="check_simple_name_behaves_as_expected"/>
    <testcase time="0.00600000000000023" classname="check_simple_name" name="check_simple_name_behaves_as_expected"/>
    <testcase time="0.00499999999999901" classname="check_simple_name" name="check_simple_name_behaves_as_expected"/>
    <testcase time="0.00500000000000256" classname="check_simple_name" name="check_simple_name_behaves_as_expected"/>
    <testcase time="0.00499999999999901" classname="check_simple_name" name="check_simple_name_behaves_as_expected"/>
    <testcase time="0.00499999999999901" classname="check_simple_name" name="check_simple_name_behaves_as_expected"/>
  </testsuite>
  <testsuite name="count_labels" timestamp="2023-03-29T13:20:59Z" hostname="ffe51751d536" tests="53" skipped="0" failures="0" errors="0" time="0.237">
    <testcase time="0.00600000000000023" classname="count_labels" name="make_count_text_requires_label_to_be_a_character_1_"/>
    <testcase time="0.00600000000000023" classname="count_labels" name="make_count_text_requires_label_to_be_a_character_1_"/>
    <testcase time="0.00499999999999901" classname="count_labels" name="make_count_text_requires_label_to_be_a_character_1_"/>
    <testcase time="0.00200000000000244" classname="count_labels" name="make_count_text_requires_countmax_to_be_a_numeric_1_"/>
    <testcase time="0.00600000000000023" classname="count_labels" name="make_count_text_requires_countmax_to_be_a_numeric_1_"/>
    <testcase time="0.00499999999999901" classname="count_labels" name="make_count_text_requires_countmax_to_be_a_numeric_1_"/>
    <testcase time="0.00199999999999889" classname="count_labels" name="make_count_text_requires_countnow_to_be_a_numeric_1_NULL_or_missing"/>
    <testcase time="0.000999999999997669" classname="count_labels" name="make_count_text_requires_countnow_to_be_a_numeric_1_NULL_or_missing"/>
    <testcase time="0.00100000000000122" classname="count_labels" name="make_count_text_requires_countnow_to_be_a_numeric_1_NULL_or_missing"/>
    <testcase time="0.00600000000000023" classname="count_labels" name="make_count_text_requires_countnow_to_be_a_numeric_1_NULL_or_missing"/>
    <testcase time="0.00600000000000023" classname="count_labels" name="make_count_text_requires_countnow_to_be_a_numeric_1_NULL_or_missing"/>
    <testcase time="0.00199999999999889" classname="count_labels" name="make_count_text_returns_label_countnow_countmax_"/>
    <testcase time="0.00300000000000011" classname="count_labels" name="make_count_text_returns_label_countmax_when_countnow_is_null_or_missing"/>
    <testcase time="0.00100000000000122" classname="count_labels" name="make_count_text_returns_label_countmax_when_countnow_is_null_or_missing"/>
    <testcase time="0.00300000000000011" classname="count_labels" name="countBar_requires_InputId_to_be_a_character_1_"/>
    <testcase time="0.00499999999999901" classname="count_labels" name="countBar_requires_InputId_to_be_a_character_1_"/>
    <testcase time="0.00600000000000023" classname="count_labels" name="countBar_requires_InputId_to_be_a_character_1_"/>
    <testcase time="0.00600000000000023" classname="count_labels" name="countBar_requires_InputId_to_be_a_character_1_"/>
    <testcase time="0.00600000000000023" classname="count_labels" name="countBar_requires_InputId_to_be_a_character_1_"/>
    <testcase time="0.00199999999999889" classname="count_labels" name="countBar_requires_label_to_be_a_character_1_"/>
    <testcase time="0.00600000000000023" classname="count_labels" name="countBar_requires_label_to_be_a_character_1_"/>
    <testcase time="0.00600000000000023" classname="count_labels" name="countBar_requires_label_to_be_a_character_1_"/>
    <testcase time="0.00499999999999901" classname="count_labels" name="countBar_requires_label_to_be_a_character_1_"/>
    <testcase time="0.00300000000000011" classname="count_labels" name="countBar_requires_countmax_to_be_a_numeric_1_"/>
    <testcase time="0.00600000000000023" classname="count_labels" name="countBar_requires_countmax_to_be_a_numeric_1_"/>
    <testcase time="0.00600000000000023" classname="count_labels" name="countBar_requires_countmax_to_be_a_numeric_1_"/>
    <testcase time="0.00300000000000011" classname="count_labels" name="countBar_requires_counttotal_to_be_a_numeric_1_"/>
    <testcase time="0.00600000000000023" classname="count_labels" name="countBar_requires_counttotal_to_be_a_numeric_1_"/>
    <testcase time="0.00499999999999901" classname="count_labels" name="countBar_requires_counttotal_to_be_a_numeric_1_"/>
    <testcase time="0.00300000000000011" classname="count_labels" name="countBar_requires_countnow_to_be_a_numeric_1_NULL_or_missing"/>
    <testcase time="0.00100000000000122" classname="count_labels" name="countBar_requires_countnow_to_be_a_numeric_1_NULL_or_missing"/>
    <testcase time="0.00199999999999889" classname="count_labels" name="countBar_requires_countnow_to_be_a_numeric_1_NULL_or_missing"/>
    <testcase time="0.00600000000000023" classname="count_labels" name="countBar_requires_countnow_to_be_a_numeric_1_NULL_or_missing"/>
    <testcase time="0.00600000000000023" classname="count_labels" name="countBar_requires_countnow_to_be_a_numeric_1_NULL_or_missing"/>
    <testcase time="0.00300000000000011" classname="count_labels" name="countBar_returns_a_div_with_class_and_two_progressbars"/>
    <testcase time="0.00400000000000134" classname="count_labels" name="countBars_requires_InputId_to_be_a_character_1_"/>
    <testcase time="0.00599999999999667" classname="count_labels" name="countBars_requires_InputId_to_be_a_character_1_"/>
    <testcase time="0.00600000000000023" classname="count_labels" name="countBars_requires_InputId_to_be_a_character_1_"/>
    <testcase time="0.00600000000000023" classname="count_labels" name="countBars_requires_InputId_to_be_a_character_1_"/>
    <testcase time="0.00500000000000256" classname="count_labels" name="countBars_requires_InputId_to_be_a_character_1_"/>
    <testcase time="0.00399999999999778" classname="count_labels" name="countBars_requires_choices_to_be_a_vector"/>
    <testcase time="0.00300000000000011" classname="count_labels" name="countBars_requires_choices_to_be_a_vector"/>
    <testcase time="0.00600000000000023" classname="count_labels" name="countBars_requires_choices_to_be_a_vector"/>
    <testcase time="0.00300000000000011" classname="count_labels" name="countBars_requires_countsmax_to_be_a_numeric_of_the_same_length_as_choices"/>
    <testcase time="0.00600000000000023" classname="count_labels" name="countBars_requires_countsmax_to_be_a_numeric_of_the_same_length_as_choices"/>
    <testcase time="0.00600000000000023" classname="count_labels" name="countBars_requires_countsmax_to_be_a_numeric_of_the_same_length_as_choices"/>
    <testcase time="0.00600000000000023" classname="count_labels" name="countBars_requires_countsmax_to_be_a_numeric_of_the_same_length_as_choices"/>
    <testcase time="0.00400000000000134" classname="count_labels" name="countBars_requires_counstnow_to_be_a_numeric_lower_than_countsmax_NULL_or_missing"/>
    <testcase time="0.00199999999999889" classname="count_labels" name="countBars_requires_counstnow_to_be_a_numeric_lower_than_countsmax_NULL_or_missing"/>
    <testcase time="0.00600000000000023" classname="count_labels" name="countBars_requires_counstnow_to_be_a_numeric_lower_than_countsmax_NULL_or_missing"/>
    <testcase time="0.00600000000000023" classname="count_labels" name="countBars_requires_counstnow_to_be_a_numeric_lower_than_countsmax_NULL_or_missing"/>
    <testcase time="0.00600000000000023" classname="count_labels" name="countBars_requires_counstnow_to_be_a_numeric_lower_than_countsmax_NULL_or_missing"/>
    <testcase time="0.00499999999999901" classname="count_labels" name="countBars_returns_a_list_of_countBar_s_"/>
  </testsuite>
  <testsuite name="filter_panel_api" timestamp="2023-03-29T13:20:59Z" hostname="ffe51751d536" tests="14" skipped="0" failures="0" errors="0" time="0.356">
    <testcase time="0.0159999999999982" classname="filter_panel_api" name="FilterPanelAPI_constructor_accepts_a_FilteredData_object"/>
    <testcase time="0.00700000000000145" classname="filter_panel_api" name="FilterPanelAPI_constructor_throws_error_with_a_non_FilteredData_object"/>
    <testcase time="0.00600000000000023" classname="filter_panel_api" name="FilterPanelAPI_constructor_throws_error_with_a_non_FilteredData_object"/>
    <testcase time="0.032" classname="filter_panel_api" name="FilterPanelAPI_set_filter_state_sets_filters_specified_by_the_named_list"/>
    <testcase time="0.0259999999999998" classname="filter_panel_api" name="FilterPanelAPI_get_filter_state_returns_list_identical_to_input_without_attribute"/>
    <testcase time="0.0160000000000018" classname="filter_panel_api" name="FilterPanelAPI_remove_filter_state_removes_filter_states_defined_in_the_list"/>
    <testcase time="0.0429999999999993" classname="filter_panel_api" name="FilterPanelAPI_clear_filter_states_removes_all_filters_of_datasets_in_FilterPanelAPI"/>
    <testcase time="0.0500000000000007" classname="filter_panel_api" name="FilterPanelAPI_clear_filter_states_remove_the_filters_of_the_desired_dataset_only"/>
    <testcase time="0.0539999999999985" classname="filter_panel_api" name="filter_panel_api_neutral_when_filter_panel_is_disabled"/>
    <testcase time="0.00199999999999889" classname="filter_panel_api" name="filter_panel_api_neutral_when_filter_panel_is_disabled"/>
    <testcase time="0.00300000000000011" classname="filter_panel_api" name="filter_panel_api_neutral_when_filter_panel_is_disabled"/>
    <testcase time="0.0560000000000009" classname="filter_panel_api" name="filter_panel_api_under_disable_enable_filter_panel"/>
    <testcase time="0.00199999999999889" classname="filter_panel_api" name="filter_panel_api_under_disable_enable_filter_panel"/>
    <testcase time="0.0429999999999993" classname="filter_panel_api" name="filter_panel_api_under_disable_enable_filter_panel"/>
  </testsuite>
  <testsuite name="get_supported_filter_varnames" timestamp="2023-03-29T13:21:00Z" hostname="ffe51751d536" tests="5" skipped="0" failures="0" errors="0" time="0.018">
    <testcase time="0.00800000000000267" classname="get_supported_filter_varnames" name="get_supported_filter_varnames_returns_character_0_for_an_empty_matrix"/>
    <testcase time="0.00199999999999889" classname="get_supported_filter_varnames" name="get_supported_filter_varnames_returns_character_0_for_an_empty_data.frame"/>
    <testcase time="0.00300000000000011" classname="get_supported_filter_varnames" name="get_supported_filter_varnames_returns_character_0_for_a_single_column_numeric_matrix"/>
    <testcase time="0.00199999999999889" classname="get_supported_filter_varnames" name="get_supported_filter_varnames_returns_character_0_for_a_single_column_of_NA_values"/>
    <testcase time="0.00300000000000011" classname="get_supported_filter_varnames" name="get_supported_filter_varnames_returns_column_names_for_a_non_empty_data.frame"/>
  </testsuite>
  <testsuite name="init_filter_state" timestamp="2023-03-29T13:21:00Z" hostname="ffe51751d536" tests="28" skipped="0" failures="0" errors="0" time="3.795">
    <testcase time="0.0110000000000028" classname="init_filter_state" name="init_filter_state_accepts_a_string_not_name_as_varname"/>
    <testcase time="0.00499999999999901" classname="init_filter_state" name="init_filter_state_accepts_a_string_not_name_as_varname"/>
    <testcase time="0.0069999999999979" classname="init_filter_state" name="init_filter_state_accepts_a_character_vector_of_length_0_or_1_as_varlabel"/>
    <testcase time="0.00600000000000023" classname="init_filter_state" name="init_filter_state_accepts_a_character_vector_of_length_0_or_1_as_varlabel"/>
    <testcase time="3.613" classname="init_filter_state" name="dataname_must_be_specified_if_extract_type_is_specified"/>
    <testcase time="0.00800000000000267" classname="init_filter_state" name="init_filter_state_accepts_character_as_extract_type"/>
    <testcase time="0.00499999999999901" classname="init_filter_state" name="init_filter_state_accepts_character_as_extract_type"/>
    <testcase time="0.00600000000000023" classname="init_filter_state" name="init_filter_state_accepts_character_as_extract_type"/>
    <testcase time="0.00700000000000145" classname="init_filter_state" name="init_filter_state_provides_default_values_for_varlabel_and_dataname"/>
    <testcase time="0.000999999999997669" classname="init_filter_state" name="init_filter_state_provides_default_values_for_varlabel_and_dataname"/>
    <testcase time="0.00900000000000034" classname="init_filter_state" name="init_filter_state_returns_an_EmptyFilterState_if_all_values_provided_are_NA"/>
    <testcase time="0.00700000000000145" classname="init_filter_state" name="init_filter_state_returns_a_ChoicesFilterState_if_passed_a_longer_numeric"/>
    <testcase time="0.0120000000000005" classname="init_filter_state" name="init_filter_state_returns_a_ChoicesFilterState_if_passed_a_longer_numeric"/>
    <testcase time="0.0069999999999979" classname="init_filter_state" name="init_filter_state_returns_a_ChoicesFilterState_object_if_passed_a_Date_object_of_length_1"/>
    <testcase time="0.00700000000000145" classname="init_filter_state" name="init_filter_state_returns_a_DateFilterState_object_if_passed_longer_a_Date_object"/>
    <testcase time="0.0069999999999979" classname="init_filter_state" name="init_filter_state_returns_a_DatetimeFilterState_object_if_passed_a_POSIXct_or_POSIXlt_of_length_1"/>
    <testcase time="0.00600000000000023" classname="init_filter_state" name="init_filter_state_returns_a_DatetimeFilterState_object_if_passed_a_POSIXct_or_POSIXlt_of_length_1"/>
    <testcase time="0.00800000000000267" classname="init_filter_state" name="init_filter_state_returns_a_DatetimeFilterState_object_if_passed_a_longer_POSIXct_or_POSIXlt"/>
    <testcase time="0.00599999999999667" classname="init_filter_state" name="init_filter_state_returns_a_DatetimeFilterState_object_if_passed_a_longer_POSIXct_or_POSIXlt"/>
    <testcase time="0.0120000000000005" classname="init_filter_state" name="init_filter_state_returns_a_RangeFilterState_if_passed_a_numeric_array_containing_Inf"/>
    <testcase time="0.00400000000000134" classname="init_filter_state" name="init_filter_state_returns_a_RangeFilterState_if_passed_a_numeric_array_containing_Inf"/>
    <testcase time="0.00700000000000145" classname="init_filter_state" name="init_filter_state_returns_a_ChoicesFilterState_if_passed_fewer_than_five_non_NA_elements"/>
    <testcase time="0.00399999999999778" classname="init_filter_state" name="init_filter_state_returns_a_ChoicesFilterState_if_passed_fewer_than_five_non_NA_elements"/>
    <testcase time="0.00700000000000145" classname="init_filter_state" name="init_filter_state_returns_a_ChoicesFilterState_if_passed_a_character_array"/>
    <testcase time="0.00399999999999778" classname="init_filter_state" name="init_filter_state_returns_a_ChoicesFilterState_if_passed_a_character_array"/>
    <testcase time="0.00700000000000145" classname="init_filter_state" name="init_filter_state_return_a_LogicalFilterState_if_passed_a_logical_array"/>
    <testcase time="0.00400000000000134" classname="init_filter_state" name="init_filter_state_return_a_LogicalFilterState_if_passed_a_logical_array"/>
    <testcase time="0.00799999999999912" classname="init_filter_state" name="init_filter_state_default_accepts_a_list"/>
  </testsuite>
  <testsuite name="init_filter_states" timestamp="2023-03-29T13:21:03Z" hostname="ffe51751d536" tests="8" skipped="0" failures="0" errors="0" time="0.032">
    <testcase time="0.0069999999999979" classname="init_filter_states" name="init_filter_states_returns_a_DFFilterStates_object_if_passed_an_empty_data.frame"/>
    <testcase time="0.00400000000000134" classname="init_filter_states" name="init_filter_states_returns_a_DFFilterStates_object_if_passed_an_empty_data.frame"/>
    <testcase time="0.00300000000000011" classname="init_filter_states" name="init_filter_states_returns_a_MatrixFilterStates_object_if_passed_an_empty_matrix"/>
    <testcase time="0.00400000000000134" classname="init_filter_states" name="init_filter_states_returns_a_MatrixFilterStates_object_if_passed_an_empty_matrix"/>
    <testcase time="0.00300000000000011" classname="init_filter_states" name="init_filter_states_returns_an_MAEFilterStates_object_if_passed_an_object_of_class_MAE"/>
    <testcase time="0.00399999999999778" classname="init_filter_states" name="init_filter_states_returns_an_MAEFilterStates_object_if_passed_an_object_of_class_MAE"/>
    <testcase time="0.00400000000000134" classname="init_filter_states" name="init_filter_states_returns_an_SEFilterStates_object_if_passed_an_object_of_class_SE"/>
    <testcase time="0.00300000000000011" classname="init_filter_states" name="init_filter_states_returns_an_SEFilterStates_object_if_passed_an_object_of_class_SE"/>
  </testsuite>
  <testsuite name="init_filtered_data" timestamp="2023-03-29T13:21:03Z" hostname="ffe51751d536" tests="8" skipped="0" failures="0" errors="0" time="0.087">
    <testcase time="0.0289999999999999" classname="init_filtered_data" name="init_filtered_data_accepts_a_TealData_object"/>
    <testcase time="0.0180000000000007" classname="init_filtered_data" name="init_filtered_data_accepts_a_CDISCTealData_with_mixed_CDISC_and_Dataset"/>
    <testcase time="0.00600000000000023" classname="init_filtered_data" name="init_filtered_data_accepts_a_list_of_data.frame_objects"/>
    <testcase time="0.0069999999999979" classname="init_filtered_data" name="init_filtered_data.default_asserts_x_has_unique_names"/>
    <testcase time="0.00700000000000145" classname="init_filtered_data" name="init_filtered_data.default_asserts_code_is_CodeClass_"/>
    <testcase time="0.00600000000000023" classname="init_filtered_data" name="init_filtered_data.default_accepts_NULL_passed_to_code"/>
    <testcase time="0.0069999999999979" classname="init_filtered_data" name="init_filtered_data.default_asserts_join_keys_is_JoinKeys_"/>
    <testcase time="0.00700000000000145" classname="init_filtered_data" name="init_filtered_data.default_asserts_check_is_logical_1_"/>
  </testsuite>
  <testsuite name="init_filtered_dataset" timestamp="2023-03-29T13:21:03Z" hostname="ffe51751d536" tests="4" skipped="0" failures="0" errors="0" time="0.083">
    <testcase time="0.00799999999999912" classname="init_filtered_dataset" name="init_filtered_dataset_returns_a_DefaultFilteredDataset_when_passed_a_data.frame"/>
    <testcase time="0.00400000000000134" classname="init_filtered_dataset" name="init_filtered_dataset_returns_a_DefaultFilteredDataset_when_passed_a_data.frame"/>
    <testcase time="0.0670000000000002" classname="init_filtered_dataset" name="init_filtered_dataset_returns_an_MAEFilteredDataset_when_passed_an_MAE"/>
    <testcase time="0.00399999999999778" classname="init_filtered_dataset" name="init_filtered_dataset_returns_an_MAEFilteredDataset_when_passed_an_MAE"/>
  </testsuite>
  <testsuite name="resolve_state" timestamp="2023-03-29T13:21:04Z" hostname="ffe51751d536" tests="11" skipped="0" failures="0" errors="0" time="0.036">
    <testcase time="0.00600000000000023" classname="resolve_state" name="resolve_state_returns_an_identical_list_if_all_fields_are_named"/>
    <testcase time="0.00200000000000244" classname="resolve_state" name="resolve_state_returns_a_list_regardless_of_names"/>
    <testcase time="0.00199999999999889" classname="resolve_state" name="resolve_state_do_not_change_the_class_of_any_named_field"/>
    <testcase time="0.00199999999999889" classname="resolve_state" name="resolve_state_changes_a_single_unnamed_field_into_selected"/>
    <testcase time="0.00600000000000023" classname="resolve_state" name="resolve_state_throws_when_passed_a_list_with_one_unnamed_element_and_a_selected_element"/>
    <testcase time="0.00300000000000011" classname="resolve_state" name="resolve_state_returns_list_with_selected_when_vectors_is_provided"/>
    <testcase time="0.00199999999999889" classname="resolve_state" name="resolve_state_returns_keep_na_TRUE_if_any_element_of_the_vector_has_NA"/>
    <testcase time="0.00200000000000244" classname="resolve_state" name="resolve_state_returns_keep_inf_TRUE_if_any_element_of_the_vector_has_Inf"/>
    <testcase time="0.00199999999999889" classname="resolve_state" name="resolve_state_for_default_filter_results_in_empty_list"/>
    <testcase time="0.00300000000000011" classname="resolve_state" name="resolve_state_for_empty_list_results_in_empty_list"/>
    <testcase time="0.00600000000000023" classname="resolve_state" name="resolve_state_throws_when_passed_a_list_with_more_than_one_unnamed_element"/>
  </testsuite>
  <testsuite name="utils" timestamp="2023-03-29T13:21:04Z" hostname="ffe51751d536" tests="2" skipped="0" failures="0" errors="0" time="0.031">
    <testcase time="0.00799999999999912" classname="utils" name="get_teal_bs_theme"/>
    <testcase time="0.0229999999999997" classname="utils" name="get_teal_bs_theme"/>
  </testsuite>
</testsuites>
